Copyright 1986-2020 Xilinx, Inc. All Rights Reserved.
-----------------------------------------------------------------------------------------------------------------------------------------------------------------------
| Tool Version : Vivado v.2020.1 (lin64) Build 2902540 Wed May 27 19:54:35 MDT 2020
| Date         : Fri Apr  1 12:07:30 2022
| Host         : sohun-XPS-13 running 64-bit Ubuntu 20.04.4 LTS
| Command      : report_methodology -file top_wrapper_methodology_drc_routed.rpt -pb top_wrapper_methodology_drc_routed.pb -rpx top_wrapper_methodology_drc_routed.rpx
| Design       : top_wrapper
| Device       : xc7z020clg400-1
| Speed File   : -1
| Design State : Fully Routed
-----------------------------------------------------------------------------------------------------------------------------------------------------------------------

Report Methodology

Table of Contents
-----------------
1. REPORT SUMMARY
2. REPORT DETAILS

1. REPORT SUMMARY
-----------------
            Netlist: netlist
          Floorplan: design_1
      Design limits: <entire design considered>
             Max violations: <unlimited>
             Violations found: 67
+-----------+----------+------------------------------+------------+
| Rule      | Severity | Description                  | Violations |
+-----------+----------+------------------------------+------------+
| LUTAR-1   | Warning  | LUT drives async reset alert | 3          |
| TIMING-23 | Warning  | Combinational loop found     | 64         |
+-----------+----------+------------------------------+------------+

2. REPORT DETAILS
-----------------
LUTAR-1#1 Warning
LUT drives async reset alert  
LUT cell top_i/axi_interconnect_0/s00_couplers/auto_pc/inst/gen_axi4_axi3.axi3_conv_inst/USE_WRITE.write_addr_inst/USE_BURSTS.cmd_queue/inst/fifo_gen_inst/inst_fifo_gen/gconvfifo.rf/grf.rf/rstblk/gc0.count_d1[4]_i_2, with 2 or more inputs, drives asynchronous preset/clear pin(s) top_i/axi_interconnect_0/s00_couplers/auto_pc/inst/gen_axi4_axi3.axi3_conv_inst/USE_WRITE.write_addr_inst/USE_BURSTS.cmd_queue/inst/fifo_gen_inst/inst_fifo_gen/gconvfifo.rf/grf.rf/gntv_or_sync_fifo.gl0.wr/gwss.wsts/ram_full_fb_i_reg/CLR,
top_i/axi_interconnect_0/s00_couplers/auto_pc/inst/gen_axi4_axi3.axi3_conv_inst/USE_WRITE.write_addr_inst/USE_BURSTS.cmd_queue/inst/fifo_gen_inst/inst_fifo_gen/gconvfifo.rf/grf.rf/gntv_or_sync_fifo.gl0.wr/gwss.wsts/ram_full_i_reg/CLR,
top_i/axi_interconnect_0/s00_couplers/auto_pc/inst/gen_axi4_axi3.axi3_conv_inst/USE_WRITE.write_addr_inst/USE_BURSTS.cmd_queue/inst/fifo_gen_inst/inst_fifo_gen/gconvfifo.rf/grf.rf/gntv_or_sync_fifo.gl0.wr/wpntr/gcc0.gc0.count_d1_reg[0]/CLR,
top_i/axi_interconnect_0/s00_couplers/auto_pc/inst/gen_axi4_axi3.axi3_conv_inst/USE_WRITE.write_addr_inst/USE_BURSTS.cmd_queue/inst/fifo_gen_inst/inst_fifo_gen/gconvfifo.rf/grf.rf/gntv_or_sync_fifo.gl0.wr/wpntr/gcc0.gc0.count_d1_reg[1]/CLR,
top_i/axi_interconnect_0/s00_couplers/auto_pc/inst/gen_axi4_axi3.axi3_conv_inst/USE_WRITE.write_addr_inst/USE_BURSTS.cmd_queue/inst/fifo_gen_inst/inst_fifo_gen/gconvfifo.rf/grf.rf/gntv_or_sync_fifo.gl0.wr/wpntr/gcc0.gc0.count_d1_reg[2]/CLR,
top_i/axi_interconnect_0/s00_couplers/auto_pc/inst/gen_axi4_axi3.axi3_conv_inst/USE_WRITE.write_addr_inst/USE_BURSTS.cmd_queue/inst/fifo_gen_inst/inst_fifo_gen/gconvfifo.rf/grf.rf/gntv_or_sync_fifo.gl0.wr/wpntr/gcc0.gc0.count_d1_reg[3]/CLR,
top_i/axi_interconnect_0/s00_couplers/auto_pc/inst/gen_axi4_axi3.axi3_conv_inst/USE_WRITE.write_addr_inst/USE_BURSTS.cmd_queue/inst/fifo_gen_inst/inst_fifo_gen/gconvfifo.rf/grf.rf/gntv_or_sync_fifo.gl0.wr/wpntr/gcc0.gc0.count_d1_reg[4]/CLR,
top_i/axi_interconnect_0/s00_couplers/auto_pc/inst/gen_axi4_axi3.axi3_conv_inst/USE_WRITE.write_addr_inst/USE_BURSTS.cmd_queue/inst/fifo_gen_inst/inst_fifo_gen/gconvfifo.rf/grf.rf/gntv_or_sync_fifo.gl0.wr/wpntr/gcc0.gc0.count_reg[1]/CLR,
top_i/axi_interconnect_0/s00_couplers/auto_pc/inst/gen_axi4_axi3.axi3_conv_inst/USE_WRITE.write_addr_inst/USE_BURSTS.cmd_queue/inst/fifo_gen_inst/inst_fifo_gen/gconvfifo.rf/grf.rf/gntv_or_sync_fifo.gl0.wr/wpntr/gcc0.gc0.count_reg[2]/CLR,
top_i/axi_interconnect_0/s00_couplers/auto_pc/inst/gen_axi4_axi3.axi3_conv_inst/USE_WRITE.write_addr_inst/USE_BURSTS.cmd_queue/inst/fifo_gen_inst/inst_fifo_gen/gconvfifo.rf/grf.rf/gntv_or_sync_fifo.gl0.wr/wpntr/gcc0.gc0.count_reg[3]/CLR,
top_i/axi_interconnect_0/s00_couplers/auto_pc/inst/gen_axi4_axi3.axi3_conv_inst/USE_WRITE.write_addr_inst/USE_BURSTS.cmd_queue/inst/fifo_gen_inst/inst_fifo_gen/gconvfifo.rf/grf.rf/gntv_or_sync_fifo.gl0.wr/wpntr/gcc0.gc0.count_reg[4]/CLR,
top_i/axi_interconnect_0/s00_couplers/auto_pc/inst/gen_axi4_axi3.axi3_conv_inst/USE_WRITE.write_addr_inst/USE_BURSTS.cmd_queue/inst/fifo_gen_inst/inst_fifo_gen/gconvfifo.rf/grf.rf/gntv_or_sync_fifo.gl0.wr/wpntr/gcc0.gc0.count_reg[0]/PRE,
top_i/axi_interconnect_0/s00_couplers/auto_pc/inst/gen_axi4_axi3.axi3_conv_inst/USE_WRITE.write_addr_inst/USE_BURSTS.cmd_queue/inst/fifo_gen_inst/inst_fifo_gen/gconvfifo.rf/grf.rf/gntv_or_sync_fifo.gl0.rd/rpntr/gc0.count_d1_reg[0]/CLR,
top_i/axi_interconnect_0/s00_couplers/auto_pc/inst/gen_axi4_axi3.axi3_conv_inst/USE_WRITE.write_addr_inst/USE_BURSTS.cmd_queue/inst/fifo_gen_inst/inst_fifo_gen/gconvfifo.rf/grf.rf/gntv_or_sync_fifo.gl0.rd/rpntr/gc0.count_d1_reg[1]/CLR,
top_i/axi_interconnect_0/s00_couplers/auto_pc/inst/gen_axi4_axi3.axi3_conv_inst/USE_WRITE.write_addr_inst/USE_BURSTS.cmd_queue/inst/fifo_gen_inst/inst_fifo_gen/gconvfifo.rf/grf.rf/gntv_or_sync_fifo.gl0.rd/rpntr/gc0.count_d1_reg[2]/CLR (the first 15 of 32 listed). The LUT may glitch and trigger an unexpected reset, even if it is a properly timed path.
Related violations: <none>

LUTAR-1#2 Warning
LUT drives async reset alert  
LUT cell top_i/axi_interconnect_0/s00_couplers/auto_pc/inst/gen_axi4_axi3.axi3_conv_inst/USE_WRITE.write_addr_inst/USE_B_CHANNEL.cmd_b_queue/inst/fifo_gen_inst/inst_fifo_gen/gconvfifo.rf/grf.rf/rstblk/gc0.count_d1[4]_i_2, with 2 or more inputs, drives asynchronous preset/clear pin(s) top_i/axi_interconnect_0/s00_couplers/auto_pc/inst/gen_axi4_axi3.axi3_conv_inst/USE_WRITE.write_addr_inst/USE_B_CHANNEL.cmd_b_queue/inst/fifo_gen_inst/inst_fifo_gen/gconvfifo.rf/grf.rf/gntv_or_sync_fifo.gl0.wr/gwss.wsts/ram_full_fb_i_reg/CLR,
top_i/axi_interconnect_0/s00_couplers/auto_pc/inst/gen_axi4_axi3.axi3_conv_inst/USE_WRITE.write_addr_inst/USE_B_CHANNEL.cmd_b_queue/inst/fifo_gen_inst/inst_fifo_gen/gconvfifo.rf/grf.rf/gntv_or_sync_fifo.gl0.wr/gwss.wsts/ram_full_i_reg/CLR,
top_i/axi_interconnect_0/s00_couplers/auto_pc/inst/gen_axi4_axi3.axi3_conv_inst/USE_WRITE.write_addr_inst/USE_B_CHANNEL.cmd_b_queue/inst/fifo_gen_inst/inst_fifo_gen/gconvfifo.rf/grf.rf/gntv_or_sync_fifo.gl0.wr/wpntr/gcc0.gc0.count_d1_reg[0]/CLR,
top_i/axi_interconnect_0/s00_couplers/auto_pc/inst/gen_axi4_axi3.axi3_conv_inst/USE_WRITE.write_addr_inst/USE_B_CHANNEL.cmd_b_queue/inst/fifo_gen_inst/inst_fifo_gen/gconvfifo.rf/grf.rf/gntv_or_sync_fifo.gl0.wr/wpntr/gcc0.gc0.count_d1_reg[1]/CLR,
top_i/axi_interconnect_0/s00_couplers/auto_pc/inst/gen_axi4_axi3.axi3_conv_inst/USE_WRITE.write_addr_inst/USE_B_CHANNEL.cmd_b_queue/inst/fifo_gen_inst/inst_fifo_gen/gconvfifo.rf/grf.rf/gntv_or_sync_fifo.gl0.wr/wpntr/gcc0.gc0.count_d1_reg[2]/CLR,
top_i/axi_interconnect_0/s00_couplers/auto_pc/inst/gen_axi4_axi3.axi3_conv_inst/USE_WRITE.write_addr_inst/USE_B_CHANNEL.cmd_b_queue/inst/fifo_gen_inst/inst_fifo_gen/gconvfifo.rf/grf.rf/gntv_or_sync_fifo.gl0.wr/wpntr/gcc0.gc0.count_d1_reg[3]/CLR,
top_i/axi_interconnect_0/s00_couplers/auto_pc/inst/gen_axi4_axi3.axi3_conv_inst/USE_WRITE.write_addr_inst/USE_B_CHANNEL.cmd_b_queue/inst/fifo_gen_inst/inst_fifo_gen/gconvfifo.rf/grf.rf/gntv_or_sync_fifo.gl0.wr/wpntr/gcc0.gc0.count_d1_reg[4]/CLR,
top_i/axi_interconnect_0/s00_couplers/auto_pc/inst/gen_axi4_axi3.axi3_conv_inst/USE_WRITE.write_addr_inst/USE_B_CHANNEL.cmd_b_queue/inst/fifo_gen_inst/inst_fifo_gen/gconvfifo.rf/grf.rf/gntv_or_sync_fifo.gl0.wr/wpntr/gcc0.gc0.count_reg[1]/CLR,
top_i/axi_interconnect_0/s00_couplers/auto_pc/inst/gen_axi4_axi3.axi3_conv_inst/USE_WRITE.write_addr_inst/USE_B_CHANNEL.cmd_b_queue/inst/fifo_gen_inst/inst_fifo_gen/gconvfifo.rf/grf.rf/gntv_or_sync_fifo.gl0.wr/wpntr/gcc0.gc0.count_reg[2]/CLR,
top_i/axi_interconnect_0/s00_couplers/auto_pc/inst/gen_axi4_axi3.axi3_conv_inst/USE_WRITE.write_addr_inst/USE_B_CHANNEL.cmd_b_queue/inst/fifo_gen_inst/inst_fifo_gen/gconvfifo.rf/grf.rf/gntv_or_sync_fifo.gl0.wr/wpntr/gcc0.gc0.count_reg[3]/CLR,
top_i/axi_interconnect_0/s00_couplers/auto_pc/inst/gen_axi4_axi3.axi3_conv_inst/USE_WRITE.write_addr_inst/USE_B_CHANNEL.cmd_b_queue/inst/fifo_gen_inst/inst_fifo_gen/gconvfifo.rf/grf.rf/gntv_or_sync_fifo.gl0.wr/wpntr/gcc0.gc0.count_reg[4]/CLR,
top_i/axi_interconnect_0/s00_couplers/auto_pc/inst/gen_axi4_axi3.axi3_conv_inst/USE_WRITE.write_addr_inst/USE_B_CHANNEL.cmd_b_queue/inst/fifo_gen_inst/inst_fifo_gen/gconvfifo.rf/grf.rf/gntv_or_sync_fifo.gl0.wr/wpntr/gcc0.gc0.count_reg[0]/PRE,
top_i/axi_interconnect_0/s00_couplers/auto_pc/inst/gen_axi4_axi3.axi3_conv_inst/USE_WRITE.write_addr_inst/USE_B_CHANNEL.cmd_b_queue/inst/fifo_gen_inst/inst_fifo_gen/gconvfifo.rf/grf.rf/gntv_or_sync_fifo.gl0.rd/rpntr/gc0.count_d1_reg[0]/CLR,
top_i/axi_interconnect_0/s00_couplers/auto_pc/inst/gen_axi4_axi3.axi3_conv_inst/USE_WRITE.write_addr_inst/USE_B_CHANNEL.cmd_b_queue/inst/fifo_gen_inst/inst_fifo_gen/gconvfifo.rf/grf.rf/gntv_or_sync_fifo.gl0.rd/rpntr/gc0.count_d1_reg[1]/CLR,
top_i/axi_interconnect_0/s00_couplers/auto_pc/inst/gen_axi4_axi3.axi3_conv_inst/USE_WRITE.write_addr_inst/USE_B_CHANNEL.cmd_b_queue/inst/fifo_gen_inst/inst_fifo_gen/gconvfifo.rf/grf.rf/gntv_or_sync_fifo.gl0.rd/rpntr/gc0.count_d1_reg[2]/CLR (the first 15 of 32 listed). The LUT may glitch and trigger an unexpected reset, even if it is a properly timed path.
Related violations: <none>

LUTAR-1#3 Warning
LUT drives async reset alert  
LUT cell top_i/axi_interconnect_1/s00_couplers/auto_pc/inst/gen_axi4_axi3.axi3_conv_inst/USE_READ.USE_SPLIT_R.read_addr_inst/USE_R_CHANNEL.cmd_queue/inst/fifo_gen_inst/inst_fifo_gen/gconvfifo.rf/grf.rf/rstblk/gc0.count_d1[4]_i_2, with 2 or more inputs, drives asynchronous preset/clear pin(s) top_i/axi_interconnect_1/s00_couplers/auto_pc/inst/gen_axi4_axi3.axi3_conv_inst/USE_READ.USE_SPLIT_R.read_addr_inst/USE_R_CHANNEL.cmd_queue/inst/fifo_gen_inst/inst_fifo_gen/gconvfifo.rf/grf.rf/gntv_or_sync_fifo.gl0.rd/rpntr/gc0.count_d1_reg[0]/CLR,
top_i/axi_interconnect_1/s00_couplers/auto_pc/inst/gen_axi4_axi3.axi3_conv_inst/USE_READ.USE_SPLIT_R.read_addr_inst/USE_R_CHANNEL.cmd_queue/inst/fifo_gen_inst/inst_fifo_gen/gconvfifo.rf/grf.rf/gntv_or_sync_fifo.gl0.rd/rpntr/gc0.count_d1_reg[1]/CLR,
top_i/axi_interconnect_1/s00_couplers/auto_pc/inst/gen_axi4_axi3.axi3_conv_inst/USE_READ.USE_SPLIT_R.read_addr_inst/USE_R_CHANNEL.cmd_queue/inst/fifo_gen_inst/inst_fifo_gen/gconvfifo.rf/grf.rf/gntv_or_sync_fifo.gl0.rd/rpntr/gc0.count_d1_reg[2]/CLR,
top_i/axi_interconnect_1/s00_couplers/auto_pc/inst/gen_axi4_axi3.axi3_conv_inst/USE_READ.USE_SPLIT_R.read_addr_inst/USE_R_CHANNEL.cmd_queue/inst/fifo_gen_inst/inst_fifo_gen/gconvfifo.rf/grf.rf/gntv_or_sync_fifo.gl0.rd/rpntr/gc0.count_d1_reg[3]/CLR,
top_i/axi_interconnect_1/s00_couplers/auto_pc/inst/gen_axi4_axi3.axi3_conv_inst/USE_READ.USE_SPLIT_R.read_addr_inst/USE_R_CHANNEL.cmd_queue/inst/fifo_gen_inst/inst_fifo_gen/gconvfifo.rf/grf.rf/gntv_or_sync_fifo.gl0.rd/rpntr/gc0.count_d1_reg[4]/CLR,
top_i/axi_interconnect_1/s00_couplers/auto_pc/inst/gen_axi4_axi3.axi3_conv_inst/USE_READ.USE_SPLIT_R.read_addr_inst/USE_R_CHANNEL.cmd_queue/inst/fifo_gen_inst/inst_fifo_gen/gconvfifo.rf/grf.rf/gntv_or_sync_fifo.gl0.rd/rpntr/gc0.count_reg[1]/CLR,
top_i/axi_interconnect_1/s00_couplers/auto_pc/inst/gen_axi4_axi3.axi3_conv_inst/USE_READ.USE_SPLIT_R.read_addr_inst/USE_R_CHANNEL.cmd_queue/inst/fifo_gen_inst/inst_fifo_gen/gconvfifo.rf/grf.rf/gntv_or_sync_fifo.gl0.rd/rpntr/gc0.count_reg[2]/CLR,
top_i/axi_interconnect_1/s00_couplers/auto_pc/inst/gen_axi4_axi3.axi3_conv_inst/USE_READ.USE_SPLIT_R.read_addr_inst/USE_R_CHANNEL.cmd_queue/inst/fifo_gen_inst/inst_fifo_gen/gconvfifo.rf/grf.rf/gntv_or_sync_fifo.gl0.rd/rpntr/gc0.count_reg[3]/CLR,
top_i/axi_interconnect_1/s00_couplers/auto_pc/inst/gen_axi4_axi3.axi3_conv_inst/USE_READ.USE_SPLIT_R.read_addr_inst/USE_R_CHANNEL.cmd_queue/inst/fifo_gen_inst/inst_fifo_gen/gconvfifo.rf/grf.rf/gntv_or_sync_fifo.gl0.rd/rpntr/gc0.count_reg[4]/CLR,
top_i/axi_interconnect_1/s00_couplers/auto_pc/inst/gen_axi4_axi3.axi3_conv_inst/USE_READ.USE_SPLIT_R.read_addr_inst/USE_R_CHANNEL.cmd_queue/inst/fifo_gen_inst/inst_fifo_gen/gconvfifo.rf/grf.rf/gntv_or_sync_fifo.gl0.rd/rpntr/gc0.count_reg[0]/PRE,
top_i/axi_interconnect_1/s00_couplers/auto_pc/inst/gen_axi4_axi3.axi3_conv_inst/USE_READ.USE_SPLIT_R.read_addr_inst/USE_R_CHANNEL.cmd_queue/inst/fifo_gen_inst/inst_fifo_gen/gconvfifo.rf/grf.rf/gntv_or_sync_fifo.gl0.rd/gr1.gr1_int.rfwft/gpregsm1.curr_fwft_state_reg[0]/CLR,
top_i/axi_interconnect_1/s00_couplers/auto_pc/inst/gen_axi4_axi3.axi3_conv_inst/USE_READ.USE_SPLIT_R.read_addr_inst/USE_R_CHANNEL.cmd_queue/inst/fifo_gen_inst/inst_fifo_gen/gconvfifo.rf/grf.rf/gntv_or_sync_fifo.gl0.rd/gr1.gr1_int.rfwft/gpregsm1.curr_fwft_state_reg[1]/CLR,
top_i/axi_interconnect_1/s00_couplers/auto_pc/inst/gen_axi4_axi3.axi3_conv_inst/USE_READ.USE_SPLIT_R.read_addr_inst/USE_R_CHANNEL.cmd_queue/inst/fifo_gen_inst/inst_fifo_gen/gconvfifo.rf/grf.rf/gntv_or_sync_fifo.gl0.rd/gr1.gr1_int.rfwft/gpregsm1.user_valid_reg/CLR,
top_i/axi_interconnect_1/s00_couplers/auto_pc/inst/gen_axi4_axi3.axi3_conv_inst/USE_READ.USE_SPLIT_R.read_addr_inst/USE_R_CHANNEL.cmd_queue/inst/fifo_gen_inst/inst_fifo_gen/gconvfifo.rf/grf.rf/gntv_or_sync_fifo.gl0.rd/gr1.gr1_int.rfwft/aempty_fwft_fb_i_reg/PRE,
top_i/axi_interconnect_1/s00_couplers/auto_pc/inst/gen_axi4_axi3.axi3_conv_inst/USE_READ.USE_SPLIT_R.read_addr_inst/USE_R_CHANNEL.cmd_queue/inst/fifo_gen_inst/inst_fifo_gen/gconvfifo.rf/grf.rf/gntv_or_sync_fifo.gl0.rd/gr1.gr1_int.rfwft/aempty_fwft_i_reg/PRE (the first 15 of 32 listed). The LUT may glitch and trigger an unexpected reset, even if it is a properly timed path.
Related violations: <none>

TIMING-23#1 Warning
Combinational loop found  
A timing loop has been detected on a combinational path. A timing arc has been disabled between top_i/MorrisLecar_0/inst/fptrunc_64ns_32_2_no_dsp_1_U58/MorrisLecar_ap_fptrunc_0_no_dsp_64_u/V_o[0]_INST_0/I4 and top_i/MorrisLecar_0/inst/fptrunc_64ns_32_2_no_dsp_1_U58/MorrisLecar_ap_fptrunc_0_no_dsp_64_u/V_o[0]_INST_0/O to disable the timing loop
Related violations: <none>

TIMING-23#2 Warning
Combinational loop found  
A timing loop has been detected on a combinational path. A timing arc has been disabled between top_i/MorrisLecar_0/inst/fptrunc_64ns_32_2_no_dsp_1_U58/MorrisLecar_ap_fptrunc_0_no_dsp_64_u/V_o[10]_INST_0/I4 and top_i/MorrisLecar_0/inst/fptrunc_64ns_32_2_no_dsp_1_U58/MorrisLecar_ap_fptrunc_0_no_dsp_64_u/V_o[10]_INST_0/O to disable the timing loop
Related violations: <none>

TIMING-23#3 Warning
Combinational loop found  
A timing loop has been detected on a combinational path. A timing arc has been disabled between top_i/MorrisLecar_0/inst/fptrunc_64ns_32_2_no_dsp_1_U58/MorrisLecar_ap_fptrunc_0_no_dsp_64_u/V_o[11]_INST_0/I4 and top_i/MorrisLecar_0/inst/fptrunc_64ns_32_2_no_dsp_1_U58/MorrisLecar_ap_fptrunc_0_no_dsp_64_u/V_o[11]_INST_0/O to disable the timing loop
Related violations: <none>

TIMING-23#4 Warning
Combinational loop found  
A timing loop has been detected on a combinational path. A timing arc has been disabled between top_i/MorrisLecar_0/inst/fptrunc_64ns_32_2_no_dsp_1_U58/MorrisLecar_ap_fptrunc_0_no_dsp_64_u/V_o[12]_INST_0/I4 and top_i/MorrisLecar_0/inst/fptrunc_64ns_32_2_no_dsp_1_U58/MorrisLecar_ap_fptrunc_0_no_dsp_64_u/V_o[12]_INST_0/O to disable the timing loop
Related violations: <none>

TIMING-23#5 Warning
Combinational loop found  
A timing loop has been detected on a combinational path. A timing arc has been disabled between top_i/MorrisLecar_0/inst/fptrunc_64ns_32_2_no_dsp_1_U58/MorrisLecar_ap_fptrunc_0_no_dsp_64_u/V_o[13]_INST_0/I4 and top_i/MorrisLecar_0/inst/fptrunc_64ns_32_2_no_dsp_1_U58/MorrisLecar_ap_fptrunc_0_no_dsp_64_u/V_o[13]_INST_0/O to disable the timing loop
Related violations: <none>

TIMING-23#6 Warning
Combinational loop found  
A timing loop has been detected on a combinational path. A timing arc has been disabled between top_i/MorrisLecar_0/inst/fptrunc_64ns_32_2_no_dsp_1_U58/MorrisLecar_ap_fptrunc_0_no_dsp_64_u/V_o[14]_INST_0/I4 and top_i/MorrisLecar_0/inst/fptrunc_64ns_32_2_no_dsp_1_U58/MorrisLecar_ap_fptrunc_0_no_dsp_64_u/V_o[14]_INST_0/O to disable the timing loop
Related violations: <none>

TIMING-23#7 Warning
Combinational loop found  
A timing loop has been detected on a combinational path. A timing arc has been disabled between top_i/MorrisLecar_0/inst/fptrunc_64ns_32_2_no_dsp_1_U58/MorrisLecar_ap_fptrunc_0_no_dsp_64_u/V_o[15]_INST_0/I4 and top_i/MorrisLecar_0/inst/fptrunc_64ns_32_2_no_dsp_1_U58/MorrisLecar_ap_fptrunc_0_no_dsp_64_u/V_o[15]_INST_0/O to disable the timing loop
Related violations: <none>

TIMING-23#8 Warning
Combinational loop found  
A timing loop has been detected on a combinational path. A timing arc has been disabled between top_i/MorrisLecar_0/inst/fptrunc_64ns_32_2_no_dsp_1_U58/MorrisLecar_ap_fptrunc_0_no_dsp_64_u/V_o[16]_INST_0/I4 and top_i/MorrisLecar_0/inst/fptrunc_64ns_32_2_no_dsp_1_U58/MorrisLecar_ap_fptrunc_0_no_dsp_64_u/V_o[16]_INST_0/O to disable the timing loop
Related violations: <none>

TIMING-23#9 Warning
Combinational loop found  
A timing loop has been detected on a combinational path. A timing arc has been disabled between top_i/MorrisLecar_0/inst/fptrunc_64ns_32_2_no_dsp_1_U58/MorrisLecar_ap_fptrunc_0_no_dsp_64_u/V_o[17]_INST_0/I4 and top_i/MorrisLecar_0/inst/fptrunc_64ns_32_2_no_dsp_1_U58/MorrisLecar_ap_fptrunc_0_no_dsp_64_u/V_o[17]_INST_0/O to disable the timing loop
Related violations: <none>

TIMING-23#10 Warning
Combinational loop found  
A timing loop has been detected on a combinational path. A timing arc has been disabled between top_i/MorrisLecar_0/inst/fptrunc_64ns_32_2_no_dsp_1_U58/MorrisLecar_ap_fptrunc_0_no_dsp_64_u/V_o[18]_INST_0/I4 and top_i/MorrisLecar_0/inst/fptrunc_64ns_32_2_no_dsp_1_U58/MorrisLecar_ap_fptrunc_0_no_dsp_64_u/V_o[18]_INST_0/O to disable the timing loop
Related violations: <none>

TIMING-23#11 Warning
Combinational loop found  
A timing loop has been detected on a combinational path. A timing arc has been disabled between top_i/MorrisLecar_0/inst/fptrunc_64ns_32_2_no_dsp_1_U58/MorrisLecar_ap_fptrunc_0_no_dsp_64_u/V_o[19]_INST_0/I4 and top_i/MorrisLecar_0/inst/fptrunc_64ns_32_2_no_dsp_1_U58/MorrisLecar_ap_fptrunc_0_no_dsp_64_u/V_o[19]_INST_0/O to disable the timing loop
Related violations: <none>

TIMING-23#12 Warning
Combinational loop found  
A timing loop has been detected on a combinational path. A timing arc has been disabled between top_i/MorrisLecar_0/inst/fptrunc_64ns_32_2_no_dsp_1_U58/MorrisLecar_ap_fptrunc_0_no_dsp_64_u/V_o[1]_INST_0/I4 and top_i/MorrisLecar_0/inst/fptrunc_64ns_32_2_no_dsp_1_U58/MorrisLecar_ap_fptrunc_0_no_dsp_64_u/V_o[1]_INST_0/O to disable the timing loop
Related violations: <none>

TIMING-23#13 Warning
Combinational loop found  
A timing loop has been detected on a combinational path. A timing arc has been disabled between top_i/MorrisLecar_0/inst/fptrunc_64ns_32_2_no_dsp_1_U58/MorrisLecar_ap_fptrunc_0_no_dsp_64_u/V_o[20]_INST_0/I4 and top_i/MorrisLecar_0/inst/fptrunc_64ns_32_2_no_dsp_1_U58/MorrisLecar_ap_fptrunc_0_no_dsp_64_u/V_o[20]_INST_0/O to disable the timing loop
Related violations: <none>

TIMING-23#14 Warning
Combinational loop found  
A timing loop has been detected on a combinational path. A timing arc has been disabled between top_i/MorrisLecar_0/inst/fptrunc_64ns_32_2_no_dsp_1_U58/MorrisLecar_ap_fptrunc_0_no_dsp_64_u/V_o[21]_INST_0/I4 and top_i/MorrisLecar_0/inst/fptrunc_64ns_32_2_no_dsp_1_U58/MorrisLecar_ap_fptrunc_0_no_dsp_64_u/V_o[21]_INST_0/O to disable the timing loop
Related violations: <none>

TIMING-23#15 Warning
Combinational loop found  
A timing loop has been detected on a combinational path. A timing arc has been disabled between top_i/MorrisLecar_0/inst/fptrunc_64ns_32_2_no_dsp_1_U58/MorrisLecar_ap_fptrunc_0_no_dsp_64_u/V_o[22]_INST_0/I4 and top_i/MorrisLecar_0/inst/fptrunc_64ns_32_2_no_dsp_1_U58/MorrisLecar_ap_fptrunc_0_no_dsp_64_u/V_o[22]_INST_0/O to disable the timing loop
Related violations: <none>

TIMING-23#16 Warning
Combinational loop found  
A timing loop has been detected on a combinational path. A timing arc has been disabled between top_i/MorrisLecar_0/inst/fptrunc_64ns_32_2_no_dsp_1_U58/MorrisLecar_ap_fptrunc_0_no_dsp_64_u/V_o[23]_INST_0/I4 and top_i/MorrisLecar_0/inst/fptrunc_64ns_32_2_no_dsp_1_U58/MorrisLecar_ap_fptrunc_0_no_dsp_64_u/V_o[23]_INST_0/O to disable the timing loop
Related violations: <none>

TIMING-23#17 Warning
Combinational loop found  
A timing loop has been detected on a combinational path. A timing arc has been disabled between top_i/MorrisLecar_0/inst/fptrunc_64ns_32_2_no_dsp_1_U58/MorrisLecar_ap_fptrunc_0_no_dsp_64_u/V_o[24]_INST_0/I4 and top_i/MorrisLecar_0/inst/fptrunc_64ns_32_2_no_dsp_1_U58/MorrisLecar_ap_fptrunc_0_no_dsp_64_u/V_o[24]_INST_0/O to disable the timing loop
Related violations: <none>

TIMING-23#18 Warning
Combinational loop found  
A timing loop has been detected on a combinational path. A timing arc has been disabled between top_i/MorrisLecar_0/inst/fptrunc_64ns_32_2_no_dsp_1_U58/MorrisLecar_ap_fptrunc_0_no_dsp_64_u/V_o[25]_INST_0/I4 and top_i/MorrisLecar_0/inst/fptrunc_64ns_32_2_no_dsp_1_U58/MorrisLecar_ap_fptrunc_0_no_dsp_64_u/V_o[25]_INST_0/O to disable the timing loop
Related violations: <none>

TIMING-23#19 Warning
Combinational loop found  
A timing loop has been detected on a combinational path. A timing arc has been disabled between top_i/MorrisLecar_0/inst/fptrunc_64ns_32_2_no_dsp_1_U58/MorrisLecar_ap_fptrunc_0_no_dsp_64_u/V_o[26]_INST_0/I4 and top_i/MorrisLecar_0/inst/fptrunc_64ns_32_2_no_dsp_1_U58/MorrisLecar_ap_fptrunc_0_no_dsp_64_u/V_o[26]_INST_0/O to disable the timing loop
Related violations: <none>

TIMING-23#20 Warning
Combinational loop found  
A timing loop has been detected on a combinational path. A timing arc has been disabled between top_i/MorrisLecar_0/inst/fptrunc_64ns_32_2_no_dsp_1_U58/MorrisLecar_ap_fptrunc_0_no_dsp_64_u/V_o[27]_INST_0/I4 and top_i/MorrisLecar_0/inst/fptrunc_64ns_32_2_no_dsp_1_U58/MorrisLecar_ap_fptrunc_0_no_dsp_64_u/V_o[27]_INST_0/O to disable the timing loop
Related violations: <none>

TIMING-23#21 Warning
Combinational loop found  
A timing loop has been detected on a combinational path. A timing arc has been disabled between top_i/MorrisLecar_0/inst/fptrunc_64ns_32_2_no_dsp_1_U58/MorrisLecar_ap_fptrunc_0_no_dsp_64_u/V_o[28]_INST_0/I4 and top_i/MorrisLecar_0/inst/fptrunc_64ns_32_2_no_dsp_1_U58/MorrisLecar_ap_fptrunc_0_no_dsp_64_u/V_o[28]_INST_0/O to disable the timing loop
Related violations: <none>

TIMING-23#22 Warning
Combinational loop found  
A timing loop has been detected on a combinational path. A timing arc has been disabled between top_i/MorrisLecar_0/inst/fptrunc_64ns_32_2_no_dsp_1_U58/MorrisLecar_ap_fptrunc_0_no_dsp_64_u/V_o[29]_INST_0/I4 and top_i/MorrisLecar_0/inst/fptrunc_64ns_32_2_no_dsp_1_U58/MorrisLecar_ap_fptrunc_0_no_dsp_64_u/V_o[29]_INST_0/O to disable the timing loop
Related violations: <none>

TIMING-23#23 Warning
Combinational loop found  
A timing loop has been detected on a combinational path. A timing arc has been disabled between top_i/MorrisLecar_0/inst/fptrunc_64ns_32_2_no_dsp_1_U58/MorrisLecar_ap_fptrunc_0_no_dsp_64_u/V_o[2]_INST_0/I4 and top_i/MorrisLecar_0/inst/fptrunc_64ns_32_2_no_dsp_1_U58/MorrisLecar_ap_fptrunc_0_no_dsp_64_u/V_o[2]_INST_0/O to disable the timing loop
Related violations: <none>

TIMING-23#24 Warning
Combinational loop found  
A timing loop has been detected on a combinational path. A timing arc has been disabled between top_i/MorrisLecar_0/inst/fptrunc_64ns_32_2_no_dsp_1_U58/MorrisLecar_ap_fptrunc_0_no_dsp_64_u/V_o[30]_INST_0/I4 and top_i/MorrisLecar_0/inst/fptrunc_64ns_32_2_no_dsp_1_U58/MorrisLecar_ap_fptrunc_0_no_dsp_64_u/V_o[30]_INST_0/O to disable the timing loop
Related violations: <none>

TIMING-23#25 Warning
Combinational loop found  
A timing loop has been detected on a combinational path. A timing arc has been disabled between top_i/MorrisLecar_0/inst/fptrunc_64ns_32_2_no_dsp_1_U58/MorrisLecar_ap_fptrunc_0_no_dsp_64_u/V_o[31]_INST_0/I4 and top_i/MorrisLecar_0/inst/fptrunc_64ns_32_2_no_dsp_1_U58/MorrisLecar_ap_fptrunc_0_no_dsp_64_u/V_o[31]_INST_0/O to disable the timing loop
Related violations: <none>

TIMING-23#26 Warning
Combinational loop found  
A timing loop has been detected on a combinational path. A timing arc has been disabled between top_i/MorrisLecar_0/inst/fptrunc_64ns_32_2_no_dsp_1_U58/MorrisLecar_ap_fptrunc_0_no_dsp_64_u/V_o[3]_INST_0/I4 and top_i/MorrisLecar_0/inst/fptrunc_64ns_32_2_no_dsp_1_U58/MorrisLecar_ap_fptrunc_0_no_dsp_64_u/V_o[3]_INST_0/O to disable the timing loop
Related violations: <none>

TIMING-23#27 Warning
Combinational loop found  
A timing loop has been detected on a combinational path. A timing arc has been disabled between top_i/MorrisLecar_0/inst/fptrunc_64ns_32_2_no_dsp_1_U58/MorrisLecar_ap_fptrunc_0_no_dsp_64_u/V_o[4]_INST_0/I4 and top_i/MorrisLecar_0/inst/fptrunc_64ns_32_2_no_dsp_1_U58/MorrisLecar_ap_fptrunc_0_no_dsp_64_u/V_o[4]_INST_0/O to disable the timing loop
Related violations: <none>

TIMING-23#28 Warning
Combinational loop found  
A timing loop has been detected on a combinational path. A timing arc has been disabled between top_i/MorrisLecar_0/inst/fptrunc_64ns_32_2_no_dsp_1_U58/MorrisLecar_ap_fptrunc_0_no_dsp_64_u/V_o[5]_INST_0/I4 and top_i/MorrisLecar_0/inst/fptrunc_64ns_32_2_no_dsp_1_U58/MorrisLecar_ap_fptrunc_0_no_dsp_64_u/V_o[5]_INST_0/O to disable the timing loop
Related violations: <none>

TIMING-23#29 Warning
Combinational loop found  
A timing loop has been detected on a combinational path. A timing arc has been disabled between top_i/MorrisLecar_0/inst/fptrunc_64ns_32_2_no_dsp_1_U58/MorrisLecar_ap_fptrunc_0_no_dsp_64_u/V_o[6]_INST_0/I4 and top_i/MorrisLecar_0/inst/fptrunc_64ns_32_2_no_dsp_1_U58/MorrisLecar_ap_fptrunc_0_no_dsp_64_u/V_o[6]_INST_0/O to disable the timing loop
Related violations: <none>

TIMING-23#30 Warning
Combinational loop found  
A timing loop has been detected on a combinational path. A timing arc has been disabled between top_i/MorrisLecar_0/inst/fptrunc_64ns_32_2_no_dsp_1_U58/MorrisLecar_ap_fptrunc_0_no_dsp_64_u/V_o[7]_INST_0/I4 and top_i/MorrisLecar_0/inst/fptrunc_64ns_32_2_no_dsp_1_U58/MorrisLecar_ap_fptrunc_0_no_dsp_64_u/V_o[7]_INST_0/O to disable the timing loop
Related violations: <none>

TIMING-23#31 Warning
Combinational loop found  
A timing loop has been detected on a combinational path. A timing arc has been disabled between top_i/MorrisLecar_0/inst/fptrunc_64ns_32_2_no_dsp_1_U58/MorrisLecar_ap_fptrunc_0_no_dsp_64_u/V_o[8]_INST_0/I4 and top_i/MorrisLecar_0/inst/fptrunc_64ns_32_2_no_dsp_1_U58/MorrisLecar_ap_fptrunc_0_no_dsp_64_u/V_o[8]_INST_0/O to disable the timing loop
Related violations: <none>

TIMING-23#32 Warning
Combinational loop found  
A timing loop has been detected on a combinational path. A timing arc has been disabled between top_i/MorrisLecar_0/inst/fptrunc_64ns_32_2_no_dsp_1_U58/MorrisLecar_ap_fptrunc_0_no_dsp_64_u/V_o[9]_INST_0/I4 and top_i/MorrisLecar_0/inst/fptrunc_64ns_32_2_no_dsp_1_U58/MorrisLecar_ap_fptrunc_0_no_dsp_64_u/V_o[9]_INST_0/O to disable the timing loop
Related violations: <none>

TIMING-23#33 Warning
Combinational loop found  
A timing loop has been detected on a combinational path. A timing arc has been disabled between top_i/MorrisLecar_0/inst/fptrunc_64ns_32_2_no_dsp_1_U58/MorrisLecar_ap_fptrunc_0_no_dsp_64_u/W_o[0]_INST_0/I4 and top_i/MorrisLecar_0/inst/fptrunc_64ns_32_2_no_dsp_1_U58/MorrisLecar_ap_fptrunc_0_no_dsp_64_u/W_o[0]_INST_0/O to disable the timing loop
Related violations: <none>

TIMING-23#34 Warning
Combinational loop found  
A timing loop has been detected on a combinational path. A timing arc has been disabled between top_i/MorrisLecar_0/inst/fptrunc_64ns_32_2_no_dsp_1_U58/MorrisLecar_ap_fptrunc_0_no_dsp_64_u/W_o[10]_INST_0/I4 and top_i/MorrisLecar_0/inst/fptrunc_64ns_32_2_no_dsp_1_U58/MorrisLecar_ap_fptrunc_0_no_dsp_64_u/W_o[10]_INST_0/O to disable the timing loop
Related violations: <none>

TIMING-23#35 Warning
Combinational loop found  
A timing loop has been detected on a combinational path. A timing arc has been disabled between top_i/MorrisLecar_0/inst/fptrunc_64ns_32_2_no_dsp_1_U58/MorrisLecar_ap_fptrunc_0_no_dsp_64_u/W_o[11]_INST_0/I4 and top_i/MorrisLecar_0/inst/fptrunc_64ns_32_2_no_dsp_1_U58/MorrisLecar_ap_fptrunc_0_no_dsp_64_u/W_o[11]_INST_0/O to disable the timing loop
Related violations: <none>

TIMING-23#36 Warning
Combinational loop found  
A timing loop has been detected on a combinational path. A timing arc has been disabled between top_i/MorrisLecar_0/inst/fptrunc_64ns_32_2_no_dsp_1_U58/MorrisLecar_ap_fptrunc_0_no_dsp_64_u/W_o[12]_INST_0/I4 and top_i/MorrisLecar_0/inst/fptrunc_64ns_32_2_no_dsp_1_U58/MorrisLecar_ap_fptrunc_0_no_dsp_64_u/W_o[12]_INST_0/O to disable the timing loop
Related violations: <none>

TIMING-23#37 Warning
Combinational loop found  
A timing loop has been detected on a combinational path. A timing arc has been disabled between top_i/MorrisLecar_0/inst/fptrunc_64ns_32_2_no_dsp_1_U58/MorrisLecar_ap_fptrunc_0_no_dsp_64_u/W_o[13]_INST_0/I4 and top_i/MorrisLecar_0/inst/fptrunc_64ns_32_2_no_dsp_1_U58/MorrisLecar_ap_fptrunc_0_no_dsp_64_u/W_o[13]_INST_0/O to disable the timing loop
Related violations: <none>

TIMING-23#38 Warning
Combinational loop found  
A timing loop has been detected on a combinational path. A timing arc has been disabled between top_i/MorrisLecar_0/inst/fptrunc_64ns_32_2_no_dsp_1_U58/MorrisLecar_ap_fptrunc_0_no_dsp_64_u/W_o[14]_INST_0/I4 and top_i/MorrisLecar_0/inst/fptrunc_64ns_32_2_no_dsp_1_U58/MorrisLecar_ap_fptrunc_0_no_dsp_64_u/W_o[14]_INST_0/O to disable the timing loop
Related violations: <none>

TIMING-23#39 Warning
Combinational loop found  
A timing loop has been detected on a combinational path. A timing arc has been disabled between top_i/MorrisLecar_0/inst/fptrunc_64ns_32_2_no_dsp_1_U58/MorrisLecar_ap_fptrunc_0_no_dsp_64_u/W_o[15]_INST_0/I4 and top_i/MorrisLecar_0/inst/fptrunc_64ns_32_2_no_dsp_1_U58/MorrisLecar_ap_fptrunc_0_no_dsp_64_u/W_o[15]_INST_0/O to disable the timing loop
Related violations: <none>

TIMING-23#40 Warning
Combinational loop found  
A timing loop has been detected on a combinational path. A timing arc has been disabled between top_i/MorrisLecar_0/inst/fptrunc_64ns_32_2_no_dsp_1_U58/MorrisLecar_ap_fptrunc_0_no_dsp_64_u/W_o[16]_INST_0/I4 and top_i/MorrisLecar_0/inst/fptrunc_64ns_32_2_no_dsp_1_U58/MorrisLecar_ap_fptrunc_0_no_dsp_64_u/W_o[16]_INST_0/O to disable the timing loop
Related violations: <none>

TIMING-23#41 Warning
Combinational loop found  
A timing loop has been detected on a combinational path. A timing arc has been disabled between top_i/MorrisLecar_0/inst/fptrunc_64ns_32_2_no_dsp_1_U58/MorrisLecar_ap_fptrunc_0_no_dsp_64_u/W_o[17]_INST_0/I4 and top_i/MorrisLecar_0/inst/fptrunc_64ns_32_2_no_dsp_1_U58/MorrisLecar_ap_fptrunc_0_no_dsp_64_u/W_o[17]_INST_0/O to disable the timing loop
Related violations: <none>

TIMING-23#42 Warning
Combinational loop found  
A timing loop has been detected on a combinational path. A timing arc has been disabled between top_i/MorrisLecar_0/inst/fptrunc_64ns_32_2_no_dsp_1_U58/MorrisLecar_ap_fptrunc_0_no_dsp_64_u/W_o[18]_INST_0/I4 and top_i/MorrisLecar_0/inst/fptrunc_64ns_32_2_no_dsp_1_U58/MorrisLecar_ap_fptrunc_0_no_dsp_64_u/W_o[18]_INST_0/O to disable the timing loop
Related violations: <none>

TIMING-23#43 Warning
Combinational loop found  
A timing loop has been detected on a combinational path. A timing arc has been disabled between top_i/MorrisLecar_0/inst/fptrunc_64ns_32_2_no_dsp_1_U58/MorrisLecar_ap_fptrunc_0_no_dsp_64_u/W_o[19]_INST_0/I4 and top_i/MorrisLecar_0/inst/fptrunc_64ns_32_2_no_dsp_1_U58/MorrisLecar_ap_fptrunc_0_no_dsp_64_u/W_o[19]_INST_0/O to disable the timing loop
Related violations: <none>

TIMING-23#44 Warning
Combinational loop found  
A timing loop has been detected on a combinational path. A timing arc has been disabled between top_i/MorrisLecar_0/inst/fptrunc_64ns_32_2_no_dsp_1_U58/MorrisLecar_ap_fptrunc_0_no_dsp_64_u/W_o[1]_INST_0/I4 and top_i/MorrisLecar_0/inst/fptrunc_64ns_32_2_no_dsp_1_U58/MorrisLecar_ap_fptrunc_0_no_dsp_64_u/W_o[1]_INST_0/O to disable the timing loop
Related violations: <none>

TIMING-23#45 Warning
Combinational loop found  
A timing loop has been detected on a combinational path. A timing arc has been disabled between top_i/MorrisLecar_0/inst/fptrunc_64ns_32_2_no_dsp_1_U58/MorrisLecar_ap_fptrunc_0_no_dsp_64_u/W_o[20]_INST_0/I4 and top_i/MorrisLecar_0/inst/fptrunc_64ns_32_2_no_dsp_1_U58/MorrisLecar_ap_fptrunc_0_no_dsp_64_u/W_o[20]_INST_0/O to disable the timing loop
Related violations: <none>

TIMING-23#46 Warning
Combinational loop found  
A timing loop has been detected on a combinational path. A timing arc has been disabled between top_i/MorrisLecar_0/inst/fptrunc_64ns_32_2_no_dsp_1_U58/MorrisLecar_ap_fptrunc_0_no_dsp_64_u/W_o[21]_INST_0/I4 and top_i/MorrisLecar_0/inst/fptrunc_64ns_32_2_no_dsp_1_U58/MorrisLecar_ap_fptrunc_0_no_dsp_64_u/W_o[21]_INST_0/O to disable the timing loop
Related violations: <none>

TIMING-23#47 Warning
Combinational loop found  
A timing loop has been detected on a combinational path. A timing arc has been disabled between top_i/MorrisLecar_0/inst/fptrunc_64ns_32_2_no_dsp_1_U58/MorrisLecar_ap_fptrunc_0_no_dsp_64_u/W_o[22]_INST_0/I4 and top_i/MorrisLecar_0/inst/fptrunc_64ns_32_2_no_dsp_1_U58/MorrisLecar_ap_fptrunc_0_no_dsp_64_u/W_o[22]_INST_0/O to disable the timing loop
Related violations: <none>

TIMING-23#48 Warning
Combinational loop found  
A timing loop has been detected on a combinational path. A timing arc has been disabled between top_i/MorrisLecar_0/inst/fptrunc_64ns_32_2_no_dsp_1_U58/MorrisLecar_ap_fptrunc_0_no_dsp_64_u/W_o[23]_INST_0/I4 and top_i/MorrisLecar_0/inst/fptrunc_64ns_32_2_no_dsp_1_U58/MorrisLecar_ap_fptrunc_0_no_dsp_64_u/W_o[23]_INST_0/O to disable the timing loop
Related violations: <none>

TIMING-23#49 Warning
Combinational loop found  
A timing loop has been detected on a combinational path. A timing arc has been disabled between top_i/MorrisLecar_0/inst/fptrunc_64ns_32_2_no_dsp_1_U58/MorrisLecar_ap_fptrunc_0_no_dsp_64_u/W_o[24]_INST_0/I4 and top_i/MorrisLecar_0/inst/fptrunc_64ns_32_2_no_dsp_1_U58/MorrisLecar_ap_fptrunc_0_no_dsp_64_u/W_o[24]_INST_0/O to disable the timing loop
Related violations: <none>

TIMING-23#50 Warning
Combinational loop found  
A timing loop has been detected on a combinational path. A timing arc has been disabled between top_i/MorrisLecar_0/inst/fptrunc_64ns_32_2_no_dsp_1_U58/MorrisLecar_ap_fptrunc_0_no_dsp_64_u/W_o[25]_INST_0/I4 and top_i/MorrisLecar_0/inst/fptrunc_64ns_32_2_no_dsp_1_U58/MorrisLecar_ap_fptrunc_0_no_dsp_64_u/W_o[25]_INST_0/O to disable the timing loop
Related violations: <none>

TIMING-23#51 Warning
Combinational loop found  
A timing loop has been detected on a combinational path. A timing arc has been disabled between top_i/MorrisLecar_0/inst/fptrunc_64ns_32_2_no_dsp_1_U58/MorrisLecar_ap_fptrunc_0_no_dsp_64_u/W_o[26]_INST_0/I4 and top_i/MorrisLecar_0/inst/fptrunc_64ns_32_2_no_dsp_1_U58/MorrisLecar_ap_fptrunc_0_no_dsp_64_u/W_o[26]_INST_0/O to disable the timing loop
Related violations: <none>

TIMING-23#52 Warning
Combinational loop found  
A timing loop has been detected on a combinational path. A timing arc has been disabled between top_i/MorrisLecar_0/inst/fptrunc_64ns_32_2_no_dsp_1_U58/MorrisLecar_ap_fptrunc_0_no_dsp_64_u/W_o[27]_INST_0/I4 and top_i/MorrisLecar_0/inst/fptrunc_64ns_32_2_no_dsp_1_U58/MorrisLecar_ap_fptrunc_0_no_dsp_64_u/W_o[27]_INST_0/O to disable the timing loop
Related violations: <none>

TIMING-23#53 Warning
Combinational loop found  
A timing loop has been detected on a combinational path. A timing arc has been disabled between top_i/MorrisLecar_0/inst/fptrunc_64ns_32_2_no_dsp_1_U58/MorrisLecar_ap_fptrunc_0_no_dsp_64_u/W_o[28]_INST_0/I4 and top_i/MorrisLecar_0/inst/fptrunc_64ns_32_2_no_dsp_1_U58/MorrisLecar_ap_fptrunc_0_no_dsp_64_u/W_o[28]_INST_0/O to disable the timing loop
Related violations: <none>

TIMING-23#54 Warning
Combinational loop found  
A timing loop has been detected on a combinational path. A timing arc has been disabled between top_i/MorrisLecar_0/inst/fptrunc_64ns_32_2_no_dsp_1_U58/MorrisLecar_ap_fptrunc_0_no_dsp_64_u/W_o[29]_INST_0/I4 and top_i/MorrisLecar_0/inst/fptrunc_64ns_32_2_no_dsp_1_U58/MorrisLecar_ap_fptrunc_0_no_dsp_64_u/W_o[29]_INST_0/O to disable the timing loop
Related violations: <none>

TIMING-23#55 Warning
Combinational loop found  
A timing loop has been detected on a combinational path. A timing arc has been disabled between top_i/MorrisLecar_0/inst/fptrunc_64ns_32_2_no_dsp_1_U58/MorrisLecar_ap_fptrunc_0_no_dsp_64_u/W_o[2]_INST_0/I4 and top_i/MorrisLecar_0/inst/fptrunc_64ns_32_2_no_dsp_1_U58/MorrisLecar_ap_fptrunc_0_no_dsp_64_u/W_o[2]_INST_0/O to disable the timing loop
Related violations: <none>

TIMING-23#56 Warning
Combinational loop found  
A timing loop has been detected on a combinational path. A timing arc has been disabled between top_i/MorrisLecar_0/inst/fptrunc_64ns_32_2_no_dsp_1_U58/MorrisLecar_ap_fptrunc_0_no_dsp_64_u/W_o[30]_INST_0/I4 and top_i/MorrisLecar_0/inst/fptrunc_64ns_32_2_no_dsp_1_U58/MorrisLecar_ap_fptrunc_0_no_dsp_64_u/W_o[30]_INST_0/O to disable the timing loop
Related violations: <none>

TIMING-23#57 Warning
Combinational loop found  
A timing loop has been detected on a combinational path. A timing arc has been disabled between top_i/MorrisLecar_0/inst/fptrunc_64ns_32_2_no_dsp_1_U58/MorrisLecar_ap_fptrunc_0_no_dsp_64_u/W_o[31]_INST_0/I4 and top_i/MorrisLecar_0/inst/fptrunc_64ns_32_2_no_dsp_1_U58/MorrisLecar_ap_fptrunc_0_no_dsp_64_u/W_o[31]_INST_0/O to disable the timing loop
Related violations: <none>

TIMING-23#58 Warning
Combinational loop found  
A timing loop has been detected on a combinational path. A timing arc has been disabled between top_i/MorrisLecar_0/inst/fptrunc_64ns_32_2_no_dsp_1_U58/MorrisLecar_ap_fptrunc_0_no_dsp_64_u/W_o[3]_INST_0/I4 and top_i/MorrisLecar_0/inst/fptrunc_64ns_32_2_no_dsp_1_U58/MorrisLecar_ap_fptrunc_0_no_dsp_64_u/W_o[3]_INST_0/O to disable the timing loop
Related violations: <none>

TIMING-23#59 Warning
Combinational loop found  
A timing loop has been detected on a combinational path. A timing arc has been disabled between top_i/MorrisLecar_0/inst/fptrunc_64ns_32_2_no_dsp_1_U58/MorrisLecar_ap_fptrunc_0_no_dsp_64_u/W_o[4]_INST_0/I4 and top_i/MorrisLecar_0/inst/fptrunc_64ns_32_2_no_dsp_1_U58/MorrisLecar_ap_fptrunc_0_no_dsp_64_u/W_o[4]_INST_0/O to disable the timing loop
Related violations: <none>

TIMING-23#60 Warning
Combinational loop found  
A timing loop has been detected on a combinational path. A timing arc has been disabled between top_i/MorrisLecar_0/inst/fptrunc_64ns_32_2_no_dsp_1_U58/MorrisLecar_ap_fptrunc_0_no_dsp_64_u/W_o[5]_INST_0/I4 and top_i/MorrisLecar_0/inst/fptrunc_64ns_32_2_no_dsp_1_U58/MorrisLecar_ap_fptrunc_0_no_dsp_64_u/W_o[5]_INST_0/O to disable the timing loop
Related violations: <none>

TIMING-23#61 Warning
Combinational loop found  
A timing loop has been detected on a combinational path. A timing arc has been disabled between top_i/MorrisLecar_0/inst/fptrunc_64ns_32_2_no_dsp_1_U58/MorrisLecar_ap_fptrunc_0_no_dsp_64_u/W_o[6]_INST_0/I4 and top_i/MorrisLecar_0/inst/fptrunc_64ns_32_2_no_dsp_1_U58/MorrisLecar_ap_fptrunc_0_no_dsp_64_u/W_o[6]_INST_0/O to disable the timing loop
Related violations: <none>

TIMING-23#62 Warning
Combinational loop found  
A timing loop has been detected on a combinational path. A timing arc has been disabled between top_i/MorrisLecar_0/inst/fptrunc_64ns_32_2_no_dsp_1_U58/MorrisLecar_ap_fptrunc_0_no_dsp_64_u/W_o[7]_INST_0/I4 and top_i/MorrisLecar_0/inst/fptrunc_64ns_32_2_no_dsp_1_U58/MorrisLecar_ap_fptrunc_0_no_dsp_64_u/W_o[7]_INST_0/O to disable the timing loop
Related violations: <none>

TIMING-23#63 Warning
Combinational loop found  
A timing loop has been detected on a combinational path. A timing arc has been disabled between top_i/MorrisLecar_0/inst/fptrunc_64ns_32_2_no_dsp_1_U58/MorrisLecar_ap_fptrunc_0_no_dsp_64_u/W_o[8]_INST_0/I4 and top_i/MorrisLecar_0/inst/fptrunc_64ns_32_2_no_dsp_1_U58/MorrisLecar_ap_fptrunc_0_no_dsp_64_u/W_o[8]_INST_0/O to disable the timing loop
Related violations: <none>

TIMING-23#64 Warning
Combinational loop found  
A timing loop has been detected on a combinational path. A timing arc has been disabled between top_i/MorrisLecar_0/inst/fptrunc_64ns_32_2_no_dsp_1_U58/MorrisLecar_ap_fptrunc_0_no_dsp_64_u/W_o[9]_INST_0/I4 and top_i/MorrisLecar_0/inst/fptrunc_64ns_32_2_no_dsp_1_U58/MorrisLecar_ap_fptrunc_0_no_dsp_64_u/W_o[9]_INST_0/O to disable the timing loop
Related violations: <none>


