

================================================================
== Vitis HLS Report for 'big_mult_v3_111_17_s'
================================================================
* Date:           Wed Jan  1 00:01:04 2020

* Version:        2020.1 (Build 2902540 on Wed May 27 20:16:15 MDT 2020)
* Project:        MorrisLecar
* Solution:       MorrisLecar (Vivado IP Flow Target)
* Product family: zynq
* Target device:  xc7z020-clg400-1


================================================================
== Performance Estimates
================================================================
+ Timing: 
    * Summary: 
    +--------+----------+----------+------------+
    |  Clock |  Target  | Estimated| Uncertainty|
    +--------+----------+----------+------------+
    |ap_clk  | 10.00 ns | 7.442 ns |   2.70 ns  |
    +--------+----------+----------+------------+

+ Latency: 
    * Summary: 
    +---------+---------+----------+----------+-----+-----+---------+
    |  Latency (cycles) |  Latency (absolute) |  Interval | Pipeline|
    |   min   |   max   |    min   |    max   | min | max |   Type  |
    +---------+---------+----------+----------+-----+-----+---------+
    |      411|      411| 4.110 us | 4.110 us |  411|  411|   none  |
    +---------+---------+----------+----------+-----+-----+---------+

    + Detail: 
        * Instance: 
        N/A

        * Loop: 
        +-------------+---------+---------+----------+-----------+-----------+------+----------+
        |             |  Latency (cycles) | Iteration|  Initiation Interval  | Trip |          |
        |  Loop Name  |   min   |   max   |  Latency |  achieved |   target  | Count| Pipelined|
        +-------------+---------+---------+----------+-----------+-----------+------+----------+
        |- Loop 1     |      273|      273|        39|          -|          -|     7|    no    |
        | + Loop 1.1  |       35|       35|         5|          -|          -|     7|    no    |
        |- Loop 2     |      117|      117|         9|          9|          1|    13|    yes   |
        |- Loop 3     |       15|       15|         3|          1|          1|    14|    yes   |
        +-------------+---------+---------+----------+-----------+-----------+------+----------+

============================================================
+ Verbose Summary: Synthesis Manager
============================================================
InlineROM: 1
ExposeGlobal: 0
============================================================
+ Verbose Summary: CDFG Model
============================================================
IsTopModel: 0
ResetActiveHigh: 1
IsCombinational: 0
IsDatapathOnly: 0
HasWiredReturn: 1
HasMFsm: 0
HasVarLatency: 1
IsPipeline: 0
IsRtlPipelined: 0
IsInstanceOverlapped: 0
IsDontTouch: 0
HasImplIP: 0
IsGatedGlobalClock: 0

+ Individual pipeline summary: 
  * Pipeline-0: initiation interval (II) = 9, depth = 9
  * Pipeline-1: initiation interval (II) = 1, depth = 3


============================================================
+ Verbose Summary: Schedule
============================================================
* Number of FSM states : 24
* Pipeline : 2
  Pipeline-0 : II = 9, D = 9, States = { 11 12 13 14 15 16 17 18 19 }
  Pipeline-1 : II = 1, D = 3, States = { 21 22 23 }
* Dataflow Pipeline: 0

* FSM state transitions: 
1 --> 2 
2 --> 3 10 
3 --> 4 
4 --> 5 
5 --> 6 2 
6 --> 7 
7 --> 8 
8 --> 9 
9 --> 5 
10 --> 11 
11 --> 20 12 
12 --> 13 
13 --> 14 
14 --> 15 
15 --> 16 
16 --> 17 
17 --> 18 
18 --> 19 
19 --> 11 
20 --> 21 
21 --> 22 
22 --> 24 23 
23 --> 21 
24 --> 

* FSM state operations: 

State 1 <SV = 0> <Delay = 1.76>
ST_1 : Operation 25 [1/1] (0.00ns)   --->   "%a_read = read i95 @_ssdm_op_Read.ap_auto.i95, i95 %a"   --->   Operation 25 'read' 'a_read' <Predicate = true> <Delay = 0.00>
ST_1 : Operation 26 [1/1] (0.00ns)   --->   "%a_cast = zext i95 %a_read"   --->   Operation 26 'zext' 'a_cast' <Predicate = true> <Delay = 0.00>
ST_1 : Operation 27 [1/1] (0.00ns)   --->   "%pp_V = alloca i64" [/wrk/2020.1/continuous/2020_05_27_2902540/src/shared/hls/clib/hlsmath/include/FloatingPoint/hls_big_mult.h:221]   --->   Operation 27 'alloca' 'pp_V' <Predicate = true> <Delay = 0.00> <CoreInst = "RAM">   --->   Core 23 'RAM' <Latency = 1> <II = 1> <Delay = 3.25> <Storage> <Opcode : 'load' 'store'> <Ports = 2> <Width = 34> <Depth = 49> <RAM>
ST_1 : Operation 28 [1/1] (0.00ns)   --->   "%pp_V_addr = getelementptr i34 %pp_V, i64, i64" [/wrk/2020.1/continuous/2020_05_27_2902540/src/shared/hls/clib/hlsmath/include/FloatingPoint/hls_big_mult.h:232]   --->   Operation 28 'getelementptr' 'pp_V_addr' <Predicate = true> <Delay = 0.00>
ST_1 : Operation 29 [1/1] (0.00ns)   --->   "%pps_V = alloca i64" [/wrk/2020.1/continuous/2020_05_27_2902540/src/shared/hls/clib/hlsmath/include/FloatingPoint/hls_big_mult.h:231]   --->   Operation 29 'alloca' 'pps_V' <Predicate = true> <Delay = 0.00> <CoreInst = "RAM">   --->   Core 23 'RAM' <Latency = 1> <II = 1> <Delay = 2.32> <Storage> <Opcode : 'load' 'store'> <Ports = 2> <Width = 37> <Depth = 14> <RAM>
ST_1 : Operation 30 [1/1] (1.76ns)   --->   "%br_ln223 = br void" [/wrk/2020.1/continuous/2020_05_27_2902540/src/shared/hls/clib/hlsmath/include/FloatingPoint/hls_big_mult.h:223]   --->   Operation 30 'br' 'br_ln223' <Predicate = true> <Delay = 1.76>

State 2 <SV = 1> <Delay = 3.25>
ST_2 : Operation 31 [1/1] (0.00ns)   --->   "%i = phi i3, void, i3 %indvars_iv_next81, void"   --->   Operation 31 'phi' 'i' <Predicate = true> <Delay = 0.00>
ST_2 : Operation 32 [1/1] (0.00ns)   --->   "%zext_ln227 = zext i3 %i" [/wrk/2020.1/continuous/2020_05_27_2902540/src/shared/hls/clib/hlsmath/include/FloatingPoint/hls_big_mult.h:227]   --->   Operation 32 'zext' 'zext_ln227' <Predicate = true> <Delay = 0.00>
ST_2 : Operation 33 [1/1] (0.00ns)   --->   "%tmp = bitconcatenate i6 @_ssdm_op_BitConcatenate.i6.i3.i3, i3 %i, i3" [/wrk/2020.1/continuous/2020_05_27_2902540/src/shared/hls/clib/hlsmath/include/FloatingPoint/hls_big_mult.h:227]   --->   Operation 33 'bitconcatenate' 'tmp' <Predicate = true> <Delay = 0.00>
ST_2 : Operation 34 [1/1] (1.82ns)   --->   "%sub_ln227 = sub i6 %tmp, i6 %zext_ln227" [/wrk/2020.1/continuous/2020_05_27_2902540/src/shared/hls/clib/hlsmath/include/FloatingPoint/hls_big_mult.h:227]   --->   Operation 34 'sub' 'sub_ln227' <Predicate = true> <Delay = 1.82> <CoreInst = "Adder">   --->   Core 1 'Adder' <Latency = 0> <II = 1> <Delay = 1.87> <FuncUnit> <Opcode : 'add' 'sub'> <InPorts = 2> <OutPorts = 1>
ST_2 : Operation 35 [1/1] (1.13ns)   --->   "%icmp_ln223 = icmp_eq  i3 %i, i3" [/wrk/2020.1/continuous/2020_05_27_2902540/src/shared/hls/clib/hlsmath/include/FloatingPoint/hls_big_mult.h:223]   --->   Operation 35 'icmp' 'icmp_ln223' <Predicate = true> <Delay = 1.13> <CoreInst = "Cmp">   --->   Core 10 'Cmp' <Latency = 0> <II = 1> <Delay = 1.48> <FuncUnit> <Opcode : 'icmp'> <InPorts = 2> <OutPorts = 1>
ST_2 : Operation 36 [1/1] (0.00ns)   --->   "%empty = speclooptripcount i32 @_ssdm_op_SpecLoopTripCount, i64, i64, i64"   --->   Operation 36 'speclooptripcount' 'empty' <Predicate = true> <Delay = 0.00>
ST_2 : Operation 37 [1/1] (1.65ns)   --->   "%indvars_iv_next81 = add i3 %i, i3"   --->   Operation 37 'add' 'indvars_iv_next81' <Predicate = true> <Delay = 1.65> <CoreInst = "Adder">   --->   Core 1 'Adder' <Latency = 0> <II = 1> <Delay = 1.87> <FuncUnit> <Opcode : 'add' 'sub'> <InPorts = 2> <OutPorts = 1>
ST_2 : Operation 38 [1/1] (0.00ns)   --->   "%br_ln223 = br i1 %icmp_ln223, void %.split6, void %bb88" [/wrk/2020.1/continuous/2020_05_27_2902540/src/shared/hls/clib/hlsmath/include/FloatingPoint/hls_big_mult.h:223]   --->   Operation 38 'br' 'br_ln223' <Predicate = true> <Delay = 0.00>
ST_2 : Operation 39 [1/1] (1.13ns)   --->   "%cmp8 = icmp_eq  i3 %i, i3"   --->   Operation 39 'icmp' 'cmp8' <Predicate = (!icmp_ln223)> <Delay = 1.13> <CoreInst = "Cmp">   --->   Core 10 'Cmp' <Latency = 0> <II = 1> <Delay = 1.48> <FuncUnit> <Opcode : 'icmp'> <InPorts = 2> <OutPorts = 1>
ST_2 : Operation 40 [1/1] (0.00ns)   --->   "%tmp_s = bitconcatenate i7 @_ssdm_op_BitConcatenate.i7.i3.i4, i3 %i, i4"   --->   Operation 40 'bitconcatenate' 'tmp_s' <Predicate = (!icmp_ln223)> <Delay = 0.00>
ST_2 : Operation 41 [1/1] (0.00ns)   --->   "%tmp19 = bitconcatenate i5 @_ssdm_op_BitConcatenate.i5.i2.i3, i2, i3 %i"   --->   Operation 41 'bitconcatenate' 'tmp19' <Predicate = (!icmp_ln223)> <Delay = 0.00>
ST_2 : Operation 42 [1/1] (0.00ns)   --->   "%tmp_cast = zext i5 %tmp19"   --->   Operation 42 'zext' 'tmp_cast' <Predicate = (!icmp_ln223)> <Delay = 0.00>
ST_2 : Operation 43 [1/1] (1.87ns)   --->   "%empty_63 = add i7 %tmp_cast, i7 %tmp_s"   --->   Operation 43 'add' 'empty_63' <Predicate = (!icmp_ln223)> <Delay = 1.87> <CoreInst = "Adder">   --->   Core 1 'Adder' <Latency = 0> <II = 1> <Delay = 1.87> <FuncUnit> <Opcode : 'add' 'sub'> <InPorts = 2> <OutPorts = 1>
ST_2 : Operation 44 [1/1] (0.99ns)   --->   "%Ui = select i1 %cmp8, i7, i7 %empty_63"   --->   Operation 44 'select' 'Ui' <Predicate = (!icmp_ln223)> <Delay = 0.99> <CoreInst = "Sel">   --->   Core 11 'Sel' <Latency = 0> <II = 1> <Delay = 0.99> <FuncUnit> <Opcode : 'select'> <InPorts = 3> <OutPorts = 1>
ST_2 : Operation 45 [2/2] (3.25ns)   --->   "%pp_V_load = load i6 %pp_V_addr"   --->   Operation 45 'load' 'pp_V_load' <Predicate = (icmp_ln223)> <Delay = 3.25> <CoreInst = "RAM">   --->   Core 23 'RAM' <Latency = 1> <II = 1> <Delay = 3.25> <Storage> <Opcode : 'load' 'store'> <Ports = 2> <Width = 34> <Depth = 49> <RAM>

State 3 <SV = 2> <Delay = 6.77>
ST_3 : Operation 46 [1/1] (0.00ns)   --->   "%add_ln = bitconcatenate i7 @_ssdm_op_BitConcatenate.i7.i3.i1.i3, i3 %i, i1, i3 %i"   --->   Operation 46 'bitconcatenate' 'add_ln' <Predicate = true> <Delay = 0.00>
ST_3 : Operation 47 [1/1] (1.48ns)   --->   "%icmp_ln311 = icmp_ugt  i7 %add_ln, i7 %Ui"   --->   Operation 47 'icmp' 'icmp_ln311' <Predicate = true> <Delay = 1.48> <CoreInst = "Cmp">   --->   Core 10 'Cmp' <Latency = 0> <II = 1> <Delay = 1.48> <FuncUnit> <Opcode : 'icmp'> <InPorts = 2> <OutPorts = 1>
ST_3 : Operation 48 [1/1] (0.00ns) (grouped into LUT with out node lshr_ln311)   --->   "%tmp_26 = partselect i111 @llvm.part.select.i111, i111 %a_cast, i32, i32"   --->   Operation 48 'partselect' 'tmp_26' <Predicate = true> <Delay = 0.00>
ST_3 : Operation 49 [1/1] (1.87ns)   --->   "%sub_ln311 = sub i7 %add_ln, i7 %Ui"   --->   Operation 49 'sub' 'sub_ln311' <Predicate = true> <Delay = 1.87> <CoreInst = "Adder">   --->   Core 1 'Adder' <Latency = 0> <II = 1> <Delay = 1.87> <FuncUnit> <Opcode : 'add' 'sub'> <InPorts = 2> <OutPorts = 1>
ST_3 : Operation 50 [1/1] (1.87ns)   --->   "%sub_ln311_1 = sub i7, i7 %add_ln"   --->   Operation 50 'sub' 'sub_ln311_1' <Predicate = true> <Delay = 1.87> <CoreInst = "Adder">   --->   Core 1 'Adder' <Latency = 0> <II = 1> <Delay = 1.87> <FuncUnit> <Opcode : 'add' 'sub'> <InPorts = 2> <OutPorts = 1>
ST_3 : Operation 51 [1/1] (1.87ns)   --->   "%sub_ln311_2 = sub i7 %Ui, i7 %add_ln"   --->   Operation 51 'sub' 'sub_ln311_2' <Predicate = true> <Delay = 1.87> <CoreInst = "Adder">   --->   Core 1 'Adder' <Latency = 0> <II = 1> <Delay = 1.87> <FuncUnit> <Opcode : 'add' 'sub'> <InPorts = 2> <OutPorts = 1>
ST_3 : Operation 52 [1/1] (0.00ns) (grouped into LUT with out node sub_ln311_3)   --->   "%select_ln311 = select i1 %icmp_ln311, i7 %sub_ln311, i7 %sub_ln311_2"   --->   Operation 52 'select' 'select_ln311' <Predicate = true> <Delay = 0.00> <CoreInst = "Sel">   --->   Core 11 'Sel' <Latency = 0> <II = 1> <Delay = 0.99> <FuncUnit> <Opcode : 'select'> <InPorts = 3> <OutPorts = 1>
ST_3 : Operation 53 [1/1] (0.00ns) (grouped into LUT with out node lshr_ln311)   --->   "%select_ln311_1 = select i1 %icmp_ln311, i111 %tmp_26, i111 %a_cast"   --->   Operation 53 'select' 'select_ln311_1' <Predicate = true> <Delay = 0.00> <CoreInst = "Sel">   --->   Core 11 'Sel' <Latency = 0> <II = 1> <Delay = 0.99> <FuncUnit> <Opcode : 'select'> <InPorts = 3> <OutPorts = 1>
ST_3 : Operation 54 [1/1] (0.00ns) (grouped into LUT with out node lshr_ln311)   --->   "%select_ln311_2 = select i1 %icmp_ln311, i7 %sub_ln311_1, i7 %add_ln"   --->   Operation 54 'select' 'select_ln311_2' <Predicate = true> <Delay = 0.00> <CoreInst = "Sel">   --->   Core 11 'Sel' <Latency = 0> <II = 1> <Delay = 0.99> <FuncUnit> <Opcode : 'select'> <InPorts = 3> <OutPorts = 1>
ST_3 : Operation 55 [1/1] (1.87ns) (out node of the LUT)   --->   "%sub_ln311_3 = sub i7, i7 %select_ln311"   --->   Operation 55 'sub' 'sub_ln311_3' <Predicate = true> <Delay = 1.87> <CoreInst = "Adder">   --->   Core 1 'Adder' <Latency = 0> <II = 1> <Delay = 1.87> <FuncUnit> <Opcode : 'add' 'sub'> <InPorts = 2> <OutPorts = 1>
ST_3 : Operation 56 [1/1] (0.00ns) (grouped into LUT with out node lshr_ln311)   --->   "%zext_ln311 = zext i7 %select_ln311_2"   --->   Operation 56 'zext' 'zext_ln311' <Predicate = true> <Delay = 0.00>
ST_3 : Operation 57 [1/1] (4.90ns) (out node of the LUT)   --->   "%lshr_ln311 = lshr i111 %select_ln311_1, i111 %zext_ln311"   --->   Operation 57 'lshr' 'lshr_ln311' <Predicate = true> <Delay = 4.90> <CoreInst = "Shift">   --->   Core 13 'Shift' <Latency = 0> <II = 1> <Delay = 3.04> <FuncUnit> <Opcode : 'shl' 'lshr' 'ashr'> <InPorts = 2> <OutPorts = 1>

State 4 <SV = 3> <Delay = 3.04>
ST_4 : Operation 58 [1/1] (0.00ns) (grouped into LUT with out node p_Result_s)   --->   "%zext_ln311_1 = zext i7 %sub_ln311_3"   --->   Operation 58 'zext' 'zext_ln311_1' <Predicate = true> <Delay = 0.00>
ST_4 : Operation 59 [1/1] (0.00ns) (grouped into LUT with out node p_Result_s)   --->   "%lshr_ln311_1 = lshr i111, i111 %zext_ln311_1"   --->   Operation 59 'lshr' 'lshr_ln311_1' <Predicate = true> <Delay = 0.00> <CoreInst = "Shift">   --->   Core 13 'Shift' <Latency = 0> <II = 1> <Delay = 3.04> <FuncUnit> <Opcode : 'shl' 'lshr' 'ashr'> <InPorts = 2> <OutPorts = 1>
ST_4 : Operation 60 [1/1] (3.04ns) (out node of the LUT)   --->   "%p_Result_s = and i111 %lshr_ln311, i111 %lshr_ln311_1"   --->   Operation 60 'and' 'p_Result_s' <Predicate = true> <Delay = 3.04> <CoreInst = "LogicGate">   --->   Core 12 'LogicGate' <Latency = 0> <II = 1> <Delay = 1.03> <FuncUnit> <Opcode : 'and' 'or' 'xor'> <InPorts = 2> <OutPorts = 1>
ST_4 : Operation 61 [1/1] (0.00ns)   --->   "%trunc_ln165 = trunc i111 %p_Result_s"   --->   Operation 61 'trunc' 'trunc_ln165' <Predicate = true> <Delay = 0.00>
ST_4 : Operation 62 [1/1] (1.76ns)   --->   "%br_ln224 = br void %bb89" [/wrk/2020.1/continuous/2020_05_27_2902540/src/shared/hls/clib/hlsmath/include/FloatingPoint/hls_big_mult.h:224]   --->   Operation 62 'br' 'br_ln224' <Predicate = true> <Delay = 1.76>

State 5 <SV = 4> <Delay = 6.60>
ST_5 : Operation 63 [1/1] (0.00ns)   --->   "%j = phi i3, void %.split6, i3 %add_ln224, void %bb89.split" [/wrk/2020.1/continuous/2020_05_27_2902540/src/shared/hls/clib/hlsmath/include/FloatingPoint/hls_big_mult.h:224]   --->   Operation 63 'phi' 'j' <Predicate = true> <Delay = 0.00>
ST_5 : Operation 64 [1/1] (0.00ns)   --->   "%zext_ln227_1 = zext i3 %j" [/wrk/2020.1/continuous/2020_05_27_2902540/src/shared/hls/clib/hlsmath/include/FloatingPoint/hls_big_mult.h:227]   --->   Operation 64 'zext' 'zext_ln227_1' <Predicate = true> <Delay = 0.00>
ST_5 : Operation 65 [1/1] (1.82ns)   --->   "%add_ln227 = add i6 %zext_ln227_1, i6 %sub_ln227" [/wrk/2020.1/continuous/2020_05_27_2902540/src/shared/hls/clib/hlsmath/include/FloatingPoint/hls_big_mult.h:227]   --->   Operation 65 'add' 'add_ln227' <Predicate = true> <Delay = 1.82> <CoreInst = "Adder">   --->   Core 1 'Adder' <Latency = 0> <II = 1> <Delay = 1.87> <FuncUnit> <Opcode : 'add' 'sub'> <InPorts = 2> <OutPorts = 1>
ST_5 : Operation 66 [1/1] (0.00ns)   --->   "%zext_ln227_2 = zext i6 %add_ln227" [/wrk/2020.1/continuous/2020_05_27_2902540/src/shared/hls/clib/hlsmath/include/FloatingPoint/hls_big_mult.h:227]   --->   Operation 66 'zext' 'zext_ln227_2' <Predicate = true> <Delay = 0.00>
ST_5 : Operation 67 [1/1] (0.00ns)   --->   "%pp_V_addr_1 = getelementptr i34 %pp_V, i64, i64 %zext_ln227_2" [/wrk/2020.1/continuous/2020_05_27_2902540/src/shared/hls/clib/hlsmath/include/FloatingPoint/hls_big_mult.h:227]   --->   Operation 67 'getelementptr' 'pp_V_addr_1' <Predicate = true> <Delay = 0.00>
ST_5 : Operation 68 [1/1] (1.13ns)   --->   "%icmp_ln224 = icmp_eq  i3 %j, i3" [/wrk/2020.1/continuous/2020_05_27_2902540/src/shared/hls/clib/hlsmath/include/FloatingPoint/hls_big_mult.h:224]   --->   Operation 68 'icmp' 'icmp_ln224' <Predicate = true> <Delay = 1.13> <CoreInst = "Cmp">   --->   Core 10 'Cmp' <Latency = 0> <II = 1> <Delay = 1.48> <FuncUnit> <Opcode : 'icmp'> <InPorts = 2> <OutPorts = 1>
ST_5 : Operation 69 [1/1] (0.00ns)   --->   "%empty_64 = speclooptripcount i32 @_ssdm_op_SpecLoopTripCount, i64, i64, i64"   --->   Operation 69 'speclooptripcount' 'empty_64' <Predicate = true> <Delay = 0.00>
ST_5 : Operation 70 [1/1] (1.65ns)   --->   "%add_ln224 = add i3 %j, i3" [/wrk/2020.1/continuous/2020_05_27_2902540/src/shared/hls/clib/hlsmath/include/FloatingPoint/hls_big_mult.h:224]   --->   Operation 70 'add' 'add_ln224' <Predicate = true> <Delay = 1.65> <CoreInst = "Adder">   --->   Core 1 'Adder' <Latency = 0> <II = 1> <Delay = 1.87> <FuncUnit> <Opcode : 'add' 'sub'> <InPorts = 2> <OutPorts = 1>
ST_5 : Operation 71 [1/1] (0.00ns)   --->   "%br_ln224 = br i1 %icmp_ln224, void %bb89.split, void" [/wrk/2020.1/continuous/2020_05_27_2902540/src/shared/hls/clib/hlsmath/include/FloatingPoint/hls_big_mult.h:224]   --->   Operation 71 'br' 'br_ln224' <Predicate = true> <Delay = 0.00>
ST_5 : Operation 72 [1/1] (1.13ns)   --->   "%icmp_ln226 = icmp_eq  i3 %j, i3" [/wrk/2020.1/continuous/2020_05_27_2902540/src/shared/hls/clib/hlsmath/include/FloatingPoint/hls_big_mult.h:226]   --->   Operation 72 'icmp' 'icmp_ln226' <Predicate = (!icmp_ln224)> <Delay = 1.13> <CoreInst = "Cmp">   --->   Core 10 'Cmp' <Latency = 0> <II = 1> <Delay = 1.48> <FuncUnit> <Opcode : 'icmp'> <InPorts = 2> <OutPorts = 1>
ST_5 : Operation 73 [1/1] (0.00ns)   --->   "%shl_ln = bitconcatenate i7 @_ssdm_op_BitConcatenate.i7.i3.i4, i3 %j, i4" [/wrk/2020.1/continuous/2020_05_27_2902540/src/shared/hls/clib/hlsmath/include/FloatingPoint/hls_big_mult.h:226]   --->   Operation 73 'bitconcatenate' 'shl_ln' <Predicate = (!icmp_ln224)> <Delay = 0.00>
ST_5 : Operation 74 [1/1] (0.00ns)   --->   "%or_ln = bitconcatenate i5 @_ssdm_op_BitConcatenate.i5.i2.i3, i2, i3 %j" [/wrk/2020.1/continuous/2020_05_27_2902540/src/shared/hls/clib/hlsmath/include/FloatingPoint/hls_big_mult.h:226]   --->   Operation 74 'bitconcatenate' 'or_ln' <Predicate = (!icmp_ln224)> <Delay = 0.00>
ST_5 : Operation 75 [1/1] (0.00ns)   --->   "%zext_ln226 = zext i5 %or_ln" [/wrk/2020.1/continuous/2020_05_27_2902540/src/shared/hls/clib/hlsmath/include/FloatingPoint/hls_big_mult.h:226]   --->   Operation 75 'zext' 'zext_ln226' <Predicate = (!icmp_ln224)> <Delay = 0.00>
ST_5 : Operation 76 [1/1] (1.87ns)   --->   "%add_ln226 = add i7 %zext_ln226, i7 %shl_ln" [/wrk/2020.1/continuous/2020_05_27_2902540/src/shared/hls/clib/hlsmath/include/FloatingPoint/hls_big_mult.h:226]   --->   Operation 76 'add' 'add_ln226' <Predicate = (!icmp_ln224)> <Delay = 1.87> <CoreInst = "Adder">   --->   Core 1 'Adder' <Latency = 0> <II = 1> <Delay = 1.87> <FuncUnit> <Opcode : 'add' 'sub'> <InPorts = 2> <OutPorts = 1>
ST_5 : Operation 77 [1/1] (0.99ns)   --->   "%Uj = select i1 %icmp_ln226, i7, i7 %add_ln226" [/wrk/2020.1/continuous/2020_05_27_2902540/src/shared/hls/clib/hlsmath/include/FloatingPoint/hls_big_mult.h:226]   --->   Operation 77 'select' 'Uj' <Predicate = (!icmp_ln224)> <Delay = 0.99> <CoreInst = "Sel">   --->   Core 11 'Sel' <Latency = 0> <II = 1> <Delay = 0.99> <FuncUnit> <Opcode : 'select'> <InPorts = 3> <OutPorts = 1>
ST_5 : Operation 78 [1/1] (0.00ns)   --->   "%add_ln311_1 = bitconcatenate i7 @_ssdm_op_BitConcatenate.i7.i3.i1.i3, i3 %j, i1, i3 %j"   --->   Operation 78 'bitconcatenate' 'add_ln311_1' <Predicate = (!icmp_ln224)> <Delay = 0.00>
ST_5 : Operation 79 [1/1] (1.48ns)   --->   "%icmp_ln311_1 = icmp_ugt  i7 %add_ln311_1, i7 %Uj"   --->   Operation 79 'icmp' 'icmp_ln311_1' <Predicate = (!icmp_ln224)> <Delay = 1.48> <CoreInst = "Cmp">   --->   Core 10 'Cmp' <Latency = 0> <II = 1> <Delay = 1.48> <FuncUnit> <Opcode : 'icmp'> <InPorts = 2> <OutPorts = 1>
ST_5 : Operation 80 [1/1] (1.87ns)   --->   "%sub_ln311_4 = sub i7 %add_ln311_1, i7 %Uj"   --->   Operation 80 'sub' 'sub_ln311_4' <Predicate = (!icmp_ln224)> <Delay = 1.87> <CoreInst = "Adder">   --->   Core 1 'Adder' <Latency = 0> <II = 1> <Delay = 1.87> <FuncUnit> <Opcode : 'add' 'sub'> <InPorts = 2> <OutPorts = 1>
ST_5 : Operation 81 [1/1] (1.87ns)   --->   "%sub_ln311_6 = sub i7 %Uj, i7 %add_ln311_1"   --->   Operation 81 'sub' 'sub_ln311_6' <Predicate = (!icmp_ln224)> <Delay = 1.87> <CoreInst = "Adder">   --->   Core 1 'Adder' <Latency = 0> <II = 1> <Delay = 1.87> <FuncUnit> <Opcode : 'add' 'sub'> <InPorts = 2> <OutPorts = 1>
ST_5 : Operation 82 [1/1] (0.00ns) (grouped into LUT with out node sub_ln311_7)   --->   "%select_ln311_3 = select i1 %icmp_ln311_1, i7 %sub_ln311_4, i7 %sub_ln311_6"   --->   Operation 82 'select' 'select_ln311_3' <Predicate = (!icmp_ln224)> <Delay = 0.00> <CoreInst = "Sel">   --->   Core 11 'Sel' <Latency = 0> <II = 1> <Delay = 0.99> <FuncUnit> <Opcode : 'select'> <InPorts = 3> <OutPorts = 1>
ST_5 : Operation 83 [1/1] (1.87ns) (out node of the LUT)   --->   "%sub_ln311_7 = sub i7, i7 %select_ln311_3"   --->   Operation 83 'sub' 'sub_ln311_7' <Predicate = (!icmp_ln224)> <Delay = 1.87> <CoreInst = "Adder">   --->   Core 1 'Adder' <Latency = 0> <II = 1> <Delay = 1.87> <FuncUnit> <Opcode : 'add' 'sub'> <InPorts = 2> <OutPorts = 1>
ST_5 : Operation 84 [1/1] (0.00ns)   --->   "%br_ln0 = br void"   --->   Operation 84 'br' 'br_ln0' <Predicate = (icmp_ln224)> <Delay = 0.00>

State 6 <SV = 5> <Delay = 6.69>
ST_6 : Operation 85 [1/1] (1.87ns)   --->   "%sub_ln311_5 = sub i7, i7 %add_ln311_1"   --->   Operation 85 'sub' 'sub_ln311_5' <Predicate = (icmp_ln311_1)> <Delay = 1.87> <CoreInst = "Adder">   --->   Core 1 'Adder' <Latency = 0> <II = 1> <Delay = 1.87> <FuncUnit> <Opcode : 'add' 'sub'> <InPorts = 2> <OutPorts = 1>
ST_6 : Operation 86 [1/1] (0.00ns) (grouped into LUT with out node p_Result_61)   --->   "%select_ln311_4 = select i1 %icmp_ln311_1, i111, i111"   --->   Operation 86 'select' 'select_ln311_4' <Predicate = true> <Delay = 0.00> <CoreInst = "Sel">   --->   Core 11 'Sel' <Latency = 0> <II = 1> <Delay = 0.99> <FuncUnit> <Opcode : 'select'> <InPorts = 3> <OutPorts = 1>
ST_6 : Operation 87 [1/1] (0.00ns) (grouped into LUT with out node p_Result_61)   --->   "%select_ln311_5 = select i1 %icmp_ln311_1, i7 %sub_ln311_5, i7 %add_ln311_1"   --->   Operation 87 'select' 'select_ln311_5' <Predicate = true> <Delay = 0.00> <CoreInst = "Sel">   --->   Core 11 'Sel' <Latency = 0> <II = 1> <Delay = 0.99> <FuncUnit> <Opcode : 'select'> <InPorts = 3> <OutPorts = 1>
ST_6 : Operation 88 [1/1] (0.00ns) (grouped into LUT with out node p_Result_61)   --->   "%zext_ln311_2 = zext i7 %select_ln311_5"   --->   Operation 88 'zext' 'zext_ln311_2' <Predicate = true> <Delay = 0.00>
ST_6 : Operation 89 [1/1] (0.00ns) (grouped into LUT with out node p_Result_61)   --->   "%zext_ln311_3 = zext i7 %sub_ln311_7"   --->   Operation 89 'zext' 'zext_ln311_3' <Predicate = true> <Delay = 0.00>
ST_6 : Operation 90 [1/1] (0.00ns) (grouped into LUT with out node p_Result_61)   --->   "%lshr_ln311_2 = lshr i111 %select_ln311_4, i111 %zext_ln311_2"   --->   Operation 90 'lshr' 'lshr_ln311_2' <Predicate = true> <Delay = 0.00> <CoreInst = "Shift">   --->   Core 13 'Shift' <Latency = 0> <II = 1> <Delay = 3.04> <FuncUnit> <Opcode : 'shl' 'lshr' 'ashr'> <InPorts = 2> <OutPorts = 1>
ST_6 : Operation 91 [1/1] (0.00ns) (grouped into LUT with out node p_Result_61)   --->   "%lshr_ln311_3 = lshr i111, i111 %zext_ln311_3"   --->   Operation 91 'lshr' 'lshr_ln311_3' <Predicate = true> <Delay = 0.00> <CoreInst = "Shift">   --->   Core 13 'Shift' <Latency = 0> <II = 1> <Delay = 3.04> <FuncUnit> <Opcode : 'shl' 'lshr' 'ashr'> <InPorts = 2> <OutPorts = 1>
ST_6 : Operation 92 [1/1] (4.82ns) (out node of the LUT)   --->   "%p_Result_61 = and i111 %lshr_ln311_2, i111 %lshr_ln311_3"   --->   Operation 92 'and' 'p_Result_61' <Predicate = true> <Delay = 4.82> <CoreInst = "LogicGate">   --->   Core 12 'LogicGate' <Latency = 0> <II = 1> <Delay = 1.03> <FuncUnit> <Opcode : 'and' 'or' 'xor'> <InPorts = 2> <OutPorts = 1>
ST_6 : Operation 93 [1/1] (0.00ns)   --->   "%trunc_ln165_1 = trunc i111 %p_Result_61"   --->   Operation 93 'trunc' 'trunc_ln165_1' <Predicate = true> <Delay = 0.00>

State 7 <SV = 6> <Delay = 6.91>
ST_7 : Operation 94 [2/2] (6.91ns)   --->   "%mul_ln165 = mul i34 %trunc_ln165, i34 %trunc_ln165_1"   --->   Operation 94 'mul' 'mul_ln165' <Predicate = true> <Delay = 6.91> <CoreInst = "Multiplier">   --->   Core 4 'Multiplier' <Latency = 1> <II = 1> <Delay = 6.91> <FuncUnit> <Opcode : 'mul'> <InPorts = 2> <OutPorts = 1>

State 8 <SV = 7> <Delay = 6.91>
ST_8 : Operation 95 [1/2] (6.91ns)   --->   "%mul_ln165 = mul i34 %trunc_ln165, i34 %trunc_ln165_1"   --->   Operation 95 'mul' 'mul_ln165' <Predicate = true> <Delay = 6.91> <CoreInst = "Multiplier">   --->   Core 4 'Multiplier' <Latency = 1> <II = 1> <Delay = 6.91> <FuncUnit> <Opcode : 'mul'> <InPorts = 2> <OutPorts = 1>

State 9 <SV = 8> <Delay = 3.25>
ST_9 : Operation 96 [1/1] (3.25ns)   --->   "%store_ln278 = store i34 %mul_ln165, i6 %pp_V_addr_1"   --->   Operation 96 'store' 'store_ln278' <Predicate = true> <Delay = 3.25> <CoreInst = "RAM">   --->   Core 23 'RAM' <Latency = 1> <II = 1> <Delay = 3.25> <Storage> <Opcode : 'load' 'store'> <Ports = 2> <Width = 34> <Depth = 49> <RAM>
ST_9 : Operation 97 [1/1] (0.00ns)   --->   "%br_ln0 = br void %bb89"   --->   Operation 97 'br' 'br_ln0' <Predicate = true> <Delay = 0.00>

State 10 <SV = 2> <Delay = 5.57>
ST_10 : Operation 98 [1/2] (3.25ns)   --->   "%pp_V_load = load i6 %pp_V_addr"   --->   Operation 98 'load' 'pp_V_load' <Predicate = true> <Delay = 3.25> <CoreInst = "RAM">   --->   Core 23 'RAM' <Latency = 1> <II = 1> <Delay = 3.25> <Storage> <Opcode : 'load' 'store'> <Ports = 2> <Width = 34> <Depth = 49> <RAM>
ST_10 : Operation 99 [1/1] (0.00ns)   --->   "%zext_ln278 = zext i34 %pp_V_load"   --->   Operation 99 'zext' 'zext_ln278' <Predicate = true> <Delay = 0.00>
ST_10 : Operation 100 [1/1] (0.00ns)   --->   "%pps_V_addr = getelementptr i37 %pps_V, i64, i64"   --->   Operation 100 'getelementptr' 'pps_V_addr' <Predicate = true> <Delay = 0.00>
ST_10 : Operation 101 [1/1] (2.32ns)   --->   "%store_ln278 = store i37 %zext_ln278, i4 %pps_V_addr"   --->   Operation 101 'store' 'store_ln278' <Predicate = true> <Delay = 2.32> <CoreInst = "RAM">   --->   Core 23 'RAM' <Latency = 1> <II = 1> <Delay = 2.32> <Storage> <Opcode : 'load' 'store'> <Ports = 2> <Width = 37> <Depth = 14> <RAM>
ST_10 : Operation 102 [1/1] (1.76ns)   --->   "%br_ln234 = br void %bb87" [/wrk/2020.1/continuous/2020_05_27_2902540/src/shared/hls/clib/hlsmath/include/FloatingPoint/hls_big_mult.h:234]   --->   Operation 102 'br' 'br_ln234' <Predicate = true> <Delay = 1.76>

State 11 <SV = 3> <Delay = 7.44>
ST_11 : Operation 103 [1/1] (0.00ns)   --->   "%i_1 = phi i4, void %bb88, i4 %add_ln234, void %.split2._crit_edge.6" [/wrk/2020.1/continuous/2020_05_27_2902540/src/shared/hls/clib/hlsmath/include/FloatingPoint/hls_big_mult.h:234]   --->   Operation 103 'phi' 'i_1' <Predicate = true> <Delay = 0.00>
ST_11 : Operation 104 [1/1] (0.00ns)   --->   "%specpipeline_ln0 = specpipeline void @_ssdm_op_SpecPipeline, i32, i32, i32, i32, void @p_str"   --->   Operation 104 'specpipeline' 'specpipeline_ln0' <Predicate = true> <Delay = 0.00>
ST_11 : Operation 105 [1/1] (1.30ns)   --->   "%icmp_ln234 = icmp_eq  i4 %i_1, i4" [/wrk/2020.1/continuous/2020_05_27_2902540/src/shared/hls/clib/hlsmath/include/FloatingPoint/hls_big_mult.h:234]   --->   Operation 105 'icmp' 'icmp_ln234' <Predicate = true> <Delay = 1.30> <CoreInst = "Cmp">   --->   Core 10 'Cmp' <Latency = 0> <II = 1> <Delay = 1.48> <FuncUnit> <Opcode : 'icmp'> <InPorts = 2> <OutPorts = 1>
ST_11 : Operation 106 [1/1] (0.00ns)   --->   "%empty_65 = speclooptripcount i32 @_ssdm_op_SpecLoopTripCount, i64, i64, i64"   --->   Operation 106 'speclooptripcount' 'empty_65' <Predicate = true> <Delay = 0.00>
ST_11 : Operation 107 [1/1] (0.00ns)   --->   "%br_ln234 = br i1 %icmp_ln234, void %bb87.split, void %.preheader.preheader" [/wrk/2020.1/continuous/2020_05_27_2902540/src/shared/hls/clib/hlsmath/include/FloatingPoint/hls_big_mult.h:234]   --->   Operation 107 'br' 'br_ln234' <Predicate = true> <Delay = 0.00>
ST_11 : Operation 108 [1/1] (0.00ns)   --->   "%i_1_cast6 = zext i4 %i_1" [/wrk/2020.1/continuous/2020_05_27_2902540/src/shared/hls/clib/hlsmath/include/FloatingPoint/hls_big_mult.h:234]   --->   Operation 108 'zext' 'i_1_cast6' <Predicate = (!icmp_ln234)> <Delay = 0.00>
ST_11 : Operation 109 [1/1] (0.00ns)   --->   "%pp_V_addr_2 = getelementptr i34 %pp_V, i64, i64 %i_1_cast6" [/wrk/2020.1/continuous/2020_05_27_2902540/src/shared/hls/clib/hlsmath/include/FloatingPoint/hls_big_mult.h:238]   --->   Operation 109 'getelementptr' 'pp_V_addr_2' <Predicate = (!icmp_ln234)> <Delay = 0.00>
ST_11 : Operation 110 [1/1] (1.73ns)   --->   "%add_ln235 = add i4 %i_1, i4" [/wrk/2020.1/continuous/2020_05_27_2902540/src/shared/hls/clib/hlsmath/include/FloatingPoint/hls_big_mult.h:235]   --->   Operation 110 'add' 'add_ln235' <Predicate = (!icmp_ln234)> <Delay = 1.73> <CoreInst = "Adder">   --->   Core 1 'Adder' <Latency = 0> <II = 1> <Delay = 1.87> <FuncUnit> <Opcode : 'add' 'sub'> <InPorts = 2> <OutPorts = 1>
ST_11 : Operation 111 [1/1] (0.00ns)   --->   "%zext_ln1455 = zext i4 %add_ln235"   --->   Operation 111 'zext' 'zext_ln1455' <Predicate = (!icmp_ln234)> <Delay = 0.00>
ST_11 : Operation 112 [1/1] (0.00ns)   --->   "%zext_ln238 = zext i4 %add_ln235" [/wrk/2020.1/continuous/2020_05_27_2902540/src/shared/hls/clib/hlsmath/include/FloatingPoint/hls_big_mult.h:238]   --->   Operation 112 'zext' 'zext_ln238' <Predicate = (!icmp_ln234)> <Delay = 0.00>
ST_11 : Operation 113 [1/1] (1.73ns)   --->   "%add_ln238 = add i5 %zext_ln238, i5" [/wrk/2020.1/continuous/2020_05_27_2902540/src/shared/hls/clib/hlsmath/include/FloatingPoint/hls_big_mult.h:238]   --->   Operation 113 'add' 'add_ln238' <Predicate = (!icmp_ln234)> <Delay = 1.73> <CoreInst = "Adder">   --->   Core 1 'Adder' <Latency = 0> <II = 1> <Delay = 1.87> <FuncUnit> <Opcode : 'add' 'sub'> <InPorts = 2> <OutPorts = 1>
ST_11 : Operation 114 [1/1] (0.00ns)   --->   "%zext_ln238_1 = zext i5 %add_ln238" [/wrk/2020.1/continuous/2020_05_27_2902540/src/shared/hls/clib/hlsmath/include/FloatingPoint/hls_big_mult.h:238]   --->   Operation 114 'zext' 'zext_ln238_1' <Predicate = (!icmp_ln234)> <Delay = 0.00>
ST_11 : Operation 115 [1/1] (0.00ns)   --->   "%pp_V_addr_3 = getelementptr i34 %pp_V, i64, i64 %zext_ln238_1" [/wrk/2020.1/continuous/2020_05_27_2902540/src/shared/hls/clib/hlsmath/include/FloatingPoint/hls_big_mult.h:238]   --->   Operation 115 'getelementptr' 'pp_V_addr_3' <Predicate = (!icmp_ln234)> <Delay = 0.00>
ST_11 : Operation 116 [1/1] (0.00ns)   --->   "%pps_V_addr_1 = getelementptr i37 %pps_V, i64, i64 %zext_ln1455"   --->   Operation 116 'getelementptr' 'pps_V_addr_1' <Predicate = (!icmp_ln234)> <Delay = 0.00>
ST_11 : Operation 117 [2/2] (2.32ns)   --->   "%pps_V_load = load i4 %pps_V_addr_1"   --->   Operation 117 'load' 'pps_V_load' <Predicate = (!icmp_ln234)> <Delay = 2.32> <CoreInst = "RAM">   --->   Core 23 'RAM' <Latency = 1> <II = 1> <Delay = 2.32> <Storage> <Opcode : 'load' 'store'> <Ports = 2> <Width = 37> <Depth = 14> <RAM>
ST_11 : Operation 118 [1/1] (0.00ns)   --->   "%pps_V_addr_2 = getelementptr i37 %pps_V, i64, i64 %i_1_cast6"   --->   Operation 118 'getelementptr' 'pps_V_addr_2' <Predicate = (!icmp_ln234)> <Delay = 0.00>
ST_11 : Operation 119 [1/1] (1.30ns)   --->   "%icmp_ln237 = icmp_ult  i4 %i_1, i4" [/wrk/2020.1/continuous/2020_05_27_2902540/src/shared/hls/clib/hlsmath/include/FloatingPoint/hls_big_mult.h:237]   --->   Operation 119 'icmp' 'icmp_ln237' <Predicate = (!icmp_ln234)> <Delay = 1.30> <CoreInst = "Cmp">   --->   Core 10 'Cmp' <Latency = 0> <II = 1> <Delay = 1.48> <FuncUnit> <Opcode : 'icmp'> <InPorts = 2> <OutPorts = 1>
ST_11 : Operation 120 [2/2] (3.25ns)   --->   "%pp_V_load_1 = load i6 %pp_V_addr_2"   --->   Operation 120 'load' 'pp_V_load_1' <Predicate = (!icmp_ln234 & icmp_ln237)> <Delay = 3.25> <CoreInst = "RAM">   --->   Core 23 'RAM' <Latency = 1> <II = 1> <Delay = 3.25> <Storage> <Opcode : 'load' 'store'> <Ports = 2> <Width = 34> <Depth = 49> <RAM>
ST_11 : Operation 121 [1/1] (1.30ns)   --->   "%icmp_ln237_1 = icmp_ult  i4 %add_ln235, i4" [/wrk/2020.1/continuous/2020_05_27_2902540/src/shared/hls/clib/hlsmath/include/FloatingPoint/hls_big_mult.h:237]   --->   Operation 121 'icmp' 'icmp_ln237_1' <Predicate = (!icmp_ln234)> <Delay = 1.30> <CoreInst = "Cmp">   --->   Core 10 'Cmp' <Latency = 0> <II = 1> <Delay = 1.48> <FuncUnit> <Opcode : 'icmp'> <InPorts = 2> <OutPorts = 1>
ST_11 : Operation 122 [2/2] (3.25ns)   --->   "%pp_V_load_2 = load i6 %pp_V_addr_3"   --->   Operation 122 'load' 'pp_V_load_2' <Predicate = (!icmp_ln234 & icmp_ln237_1)> <Delay = 3.25> <CoreInst = "RAM">   --->   Core 23 'RAM' <Latency = 1> <II = 1> <Delay = 3.25> <Storage> <Opcode : 'load' 'store'> <Ports = 2> <Width = 34> <Depth = 49> <RAM>

State 12 <SV = 4> <Delay = 5.11>
ST_12 : Operation 123 [1/1] (0.00ns)   --->   "%i_1_cast = zext i4 %i_1" [/wrk/2020.1/continuous/2020_05_27_2902540/src/shared/hls/clib/hlsmath/include/FloatingPoint/hls_big_mult.h:234]   --->   Operation 123 'zext' 'i_1_cast' <Predicate = true> <Delay = 0.00>
ST_12 : Operation 124 [1/2] (2.32ns)   --->   "%pps_V_load = load i4 %pps_V_addr_1"   --->   Operation 124 'load' 'pps_V_load' <Predicate = true> <Delay = 2.32> <CoreInst = "RAM">   --->   Core 23 'RAM' <Latency = 1> <II = 1> <Delay = 2.32> <Storage> <Opcode : 'load' 'store'> <Ports = 2> <Width = 37> <Depth = 14> <RAM>
ST_12 : Operation 125 [1/1] (0.00ns)   --->   "%r_V = partselect i20 @_ssdm_op_PartSelect.i20.i37.i32.i32, i37 %pps_V_load, i32, i32"   --->   Operation 125 'partselect' 'r_V' <Predicate = true> <Delay = 0.00>
ST_12 : Operation 126 [1/1] (0.00ns)   --->   "%zext_ln1455_2 = zext i20 %r_V"   --->   Operation 126 'zext' 'zext_ln1455_2' <Predicate = true> <Delay = 0.00>
ST_12 : Operation 127 [1/1] (2.32ns)   --->   "%store_ln278 = store i37 %zext_ln1455_2, i4 %pps_V_addr_2"   --->   Operation 127 'store' 'store_ln278' <Predicate = true> <Delay = 2.32> <CoreInst = "RAM">   --->   Core 23 'RAM' <Latency = 1> <II = 1> <Delay = 2.32> <Storage> <Opcode : 'load' 'store'> <Ports = 2> <Width = 37> <Depth = 14> <RAM>
ST_12 : Operation 128 [1/2] (3.25ns)   --->   "%pp_V_load_1 = load i6 %pp_V_addr_2"   --->   Operation 128 'load' 'pp_V_load_1' <Predicate = (icmp_ln237)> <Delay = 3.25> <CoreInst = "RAM">   --->   Core 23 'RAM' <Latency = 1> <II = 1> <Delay = 3.25> <Storage> <Opcode : 'load' 'store'> <Ports = 2> <Width = 34> <Depth = 49> <RAM>
ST_12 : Operation 129 [1/2] (3.25ns)   --->   "%pp_V_load_2 = load i6 %pp_V_addr_3"   --->   Operation 129 'load' 'pp_V_load_2' <Predicate = (icmp_ln237_1)> <Delay = 3.25> <CoreInst = "RAM">   --->   Core 23 'RAM' <Latency = 1> <II = 1> <Delay = 3.25> <Storage> <Opcode : 'load' 'store'> <Ports = 2> <Width = 34> <Depth = 49> <RAM>
ST_12 : Operation 130 [1/1] (0.00ns)   --->   "%tmp_28 = partselect i3 @_ssdm_op_PartSelect.i3.i4.i32.i32, i4 %i_1, i32, i32" [/wrk/2020.1/continuous/2020_05_27_2902540/src/shared/hls/clib/hlsmath/include/FloatingPoint/hls_big_mult.h:237]   --->   Operation 130 'partselect' 'tmp_28' <Predicate = true> <Delay = 0.00>
ST_12 : Operation 131 [1/1] (1.13ns)   --->   "%icmp_ln237_2 = icmp_ne  i3 %tmp_28, i3" [/wrk/2020.1/continuous/2020_05_27_2902540/src/shared/hls/clib/hlsmath/include/FloatingPoint/hls_big_mult.h:237]   --->   Operation 131 'icmp' 'icmp_ln237_2' <Predicate = true> <Delay = 1.13> <CoreInst = "Cmp">   --->   Core 10 'Cmp' <Latency = 0> <II = 1> <Delay = 1.48> <FuncUnit> <Opcode : 'icmp'> <InPorts = 2> <OutPorts = 1>
ST_12 : Operation 132 [1/1] (1.73ns)   --->   "%add_ln237 = add i5 %i_1_cast, i5" [/wrk/2020.1/continuous/2020_05_27_2902540/src/shared/hls/clib/hlsmath/include/FloatingPoint/hls_big_mult.h:237]   --->   Operation 132 'add' 'add_ln237' <Predicate = true> <Delay = 1.73> <CoreInst = "Adder">   --->   Core 1 'Adder' <Latency = 0> <II = 1> <Delay = 1.87> <FuncUnit> <Opcode : 'add' 'sub'> <InPorts = 2> <OutPorts = 1>
ST_12 : Operation 133 [1/1] (1.78ns)   --->   "%add_ln238_1 = add i5 %i_1_cast, i5" [/wrk/2020.1/continuous/2020_05_27_2902540/src/shared/hls/clib/hlsmath/include/FloatingPoint/hls_big_mult.h:238]   --->   Operation 133 'add' 'add_ln238_1' <Predicate = true> <Delay = 1.78> <CoreInst = "Adder">   --->   Core 1 'Adder' <Latency = 0> <II = 1> <Delay = 1.87> <FuncUnit> <Opcode : 'add' 'sub'> <InPorts = 2> <OutPorts = 1>
ST_12 : Operation 134 [1/1] (0.00ns)   --->   "%zext_ln238_2 = zext i5 %add_ln238_1" [/wrk/2020.1/continuous/2020_05_27_2902540/src/shared/hls/clib/hlsmath/include/FloatingPoint/hls_big_mult.h:238]   --->   Operation 134 'zext' 'zext_ln238_2' <Predicate = true> <Delay = 0.00>
ST_12 : Operation 135 [1/1] (0.00ns)   --->   "%pp_V_addr_4 = getelementptr i34 %pp_V, i64, i64 %zext_ln238_2" [/wrk/2020.1/continuous/2020_05_27_2902540/src/shared/hls/clib/hlsmath/include/FloatingPoint/hls_big_mult.h:238]   --->   Operation 135 'getelementptr' 'pp_V_addr_4' <Predicate = true> <Delay = 0.00>
ST_12 : Operation 136 [1/1] (1.36ns)   --->   "%icmp_ln237_4 = icmp_slt  i5 %add_ln237, i5" [/wrk/2020.1/continuous/2020_05_27_2902540/src/shared/hls/clib/hlsmath/include/FloatingPoint/hls_big_mult.h:237]   --->   Operation 136 'icmp' 'icmp_ln237_4' <Predicate = true> <Delay = 1.36> <CoreInst = "Cmp">   --->   Core 10 'Cmp' <Latency = 0> <II = 1> <Delay = 1.48> <FuncUnit> <Opcode : 'icmp'> <InPorts = 2> <OutPorts = 1>
ST_12 : Operation 137 [1/1] (0.97ns)   --->   "%and_ln237 = and i1 %icmp_ln237_2, i1 %icmp_ln237_4" [/wrk/2020.1/continuous/2020_05_27_2902540/src/shared/hls/clib/hlsmath/include/FloatingPoint/hls_big_mult.h:237]   --->   Operation 137 'and' 'and_ln237' <Predicate = true> <Delay = 0.97> <CoreInst = "LogicGate">   --->   Core 12 'LogicGate' <Latency = 0> <II = 1> <Delay = 1.03> <FuncUnit> <Opcode : 'and' 'or' 'xor'> <InPorts = 2> <OutPorts = 1>
ST_12 : Operation 138 [2/2] (3.25ns)   --->   "%pp_V_load_3 = load i6 %pp_V_addr_4"   --->   Operation 138 'load' 'pp_V_load_3' <Predicate = (and_ln237)> <Delay = 3.25> <CoreInst = "RAM">   --->   Core 23 'RAM' <Latency = 1> <II = 1> <Delay = 3.25> <Storage> <Opcode : 'load' 'store'> <Ports = 2> <Width = 34> <Depth = 49> <RAM>
ST_12 : Operation 139 [1/1] (1.30ns)   --->   "%icmp_ln237_3 = icmp_ugt  i4 %i_1, i4" [/wrk/2020.1/continuous/2020_05_27_2902540/src/shared/hls/clib/hlsmath/include/FloatingPoint/hls_big_mult.h:237]   --->   Operation 139 'icmp' 'icmp_ln237_3' <Predicate = true> <Delay = 1.30> <CoreInst = "Cmp">   --->   Core 10 'Cmp' <Latency = 0> <II = 1> <Delay = 1.48> <FuncUnit> <Opcode : 'icmp'> <InPorts = 2> <OutPorts = 1>
ST_12 : Operation 140 [1/1] (1.73ns)   --->   "%add_ln237_1 = add i5 %i_1_cast, i5" [/wrk/2020.1/continuous/2020_05_27_2902540/src/shared/hls/clib/hlsmath/include/FloatingPoint/hls_big_mult.h:237]   --->   Operation 140 'add' 'add_ln237_1' <Predicate = true> <Delay = 1.73> <CoreInst = "Adder">   --->   Core 1 'Adder' <Latency = 0> <II = 1> <Delay = 1.87> <FuncUnit> <Opcode : 'add' 'sub'> <InPorts = 2> <OutPorts = 1>
ST_12 : Operation 141 [1/1] (1.78ns)   --->   "%add_ln238_2 = add i5 %i_1_cast, i5" [/wrk/2020.1/continuous/2020_05_27_2902540/src/shared/hls/clib/hlsmath/include/FloatingPoint/hls_big_mult.h:238]   --->   Operation 141 'add' 'add_ln238_2' <Predicate = true> <Delay = 1.78> <CoreInst = "Adder">   --->   Core 1 'Adder' <Latency = 0> <II = 1> <Delay = 1.87> <FuncUnit> <Opcode : 'add' 'sub'> <InPorts = 2> <OutPorts = 1>
ST_12 : Operation 142 [1/1] (0.00ns)   --->   "%zext_ln238_3 = zext i5 %add_ln238_2" [/wrk/2020.1/continuous/2020_05_27_2902540/src/shared/hls/clib/hlsmath/include/FloatingPoint/hls_big_mult.h:238]   --->   Operation 142 'zext' 'zext_ln238_3' <Predicate = true> <Delay = 0.00>
ST_12 : Operation 143 [1/1] (0.00ns)   --->   "%pp_V_addr_5 = getelementptr i34 %pp_V, i64, i64 %zext_ln238_3" [/wrk/2020.1/continuous/2020_05_27_2902540/src/shared/hls/clib/hlsmath/include/FloatingPoint/hls_big_mult.h:238]   --->   Operation 143 'getelementptr' 'pp_V_addr_5' <Predicate = true> <Delay = 0.00>
ST_12 : Operation 144 [1/1] (1.36ns)   --->   "%icmp_ln237_7 = icmp_slt  i5 %add_ln237_1, i5" [/wrk/2020.1/continuous/2020_05_27_2902540/src/shared/hls/clib/hlsmath/include/FloatingPoint/hls_big_mult.h:237]   --->   Operation 144 'icmp' 'icmp_ln237_7' <Predicate = true> <Delay = 1.36> <CoreInst = "Cmp">   --->   Core 10 'Cmp' <Latency = 0> <II = 1> <Delay = 1.48> <FuncUnit> <Opcode : 'icmp'> <InPorts = 2> <OutPorts = 1>
ST_12 : Operation 145 [1/1] (0.97ns)   --->   "%and_ln237_1 = and i1 %icmp_ln237_3, i1 %icmp_ln237_7" [/wrk/2020.1/continuous/2020_05_27_2902540/src/shared/hls/clib/hlsmath/include/FloatingPoint/hls_big_mult.h:237]   --->   Operation 145 'and' 'and_ln237_1' <Predicate = true> <Delay = 0.97> <CoreInst = "LogicGate">   --->   Core 12 'LogicGate' <Latency = 0> <II = 1> <Delay = 1.03> <FuncUnit> <Opcode : 'and' 'or' 'xor'> <InPorts = 2> <OutPorts = 1>
ST_12 : Operation 146 [2/2] (3.25ns)   --->   "%pp_V_load_4 = load i6 %pp_V_addr_5"   --->   Operation 146 'load' 'pp_V_load_4' <Predicate = (and_ln237_1)> <Delay = 3.25> <CoreInst = "RAM">   --->   Core 23 'RAM' <Latency = 1> <II = 1> <Delay = 3.25> <Storage> <Opcode : 'load' 'store'> <Ports = 2> <Width = 34> <Depth = 49> <RAM>

State 13 <SV = 5> <Delay = 6.81>
ST_13 : Operation 147 [1/1] (0.00ns)   --->   "%zext_ln1455_1 = zext i20 %r_V"   --->   Operation 147 'zext' 'zext_ln1455_1' <Predicate = true> <Delay = 0.00>
ST_13 : Operation 148 [1/1] (1.76ns)   --->   "%br_ln237 = br i1 %icmp_ln237, void %.split2.1, void %bb86.0" [/wrk/2020.1/continuous/2020_05_27_2902540/src/shared/hls/clib/hlsmath/include/FloatingPoint/hls_big_mult.h:237]   --->   Operation 148 'br' 'br_ln237' <Predicate = true> <Delay = 1.76>
ST_13 : Operation 149 [1/1] (0.00ns)   --->   "%zext_ln649 = zext i34 %pp_V_load_1"   --->   Operation 149 'zext' 'zext_ln649' <Predicate = (icmp_ln237)> <Delay = 0.00>
ST_13 : Operation 150 [1/1] (2.63ns)   --->   "%add_ln649 = add i35 %zext_ln1455_1, i35 %zext_ln649"   --->   Operation 150 'add' 'add_ln649' <Predicate = (icmp_ln237)> <Delay = 2.63> <CoreInst = "Adder">   --->   Core 1 'Adder' <Latency = 0> <II = 1> <Delay = 1.87> <FuncUnit> <Opcode : 'add' 'sub'> <InPorts = 2> <OutPorts = 1>
ST_13 : Operation 151 [1/1] (0.00ns)   --->   "%zext_ln649_1 = zext i35 %add_ln649"   --->   Operation 151 'zext' 'zext_ln649_1' <Predicate = (icmp_ln237)> <Delay = 0.00>
ST_13 : Operation 152 [1/1] (2.32ns)   --->   "%store_ln649 = store i37 %zext_ln649_1, i4 %pps_V_addr_2, void %store_ln278"   --->   Operation 152 'store' 'store_ln649' <Predicate = (icmp_ln237)> <Delay = 2.32> <CoreInst = "RAM">   --->   Core 23 'RAM' <Latency = 1> <II = 1> <Delay = 2.32> <Storage> <Opcode : 'load' 'store'> <Ports = 2> <Width = 37> <Depth = 14> <RAM>
ST_13 : Operation 153 [1/1] (1.76ns)   --->   "%br_ln239 = br void %.split2.1" [/wrk/2020.1/continuous/2020_05_27_2902540/src/shared/hls/clib/hlsmath/include/FloatingPoint/hls_big_mult.h:239]   --->   Operation 153 'br' 'br_ln239' <Predicate = (icmp_ln237)> <Delay = 1.76>
ST_13 : Operation 154 [1/2] (3.25ns)   --->   "%pp_V_load_3 = load i6 %pp_V_addr_4"   --->   Operation 154 'load' 'pp_V_load_3' <Predicate = (and_ln237)> <Delay = 3.25> <CoreInst = "RAM">   --->   Core 23 'RAM' <Latency = 1> <II = 1> <Delay = 3.25> <Storage> <Opcode : 'load' 'store'> <Ports = 2> <Width = 34> <Depth = 49> <RAM>
ST_13 : Operation 155 [1/2] (3.25ns)   --->   "%pp_V_load_4 = load i6 %pp_V_addr_5"   --->   Operation 155 'load' 'pp_V_load_4' <Predicate = (and_ln237_1)> <Delay = 3.25> <CoreInst = "RAM">   --->   Core 23 'RAM' <Latency = 1> <II = 1> <Delay = 3.25> <Storage> <Opcode : 'load' 'store'> <Ports = 2> <Width = 34> <Depth = 49> <RAM>
ST_13 : Operation 156 [1/1] (0.00ns)   --->   "%tmp_29 = partselect i2 @_ssdm_op_PartSelect.i2.i4.i32.i32, i4 %i_1, i32, i32" [/wrk/2020.1/continuous/2020_05_27_2902540/src/shared/hls/clib/hlsmath/include/FloatingPoint/hls_big_mult.h:237]   --->   Operation 156 'partselect' 'tmp_29' <Predicate = true> <Delay = 0.00>
ST_13 : Operation 157 [1/1] (0.95ns)   --->   "%icmp_ln237_8 = icmp_ne  i2 %tmp_29, i2" [/wrk/2020.1/continuous/2020_05_27_2902540/src/shared/hls/clib/hlsmath/include/FloatingPoint/hls_big_mult.h:237]   --->   Operation 157 'icmp' 'icmp_ln237_8' <Predicate = true> <Delay = 0.95> <CoreInst = "Cmp">   --->   Core 10 'Cmp' <Latency = 0> <II = 1> <Delay = 1.48> <FuncUnit> <Opcode : 'icmp'> <InPorts = 2> <OutPorts = 1>
ST_13 : Operation 158 [1/1] (1.73ns)   --->   "%add_ln237_2 = add i5 %i_1_cast, i5" [/wrk/2020.1/continuous/2020_05_27_2902540/src/shared/hls/clib/hlsmath/include/FloatingPoint/hls_big_mult.h:237]   --->   Operation 158 'add' 'add_ln237_2' <Predicate = true> <Delay = 1.73> <CoreInst = "Adder">   --->   Core 1 'Adder' <Latency = 0> <II = 1> <Delay = 1.87> <FuncUnit> <Opcode : 'add' 'sub'> <InPorts = 2> <OutPorts = 1>
ST_13 : Operation 159 [1/1] (0.00ns)   --->   "%sext_ln238 = sext i5 %add_ln237_2" [/wrk/2020.1/continuous/2020_05_27_2902540/src/shared/hls/clib/hlsmath/include/FloatingPoint/hls_big_mult.h:238]   --->   Operation 159 'sext' 'sext_ln238' <Predicate = true> <Delay = 0.00>
ST_13 : Operation 160 [1/1] (1.82ns)   --->   "%add_ln238_3 = add i6 %sext_ln238, i6" [/wrk/2020.1/continuous/2020_05_27_2902540/src/shared/hls/clib/hlsmath/include/FloatingPoint/hls_big_mult.h:238]   --->   Operation 160 'add' 'add_ln238_3' <Predicate = true> <Delay = 1.82> <CoreInst = "Adder">   --->   Core 1 'Adder' <Latency = 0> <II = 1> <Delay = 1.87> <FuncUnit> <Opcode : 'add' 'sub'> <InPorts = 2> <OutPorts = 1>
ST_13 : Operation 161 [1/1] (0.00ns)   --->   "%zext_ln238_4 = zext i6 %add_ln238_3" [/wrk/2020.1/continuous/2020_05_27_2902540/src/shared/hls/clib/hlsmath/include/FloatingPoint/hls_big_mult.h:238]   --->   Operation 161 'zext' 'zext_ln238_4' <Predicate = true> <Delay = 0.00>
ST_13 : Operation 162 [1/1] (0.00ns)   --->   "%pp_V_addr_6 = getelementptr i34 %pp_V, i64, i64 %zext_ln238_4" [/wrk/2020.1/continuous/2020_05_27_2902540/src/shared/hls/clib/hlsmath/include/FloatingPoint/hls_big_mult.h:238]   --->   Operation 162 'getelementptr' 'pp_V_addr_6' <Predicate = true> <Delay = 0.00>
ST_13 : Operation 163 [1/1] (1.36ns)   --->   "%icmp_ln237_9 = icmp_slt  i5 %add_ln237_2, i5" [/wrk/2020.1/continuous/2020_05_27_2902540/src/shared/hls/clib/hlsmath/include/FloatingPoint/hls_big_mult.h:237]   --->   Operation 163 'icmp' 'icmp_ln237_9' <Predicate = true> <Delay = 1.36> <CoreInst = "Cmp">   --->   Core 10 'Cmp' <Latency = 0> <II = 1> <Delay = 1.48> <FuncUnit> <Opcode : 'icmp'> <InPorts = 2> <OutPorts = 1>
ST_13 : Operation 164 [1/1] (0.97ns)   --->   "%and_ln237_2 = and i1 %icmp_ln237_8, i1 %icmp_ln237_9" [/wrk/2020.1/continuous/2020_05_27_2902540/src/shared/hls/clib/hlsmath/include/FloatingPoint/hls_big_mult.h:237]   --->   Operation 164 'and' 'and_ln237_2' <Predicate = true> <Delay = 0.97> <CoreInst = "LogicGate">   --->   Core 12 'LogicGate' <Latency = 0> <II = 1> <Delay = 1.03> <FuncUnit> <Opcode : 'and' 'or' 'xor'> <InPorts = 2> <OutPorts = 1>
ST_13 : Operation 165 [2/2] (3.25ns)   --->   "%pp_V_load_5 = load i6 %pp_V_addr_6"   --->   Operation 165 'load' 'pp_V_load_5' <Predicate = (and_ln237_2)> <Delay = 3.25> <CoreInst = "RAM">   --->   Core 23 'RAM' <Latency = 1> <II = 1> <Delay = 3.25> <Storage> <Opcode : 'load' 'store'> <Ports = 2> <Width = 34> <Depth = 49> <RAM>
ST_13 : Operation 166 [1/1] (1.30ns)   --->   "%icmp_ln237_5 = icmp_ugt  i4 %i_1, i4" [/wrk/2020.1/continuous/2020_05_27_2902540/src/shared/hls/clib/hlsmath/include/FloatingPoint/hls_big_mult.h:237]   --->   Operation 166 'icmp' 'icmp_ln237_5' <Predicate = true> <Delay = 1.30> <CoreInst = "Cmp">   --->   Core 10 'Cmp' <Latency = 0> <II = 1> <Delay = 1.48> <FuncUnit> <Opcode : 'icmp'> <InPorts = 2> <OutPorts = 1>
ST_13 : Operation 167 [1/1] (1.73ns)   --->   "%add_ln237_3 = add i5 %i_1_cast, i5" [/wrk/2020.1/continuous/2020_05_27_2902540/src/shared/hls/clib/hlsmath/include/FloatingPoint/hls_big_mult.h:237]   --->   Operation 167 'add' 'add_ln237_3' <Predicate = true> <Delay = 1.73> <CoreInst = "Adder">   --->   Core 1 'Adder' <Latency = 0> <II = 1> <Delay = 1.87> <FuncUnit> <Opcode : 'add' 'sub'> <InPorts = 2> <OutPorts = 1>
ST_13 : Operation 168 [1/1] (0.00ns)   --->   "%sext_ln238_1 = sext i5 %add_ln237_3" [/wrk/2020.1/continuous/2020_05_27_2902540/src/shared/hls/clib/hlsmath/include/FloatingPoint/hls_big_mult.h:238]   --->   Operation 168 'sext' 'sext_ln238_1' <Predicate = true> <Delay = 0.00>
ST_13 : Operation 169 [1/1] (1.82ns)   --->   "%add_ln238_4 = add i6 %sext_ln238_1, i6" [/wrk/2020.1/continuous/2020_05_27_2902540/src/shared/hls/clib/hlsmath/include/FloatingPoint/hls_big_mult.h:238]   --->   Operation 169 'add' 'add_ln238_4' <Predicate = true> <Delay = 1.82> <CoreInst = "Adder">   --->   Core 1 'Adder' <Latency = 0> <II = 1> <Delay = 1.87> <FuncUnit> <Opcode : 'add' 'sub'> <InPorts = 2> <OutPorts = 1>
ST_13 : Operation 170 [1/1] (0.00ns)   --->   "%zext_ln238_5 = zext i6 %add_ln238_4" [/wrk/2020.1/continuous/2020_05_27_2902540/src/shared/hls/clib/hlsmath/include/FloatingPoint/hls_big_mult.h:238]   --->   Operation 170 'zext' 'zext_ln238_5' <Predicate = true> <Delay = 0.00>
ST_13 : Operation 171 [1/1] (0.00ns)   --->   "%pp_V_addr_7 = getelementptr i34 %pp_V, i64, i64 %zext_ln238_5" [/wrk/2020.1/continuous/2020_05_27_2902540/src/shared/hls/clib/hlsmath/include/FloatingPoint/hls_big_mult.h:238]   --->   Operation 171 'getelementptr' 'pp_V_addr_7' <Predicate = true> <Delay = 0.00>
ST_13 : Operation 172 [1/1] (1.36ns)   --->   "%icmp_ln237_10 = icmp_slt  i5 %add_ln237_3, i5" [/wrk/2020.1/continuous/2020_05_27_2902540/src/shared/hls/clib/hlsmath/include/FloatingPoint/hls_big_mult.h:237]   --->   Operation 172 'icmp' 'icmp_ln237_10' <Predicate = true> <Delay = 1.36> <CoreInst = "Cmp">   --->   Core 10 'Cmp' <Latency = 0> <II = 1> <Delay = 1.48> <FuncUnit> <Opcode : 'icmp'> <InPorts = 2> <OutPorts = 1>
ST_13 : Operation 173 [1/1] (0.97ns)   --->   "%and_ln237_3 = and i1 %icmp_ln237_5, i1 %icmp_ln237_10" [/wrk/2020.1/continuous/2020_05_27_2902540/src/shared/hls/clib/hlsmath/include/FloatingPoint/hls_big_mult.h:237]   --->   Operation 173 'and' 'and_ln237_3' <Predicate = true> <Delay = 0.97> <CoreInst = "LogicGate">   --->   Core 12 'LogicGate' <Latency = 0> <II = 1> <Delay = 1.03> <FuncUnit> <Opcode : 'and' 'or' 'xor'> <InPorts = 2> <OutPorts = 1>
ST_13 : Operation 174 [2/2] (3.25ns)   --->   "%pp_V_load_6 = load i6 %pp_V_addr_7"   --->   Operation 174 'load' 'pp_V_load_6' <Predicate = (and_ln237_3)> <Delay = 3.25> <CoreInst = "RAM">   --->   Core 23 'RAM' <Latency = 1> <II = 1> <Delay = 3.25> <Storage> <Opcode : 'load' 'store'> <Ports = 2> <Width = 34> <Depth = 49> <RAM>

State 14 <SV = 6> <Delay = 6.81>
ST_14 : Operation 175 [1/1] (0.00ns)   --->   "%empty_66 = phi i35 %add_ln649, void %bb86.0, i35 %zext_ln1455_1, void %bb87.split"   --->   Operation 175 'phi' 'empty_66' <Predicate = (!icmp_ln234)> <Delay = 0.00>
ST_14 : Operation 176 [1/1] (0.00ns)   --->   "%zext_ln237 = zext i35 %empty_66" [/wrk/2020.1/continuous/2020_05_27_2902540/src/shared/hls/clib/hlsmath/include/FloatingPoint/hls_big_mult.h:237]   --->   Operation 176 'zext' 'zext_ln237' <Predicate = (!icmp_ln234)> <Delay = 0.00>
ST_14 : Operation 177 [1/1] (1.76ns)   --->   "%br_ln237 = br i1 %icmp_ln237_1, void %.split2.2, void %bb86.1" [/wrk/2020.1/continuous/2020_05_27_2902540/src/shared/hls/clib/hlsmath/include/FloatingPoint/hls_big_mult.h:237]   --->   Operation 177 'br' 'br_ln237' <Predicate = (!icmp_ln234)> <Delay = 1.76>
ST_14 : Operation 178 [1/1] (0.00ns)   --->   "%zext_ln649_2 = zext i34 %pp_V_load_2"   --->   Operation 178 'zext' 'zext_ln649_2' <Predicate = (!icmp_ln234 & icmp_ln237_1)> <Delay = 0.00>
ST_14 : Operation 179 [1/1] (2.67ns)   --->   "%add_ln649_1 = add i36 %zext_ln237, i36 %zext_ln649_2"   --->   Operation 179 'add' 'add_ln649_1' <Predicate = (!icmp_ln234 & icmp_ln237_1)> <Delay = 2.67> <CoreInst = "Adder">   --->   Core 1 'Adder' <Latency = 0> <II = 1> <Delay = 1.87> <FuncUnit> <Opcode : 'add' 'sub'> <InPorts = 2> <OutPorts = 1>
ST_14 : Operation 180 [1/1] (0.00ns)   --->   "%zext_ln649_3 = zext i36 %add_ln649_1"   --->   Operation 180 'zext' 'zext_ln649_3' <Predicate = (!icmp_ln234 & icmp_ln237_1)> <Delay = 0.00>
ST_14 : Operation 181 [1/1] (2.32ns)   --->   "%store_ln649 = store i37 %zext_ln649_3, i4 %pps_V_addr_2, void %store_ln278, void %store_ln649"   --->   Operation 181 'store' 'store_ln649' <Predicate = (!icmp_ln234 & icmp_ln237_1)> <Delay = 2.32> <CoreInst = "RAM">   --->   Core 23 'RAM' <Latency = 1> <II = 1> <Delay = 2.32> <Storage> <Opcode : 'load' 'store'> <Ports = 2> <Width = 37> <Depth = 14> <RAM>
ST_14 : Operation 182 [1/1] (1.76ns)   --->   "%br_ln239 = br void %.split2.2" [/wrk/2020.1/continuous/2020_05_27_2902540/src/shared/hls/clib/hlsmath/include/FloatingPoint/hls_big_mult.h:239]   --->   Operation 182 'br' 'br_ln239' <Predicate = (!icmp_ln234 & icmp_ln237_1)> <Delay = 1.76>
ST_14 : Operation 183 [1/2] (3.25ns)   --->   "%pp_V_load_5 = load i6 %pp_V_addr_6"   --->   Operation 183 'load' 'pp_V_load_5' <Predicate = (!icmp_ln234 & and_ln237_2)> <Delay = 3.25> <CoreInst = "RAM">   --->   Core 23 'RAM' <Latency = 1> <II = 1> <Delay = 3.25> <Storage> <Opcode : 'load' 'store'> <Ports = 2> <Width = 34> <Depth = 49> <RAM>
ST_14 : Operation 184 [1/2] (3.25ns)   --->   "%pp_V_load_6 = load i6 %pp_V_addr_7"   --->   Operation 184 'load' 'pp_V_load_6' <Predicate = (!icmp_ln234 & and_ln237_3)> <Delay = 3.25> <CoreInst = "RAM">   --->   Core 23 'RAM' <Latency = 1> <II = 1> <Delay = 3.25> <Storage> <Opcode : 'load' 'store'> <Ports = 2> <Width = 34> <Depth = 49> <RAM>
ST_14 : Operation 185 [1/1] (1.30ns)   --->   "%icmp_ln237_6 = icmp_ugt  i4 %i_1, i4" [/wrk/2020.1/continuous/2020_05_27_2902540/src/shared/hls/clib/hlsmath/include/FloatingPoint/hls_big_mult.h:237]   --->   Operation 185 'icmp' 'icmp_ln237_6' <Predicate = (!icmp_ln234)> <Delay = 1.30> <CoreInst = "Cmp">   --->   Core 10 'Cmp' <Latency = 0> <II = 1> <Delay = 1.48> <FuncUnit> <Opcode : 'icmp'> <InPorts = 2> <OutPorts = 1>
ST_14 : Operation 186 [1/1] (1.73ns)   --->   "%add_ln237_4 = add i4 %i_1, i4" [/wrk/2020.1/continuous/2020_05_27_2902540/src/shared/hls/clib/hlsmath/include/FloatingPoint/hls_big_mult.h:237]   --->   Operation 186 'add' 'add_ln237_4' <Predicate = (!icmp_ln234)> <Delay = 1.73> <CoreInst = "Adder">   --->   Core 1 'Adder' <Latency = 0> <II = 1> <Delay = 1.87> <FuncUnit> <Opcode : 'add' 'sub'> <InPorts = 2> <OutPorts = 1>
ST_14 : Operation 187 [1/1] (0.00ns)   --->   "%sext_ln238_2 = sext i4 %add_ln237_4" [/wrk/2020.1/continuous/2020_05_27_2902540/src/shared/hls/clib/hlsmath/include/FloatingPoint/hls_big_mult.h:238]   --->   Operation 187 'sext' 'sext_ln238_2' <Predicate = (!icmp_ln234)> <Delay = 0.00>
ST_14 : Operation 188 [1/1] (1.82ns)   --->   "%add_ln238_5 = add i6 %sext_ln238_2, i6" [/wrk/2020.1/continuous/2020_05_27_2902540/src/shared/hls/clib/hlsmath/include/FloatingPoint/hls_big_mult.h:238]   --->   Operation 188 'add' 'add_ln238_5' <Predicate = (!icmp_ln234)> <Delay = 1.82> <CoreInst = "Adder">   --->   Core 1 'Adder' <Latency = 0> <II = 1> <Delay = 1.87> <FuncUnit> <Opcode : 'add' 'sub'> <InPorts = 2> <OutPorts = 1>
ST_14 : Operation 189 [1/1] (0.00ns)   --->   "%zext_ln238_6 = zext i6 %add_ln238_5" [/wrk/2020.1/continuous/2020_05_27_2902540/src/shared/hls/clib/hlsmath/include/FloatingPoint/hls_big_mult.h:238]   --->   Operation 189 'zext' 'zext_ln238_6' <Predicate = (!icmp_ln234)> <Delay = 0.00>
ST_14 : Operation 190 [1/1] (0.00ns)   --->   "%pp_V_addr_8 = getelementptr i34 %pp_V, i64, i64 %zext_ln238_6" [/wrk/2020.1/continuous/2020_05_27_2902540/src/shared/hls/clib/hlsmath/include/FloatingPoint/hls_big_mult.h:238]   --->   Operation 190 'getelementptr' 'pp_V_addr_8' <Predicate = (!icmp_ln234)> <Delay = 0.00>
ST_14 : Operation 191 [1/1] (1.30ns)   --->   "%icmp_ln237_11 = icmp_ne  i4 %add_ln237_4, i4" [/wrk/2020.1/continuous/2020_05_27_2902540/src/shared/hls/clib/hlsmath/include/FloatingPoint/hls_big_mult.h:237]   --->   Operation 191 'icmp' 'icmp_ln237_11' <Predicate = (!icmp_ln234)> <Delay = 1.30> <CoreInst = "Cmp">   --->   Core 10 'Cmp' <Latency = 0> <II = 1> <Delay = 1.48> <FuncUnit> <Opcode : 'icmp'> <InPorts = 2> <OutPorts = 1>
ST_14 : Operation 192 [1/1] (0.97ns)   --->   "%and_ln237_4 = and i1 %icmp_ln237_6, i1 %icmp_ln237_11" [/wrk/2020.1/continuous/2020_05_27_2902540/src/shared/hls/clib/hlsmath/include/FloatingPoint/hls_big_mult.h:237]   --->   Operation 192 'and' 'and_ln237_4' <Predicate = (!icmp_ln234)> <Delay = 0.97> <CoreInst = "LogicGate">   --->   Core 12 'LogicGate' <Latency = 0> <II = 1> <Delay = 1.03> <FuncUnit> <Opcode : 'and' 'or' 'xor'> <InPorts = 2> <OutPorts = 1>
ST_14 : Operation 193 [2/2] (3.25ns)   --->   "%pp_V_load_7 = load i6 %pp_V_addr_8"   --->   Operation 193 'load' 'pp_V_load_7' <Predicate = (!icmp_ln234 & and_ln237_4)> <Delay = 3.25> <CoreInst = "RAM">   --->   Core 23 'RAM' <Latency = 1> <II = 1> <Delay = 3.25> <Storage> <Opcode : 'load' 'store'> <Ports = 2> <Width = 34> <Depth = 49> <RAM>

State 15 <SV = 7> <Delay = 5.03>
ST_15 : Operation 194 [1/1] (0.00ns)   --->   "%empty_67 = phi i36 %add_ln649_1, void %bb86.1, i36 %zext_ln237, void %.split2.1"   --->   Operation 194 'phi' 'empty_67' <Predicate = (!icmp_ln234)> <Delay = 0.00>
ST_15 : Operation 195 [1/1] (1.76ns)   --->   "%br_ln237 = br i1 %and_ln237, void %.split2.3, void %bb86.2" [/wrk/2020.1/continuous/2020_05_27_2902540/src/shared/hls/clib/hlsmath/include/FloatingPoint/hls_big_mult.h:237]   --->   Operation 195 'br' 'br_ln237' <Predicate = (!icmp_ln234)> <Delay = 1.76>
ST_15 : Operation 196 [1/1] (0.00ns)   --->   "%zext_ln649_4 = zext i34 %pp_V_load_3"   --->   Operation 196 'zext' 'zext_ln649_4' <Predicate = (!icmp_ln234 & and_ln237)> <Delay = 0.00>
ST_15 : Operation 197 [1/1] (2.71ns)   --->   "%add_ln649_2 = add i36 %empty_67, i36 %zext_ln649_4"   --->   Operation 197 'add' 'add_ln649_2' <Predicate = (!icmp_ln234 & and_ln237)> <Delay = 2.71> <CoreInst = "Adder">   --->   Core 1 'Adder' <Latency = 0> <II = 1> <Delay = 1.87> <FuncUnit> <Opcode : 'add' 'sub'> <InPorts = 2> <OutPorts = 1>
ST_15 : Operation 198 [1/1] (0.00ns)   --->   "%zext_ln649_5 = zext i36 %add_ln649_2"   --->   Operation 198 'zext' 'zext_ln649_5' <Predicate = (!icmp_ln234 & and_ln237)> <Delay = 0.00>
ST_15 : Operation 199 [1/1] (2.32ns)   --->   "%store_ln649 = store i37 %zext_ln649_5, i4 %pps_V_addr_2, void %store_ln278, void %store_ln649, void %store_ln649"   --->   Operation 199 'store' 'store_ln649' <Predicate = (!icmp_ln234 & and_ln237)> <Delay = 2.32> <CoreInst = "RAM">   --->   Core 23 'RAM' <Latency = 1> <II = 1> <Delay = 2.32> <Storage> <Opcode : 'load' 'store'> <Ports = 2> <Width = 37> <Depth = 14> <RAM>
ST_15 : Operation 200 [1/1] (1.76ns)   --->   "%br_ln239 = br void %.split2.3" [/wrk/2020.1/continuous/2020_05_27_2902540/src/shared/hls/clib/hlsmath/include/FloatingPoint/hls_big_mult.h:239]   --->   Operation 200 'br' 'br_ln239' <Predicate = (!icmp_ln234 & and_ln237)> <Delay = 1.76>
ST_15 : Operation 201 [1/2] (3.25ns)   --->   "%pp_V_load_7 = load i6 %pp_V_addr_8"   --->   Operation 201 'load' 'pp_V_load_7' <Predicate = (!icmp_ln234 & and_ln237_4)> <Delay = 3.25> <CoreInst = "RAM">   --->   Core 23 'RAM' <Latency = 1> <II = 1> <Delay = 3.25> <Storage> <Opcode : 'load' 'store'> <Ports = 2> <Width = 34> <Depth = 49> <RAM>

State 16 <SV = 8> <Delay = 5.03>
ST_16 : Operation 202 [1/1] (0.00ns)   --->   "%empty_68 = phi i36 %add_ln649_2, void %bb86.2, i36 %empty_67, void %.split2.2"   --->   Operation 202 'phi' 'empty_68' <Predicate = (!icmp_ln234)> <Delay = 0.00>
ST_16 : Operation 203 [1/1] (0.00ns)   --->   "%zext_ln237_1 = zext i36 %empty_68" [/wrk/2020.1/continuous/2020_05_27_2902540/src/shared/hls/clib/hlsmath/include/FloatingPoint/hls_big_mult.h:237]   --->   Operation 203 'zext' 'zext_ln237_1' <Predicate = (!icmp_ln234)> <Delay = 0.00>
ST_16 : Operation 204 [1/1] (1.76ns)   --->   "%br_ln237 = br i1 %and_ln237_1, void %.split2.4, void %bb86.3" [/wrk/2020.1/continuous/2020_05_27_2902540/src/shared/hls/clib/hlsmath/include/FloatingPoint/hls_big_mult.h:237]   --->   Operation 204 'br' 'br_ln237' <Predicate = (!icmp_ln234)> <Delay = 1.76>
ST_16 : Operation 205 [1/1] (0.00ns)   --->   "%zext_ln649_6 = zext i34 %pp_V_load_4"   --->   Operation 205 'zext' 'zext_ln649_6' <Predicate = (!icmp_ln234 & and_ln237_1)> <Delay = 0.00>
ST_16 : Operation 206 [1/1] (2.71ns)   --->   "%add_ln649_3 = add i37 %zext_ln237_1, i37 %zext_ln649_6"   --->   Operation 206 'add' 'add_ln649_3' <Predicate = (!icmp_ln234 & and_ln237_1)> <Delay = 2.71> <CoreInst = "Adder">   --->   Core 1 'Adder' <Latency = 0> <II = 1> <Delay = 1.87> <FuncUnit> <Opcode : 'add' 'sub'> <InPorts = 2> <OutPorts = 1>
ST_16 : Operation 207 [1/1] (2.32ns)   --->   "%store_ln649 = store i37 %add_ln649_3, i4 %pps_V_addr_2, void %store_ln278, void %store_ln649, void %store_ln649, void %store_ln649"   --->   Operation 207 'store' 'store_ln649' <Predicate = (!icmp_ln234 & and_ln237_1)> <Delay = 2.32> <CoreInst = "RAM">   --->   Core 23 'RAM' <Latency = 1> <II = 1> <Delay = 2.32> <Storage> <Opcode : 'load' 'store'> <Ports = 2> <Width = 37> <Depth = 14> <RAM>
ST_16 : Operation 208 [1/1] (1.76ns)   --->   "%br_ln239 = br void %.split2.4" [/wrk/2020.1/continuous/2020_05_27_2902540/src/shared/hls/clib/hlsmath/include/FloatingPoint/hls_big_mult.h:239]   --->   Operation 208 'br' 'br_ln239' <Predicate = (!icmp_ln234 & and_ln237_1)> <Delay = 1.76>

State 17 <SV = 9> <Delay = 5.07>
ST_17 : Operation 209 [1/1] (0.00ns)   --->   "%empty_69 = phi i37 %add_ln649_3, void %bb86.3, i37 %zext_ln237_1, void %.split2.3"   --->   Operation 209 'phi' 'empty_69' <Predicate = (!icmp_ln234)> <Delay = 0.00>
ST_17 : Operation 210 [1/1] (1.76ns)   --->   "%br_ln237 = br i1 %and_ln237_2, void %.split2.5, void %bb86.4" [/wrk/2020.1/continuous/2020_05_27_2902540/src/shared/hls/clib/hlsmath/include/FloatingPoint/hls_big_mult.h:237]   --->   Operation 210 'br' 'br_ln237' <Predicate = (!icmp_ln234)> <Delay = 1.76>
ST_17 : Operation 211 [1/1] (0.00ns)   --->   "%zext_ln649_7 = zext i34 %pp_V_load_5"   --->   Operation 211 'zext' 'zext_ln649_7' <Predicate = (!icmp_ln234 & and_ln237_2)> <Delay = 0.00>
ST_17 : Operation 212 [1/1] (2.75ns)   --->   "%add_ln649_4 = add i37 %empty_69, i37 %zext_ln649_7"   --->   Operation 212 'add' 'add_ln649_4' <Predicate = (!icmp_ln234 & and_ln237_2)> <Delay = 2.75> <CoreInst = "Adder">   --->   Core 1 'Adder' <Latency = 0> <II = 1> <Delay = 1.87> <FuncUnit> <Opcode : 'add' 'sub'> <InPorts = 2> <OutPorts = 1>
ST_17 : Operation 213 [1/1] (2.32ns)   --->   "%store_ln649 = store i37 %add_ln649_4, i4 %pps_V_addr_2, void %store_ln278, void %store_ln649, void %store_ln649, void %store_ln649, void %store_ln649"   --->   Operation 213 'store' 'store_ln649' <Predicate = (!icmp_ln234 & and_ln237_2)> <Delay = 2.32> <CoreInst = "RAM">   --->   Core 23 'RAM' <Latency = 1> <II = 1> <Delay = 2.32> <Storage> <Opcode : 'load' 'store'> <Ports = 2> <Width = 37> <Depth = 14> <RAM>
ST_17 : Operation 214 [1/1] (1.76ns)   --->   "%br_ln239 = br void %.split2.5" [/wrk/2020.1/continuous/2020_05_27_2902540/src/shared/hls/clib/hlsmath/include/FloatingPoint/hls_big_mult.h:239]   --->   Operation 214 'br' 'br_ln239' <Predicate = (!icmp_ln234 & and_ln237_2)> <Delay = 1.76>

State 18 <SV = 10> <Delay = 5.07>
ST_18 : Operation 215 [1/1] (0.00ns)   --->   "%empty_70 = phi i37 %add_ln649_4, void %bb86.4, i37 %empty_69, void %.split2.4"   --->   Operation 215 'phi' 'empty_70' <Predicate = (!icmp_ln234)> <Delay = 0.00>
ST_18 : Operation 216 [1/1] (1.76ns)   --->   "%br_ln237 = br i1 %and_ln237_3, void %.split2.6, void %bb86.5" [/wrk/2020.1/continuous/2020_05_27_2902540/src/shared/hls/clib/hlsmath/include/FloatingPoint/hls_big_mult.h:237]   --->   Operation 216 'br' 'br_ln237' <Predicate = (!icmp_ln234)> <Delay = 1.76>
ST_18 : Operation 217 [1/1] (0.00ns)   --->   "%zext_ln649_8 = zext i34 %pp_V_load_6"   --->   Operation 217 'zext' 'zext_ln649_8' <Predicate = (!icmp_ln234 & and_ln237_3)> <Delay = 0.00>
ST_18 : Operation 218 [1/1] (2.75ns)   --->   "%add_ln649_5 = add i37 %empty_70, i37 %zext_ln649_8"   --->   Operation 218 'add' 'add_ln649_5' <Predicate = (!icmp_ln234 & and_ln237_3)> <Delay = 2.75> <CoreInst = "Adder">   --->   Core 1 'Adder' <Latency = 0> <II = 1> <Delay = 1.87> <FuncUnit> <Opcode : 'add' 'sub'> <InPorts = 2> <OutPorts = 1>
ST_18 : Operation 219 [1/1] (2.32ns)   --->   "%store_ln649 = store i37 %add_ln649_5, i4 %pps_V_addr_2, void %store_ln278, void %store_ln649, void %store_ln649, void %store_ln649, void %store_ln649, void %store_ln649"   --->   Operation 219 'store' 'store_ln649' <Predicate = (!icmp_ln234 & and_ln237_3)> <Delay = 2.32> <CoreInst = "RAM">   --->   Core 23 'RAM' <Latency = 1> <II = 1> <Delay = 2.32> <Storage> <Opcode : 'load' 'store'> <Ports = 2> <Width = 37> <Depth = 14> <RAM>
ST_18 : Operation 220 [1/1] (1.76ns)   --->   "%br_ln239 = br void %.split2.6" [/wrk/2020.1/continuous/2020_05_27_2902540/src/shared/hls/clib/hlsmath/include/FloatingPoint/hls_big_mult.h:239]   --->   Operation 220 'br' 'br_ln239' <Predicate = (!icmp_ln234 & and_ln237_3)> <Delay = 1.76>

State 19 <SV = 11> <Delay = 5.07>
ST_19 : Operation 221 [1/1] (0.00ns)   --->   "%empty_71 = phi i37 %add_ln649_5, void %bb86.5, i37 %empty_70, void %.split2.5"   --->   Operation 221 'phi' 'empty_71' <Predicate = (!icmp_ln234)> <Delay = 0.00>
ST_19 : Operation 222 [1/1] (0.00ns)   --->   "%br_ln237 = br i1 %and_ln237_4, void %.split2._crit_edge.6, void %bb86.6" [/wrk/2020.1/continuous/2020_05_27_2902540/src/shared/hls/clib/hlsmath/include/FloatingPoint/hls_big_mult.h:237]   --->   Operation 222 'br' 'br_ln237' <Predicate = (!icmp_ln234)> <Delay = 0.00>
ST_19 : Operation 223 [1/1] (0.00ns)   --->   "%zext_ln649_9 = zext i34 %pp_V_load_7"   --->   Operation 223 'zext' 'zext_ln649_9' <Predicate = (!icmp_ln234 & and_ln237_4)> <Delay = 0.00>
ST_19 : Operation 224 [1/1] (2.75ns)   --->   "%add_ln649_6 = add i37 %empty_71, i37 %zext_ln649_9"   --->   Operation 224 'add' 'add_ln649_6' <Predicate = (!icmp_ln234 & and_ln237_4)> <Delay = 2.75> <CoreInst = "Adder">   --->   Core 1 'Adder' <Latency = 0> <II = 1> <Delay = 1.87> <FuncUnit> <Opcode : 'add' 'sub'> <InPorts = 2> <OutPorts = 1>
ST_19 : Operation 225 [1/1] (2.32ns)   --->   "%store_ln649 = store i37 %add_ln649_6, i4 %pps_V_addr_2, void %store_ln278, void %store_ln649, void %store_ln649, void %store_ln649, void %store_ln649, void %store_ln649, void %store_ln649"   --->   Operation 225 'store' 'store_ln649' <Predicate = (!icmp_ln234 & and_ln237_4)> <Delay = 2.32> <CoreInst = "RAM">   --->   Core 23 'RAM' <Latency = 1> <II = 1> <Delay = 2.32> <Storage> <Opcode : 'load' 'store'> <Ports = 2> <Width = 37> <Depth = 14> <RAM>
ST_19 : Operation 226 [1/1] (0.00ns)   --->   "%br_ln239 = br void %.split2._crit_edge.6" [/wrk/2020.1/continuous/2020_05_27_2902540/src/shared/hls/clib/hlsmath/include/FloatingPoint/hls_big_mult.h:239]   --->   Operation 226 'br' 'br_ln239' <Predicate = (!icmp_ln234 & and_ln237_4)> <Delay = 0.00>
ST_19 : Operation 227 [1/1] (1.73ns)   --->   "%add_ln234 = add i4 %i_1, i4" [/wrk/2020.1/continuous/2020_05_27_2902540/src/shared/hls/clib/hlsmath/include/FloatingPoint/hls_big_mult.h:234]   --->   Operation 227 'add' 'add_ln234' <Predicate = (!icmp_ln234)> <Delay = 1.73> <CoreInst = "Adder">   --->   Core 1 'Adder' <Latency = 0> <II = 1> <Delay = 1.87> <FuncUnit> <Opcode : 'add' 'sub'> <InPorts = 2> <OutPorts = 1>
ST_19 : Operation 228 [1/1] (0.00ns)   --->   "%br_ln0 = br void %bb87"   --->   Operation 228 'br' 'br_ln0' <Predicate = (!icmp_ln234)> <Delay = 0.00>

State 20 <SV = 4> <Delay = 1.76>
ST_20 : Operation 229 [1/1] (1.76ns)   --->   "%br_ln0 = br void %.preheader"   --->   Operation 229 'br' 'br_ln0' <Predicate = true> <Delay = 1.76>

State 21 <SV = 5> <Delay = 4.53>
ST_21 : Operation 230 [1/1] (0.00ns)   --->   "%i_2 = phi i4 %add_ln243, void %.split, i4, void %.preheader.preheader" [/wrk/2020.1/continuous/2020_05_27_2902540/src/shared/hls/clib/hlsmath/include/FloatingPoint/hls_big_mult.h:244]   --->   Operation 230 'phi' 'i_2' <Predicate = true> <Delay = 0.00>
ST_21 : Operation 231 [1/1] (1.30ns)   --->   "%icmp_ln243 = icmp_eq  i4 %i_2, i4" [/wrk/2020.1/continuous/2020_05_27_2902540/src/shared/hls/clib/hlsmath/include/FloatingPoint/hls_big_mult.h:243]   --->   Operation 231 'icmp' 'icmp_ln243' <Predicate = true> <Delay = 1.30> <CoreInst = "Cmp">   --->   Core 10 'Cmp' <Latency = 0> <II = 1> <Delay = 1.48> <FuncUnit> <Opcode : 'icmp'> <InPorts = 2> <OutPorts = 1>
ST_21 : Operation 232 [1/1] (1.73ns)   --->   "%add_ln243 = add i4 %i_2, i4" [/wrk/2020.1/continuous/2020_05_27_2902540/src/shared/hls/clib/hlsmath/include/FloatingPoint/hls_big_mult.h:243]   --->   Operation 232 'add' 'add_ln243' <Predicate = true> <Delay = 1.73> <CoreInst = "Adder">   --->   Core 1 'Adder' <Latency = 0> <II = 1> <Delay = 1.87> <FuncUnit> <Opcode : 'add' 'sub'> <InPorts = 2> <OutPorts = 1>
ST_21 : Operation 233 [1/1] (0.00ns)   --->   "%br_ln243 = br i1 %icmp_ln243, void %.split, void" [/wrk/2020.1/continuous/2020_05_27_2902540/src/shared/hls/clib/hlsmath/include/FloatingPoint/hls_big_mult.h:243]   --->   Operation 233 'br' 'br_ln243' <Predicate = true> <Delay = 0.00>
ST_21 : Operation 234 [1/1] (0.00ns)   --->   "%trunc_ln244_cast8 = zext i4 %i_2" [/wrk/2020.1/continuous/2020_05_27_2902540/src/shared/hls/clib/hlsmath/include/FloatingPoint/hls_big_mult.h:244]   --->   Operation 234 'zext' 'trunc_ln244_cast8' <Predicate = (!icmp_ln243)> <Delay = 0.00>
ST_21 : Operation 235 [1/1] (0.00ns)   --->   "%add_ln1 = bitconcatenate i8 @_ssdm_op_BitConcatenate.i8.i4.i4, i4 %add_ln243, i4 %i_2" [/wrk/2020.1/continuous/2020_05_27_2902540/src/shared/hls/clib/hlsmath/include/FloatingPoint/hls_big_mult.h:246]   --->   Operation 235 'bitconcatenate' 'add_ln1' <Predicate = (!icmp_ln243)> <Delay = 0.00>
ST_21 : Operation 236 [1/1] (1.55ns)   --->   "%icmp_ln247 = icmp_ugt  i8 %add_ln1, i8" [/wrk/2020.1/continuous/2020_05_27_2902540/src/shared/hls/clib/hlsmath/include/FloatingPoint/hls_big_mult.h:247]   --->   Operation 236 'icmp' 'icmp_ln247' <Predicate = (!icmp_ln243)> <Delay = 1.55> <CoreInst = "Cmp">   --->   Core 10 'Cmp' <Latency = 0> <II = 1> <Delay = 1.48> <FuncUnit> <Opcode : 'icmp'> <InPorts = 2> <OutPorts = 1>
ST_21 : Operation 237 [1/1] (1.24ns)   --->   "%Ui_1 = select i1 %icmp_ln247, i8, i8 %add_ln1" [/wrk/2020.1/continuous/2020_05_27_2902540/src/shared/hls/clib/hlsmath/include/FloatingPoint/hls_big_mult.h:247]   --->   Operation 237 'select' 'Ui_1' <Predicate = (!icmp_ln243)> <Delay = 1.24> <CoreInst = "Sel">   --->   Core 11 'Sel' <Latency = 0> <II = 1> <Delay = 0.99> <FuncUnit> <Opcode : 'select'> <InPorts = 3> <OutPorts = 1>
ST_21 : Operation 238 [1/1] (0.00ns)   --->   "%pps_V_addr_3 = getelementptr i37 %pps_V, i64, i64 %trunc_ln244_cast8"   --->   Operation 238 'getelementptr' 'pps_V_addr_3' <Predicate = (!icmp_ln243)> <Delay = 0.00>
ST_21 : Operation 239 [2/2] (2.32ns)   --->   "%p_Val2_s = load i4 %pps_V_addr_3"   --->   Operation 239 'load' 'p_Val2_s' <Predicate = (!icmp_ln243)> <Delay = 2.32> <CoreInst = "RAM">   --->   Core 23 'RAM' <Latency = 1> <II = 1> <Delay = 2.32> <Storage> <Opcode : 'load' 'store'> <Ports = 2> <Width = 37> <Depth = 14> <RAM>

State 22 <SV = 6> <Delay = 6.33>
ST_22 : Operation 240 [1/1] (0.00ns)   --->   "%p_Val2_35 = phi i222 %p_Result_62, void %.split, i222, void %.preheader.preheader"   --->   Operation 240 'phi' 'p_Val2_35' <Predicate = true> <Delay = 0.00>
ST_22 : Operation 241 [1/1] (0.00ns)   --->   "%specpipeline_ln0 = specpipeline void @_ssdm_op_SpecPipeline, i32, i32, i32, i32, void @p_str"   --->   Operation 241 'specpipeline' 'specpipeline_ln0' <Predicate = true> <Delay = 0.00>
ST_22 : Operation 242 [1/1] (0.00ns)   --->   "%empty_72 = speclooptripcount i32 @_ssdm_op_SpecLoopTripCount, i64, i64, i64"   --->   Operation 242 'speclooptripcount' 'empty_72' <Predicate = true> <Delay = 0.00>
ST_22 : Operation 243 [1/2] (2.32ns)   --->   "%p_Val2_s = load i4 %pps_V_addr_3"   --->   Operation 243 'load' 'p_Val2_s' <Predicate = (!icmp_ln243)> <Delay = 2.32> <CoreInst = "RAM">   --->   Core 23 'RAM' <Latency = 1> <II = 1> <Delay = 2.32> <Storage> <Opcode : 'load' 'store'> <Ports = 2> <Width = 37> <Depth = 14> <RAM>
ST_22 : Operation 244 [1/1] (0.00ns) (grouped into LUT with out node shl_ln368)   --->   "%p_Repl2_s = trunc i37 %p_Val2_s"   --->   Operation 244 'trunc' 'p_Repl2_s' <Predicate = (!icmp_ln243)> <Delay = 0.00>
ST_22 : Operation 245 [1/1] (0.00ns) (grouped into LUT with out node shl_ln368)   --->   "%zext_ln169 = zext i17 %p_Repl2_s"   --->   Operation 245 'zext' 'zext_ln169' <Predicate = (!icmp_ln243)> <Delay = 0.00>
ST_22 : Operation 246 [1/1] (0.00ns)   --->   "%add_ln3 = bitconcatenate i8 @_ssdm_op_BitConcatenate.i8.i4.i4, i4 %i_2, i4 %i_2"   --->   Operation 246 'bitconcatenate' 'add_ln3' <Predicate = (!icmp_ln243)> <Delay = 0.00>
ST_22 : Operation 247 [1/1] (1.55ns)   --->   "%icmp_ln368 = icmp_ugt  i8 %add_ln3, i8 %Ui_1"   --->   Operation 247 'icmp' 'icmp_ln368' <Predicate = (!icmp_ln243)> <Delay = 1.55> <CoreInst = "Cmp">   --->   Core 10 'Cmp' <Latency = 0> <II = 1> <Delay = 1.48> <FuncUnit> <Opcode : 'icmp'> <InPorts = 2> <OutPorts = 1>
ST_22 : Operation 248 [1/1] (1.91ns)   --->   "%sub_ln368 = sub i8, i8 %add_ln3"   --->   Operation 248 'sub' 'sub_ln368' <Predicate = (!icmp_ln243)> <Delay = 1.91> <CoreInst = "Adder">   --->   Core 1 'Adder' <Latency = 0> <II = 1> <Delay = 1.87> <FuncUnit> <Opcode : 'add' 'sub'> <InPorts = 2> <OutPorts = 1>
ST_22 : Operation 249 [1/1] (0.00ns) (grouped into LUT with out node shl_ln368)   --->   "%select_ln368_2 = select i1 %icmp_ln368, i8 %sub_ln368, i8 %add_ln3"   --->   Operation 249 'select' 'select_ln368_2' <Predicate = (!icmp_ln243)> <Delay = 0.00> <CoreInst = "Sel">   --->   Core 11 'Sel' <Latency = 0> <II = 1> <Delay = 0.99> <FuncUnit> <Opcode : 'select'> <InPorts = 3> <OutPorts = 1>
ST_22 : Operation 250 [1/1] (0.00ns) (grouped into LUT with out node shl_ln368)   --->   "%zext_ln368 = zext i8 %select_ln368_2"   --->   Operation 250 'zext' 'zext_ln368' <Predicate = (!icmp_ln243)> <Delay = 0.00>
ST_22 : Operation 251 [1/1] (4.01ns) (out node of the LUT)   --->   "%shl_ln368 = shl i222 %zext_ln169, i222 %zext_ln368"   --->   Operation 251 'shl' 'shl_ln368' <Predicate = (!icmp_ln243)> <Delay = 4.01> <CoreInst = "Shift">   --->   Core 13 'Shift' <Latency = 0> <II = 1> <Delay = 3.04> <FuncUnit> <Opcode : 'shl' 'lshr' 'ashr'> <InPorts = 2> <OutPorts = 1>

State 23 <SV = 7> <Delay = 6.57>
ST_23 : Operation 252 [1/1] (0.00ns) (grouped into LUT with out node sub_ln368_1)   --->   "%select_ln368 = select i1 %icmp_ln368, i8 %add_ln3, i8 %Ui_1"   --->   Operation 252 'select' 'select_ln368' <Predicate = (!icmp_ln243)> <Delay = 0.00> <CoreInst = "Sel">   --->   Core 11 'Sel' <Latency = 0> <II = 1> <Delay = 0.99> <FuncUnit> <Opcode : 'select'> <InPorts = 3> <OutPorts = 1>
ST_23 : Operation 253 [1/1] (0.00ns) (grouped into LUT with out node and_ln368)   --->   "%select_ln368_1 = select i1 %icmp_ln368, i8 %Ui_1, i8 %add_ln3"   --->   Operation 253 'select' 'select_ln368_1' <Predicate = (!icmp_ln243)> <Delay = 0.00> <CoreInst = "Sel">   --->   Core 11 'Sel' <Latency = 0> <II = 1> <Delay = 0.99> <FuncUnit> <Opcode : 'select'> <InPorts = 3> <OutPorts = 1>
ST_23 : Operation 254 [1/1] (1.91ns) (out node of the LUT)   --->   "%sub_ln368_1 = sub i8, i8 %select_ln368"   --->   Operation 254 'sub' 'sub_ln368_1' <Predicate = (!icmp_ln243)> <Delay = 1.91> <CoreInst = "Adder">   --->   Core 1 'Adder' <Latency = 0> <II = 1> <Delay = 1.87> <FuncUnit> <Opcode : 'add' 'sub'> <InPorts = 2> <OutPorts = 1>
ST_23 : Operation 255 [1/1] (0.00ns) (grouped into LUT with out node and_ln368)   --->   "%zext_ln368_1 = zext i8 %select_ln368_1"   --->   Operation 255 'zext' 'zext_ln368_1' <Predicate = (!icmp_ln243)> <Delay = 0.00>
ST_23 : Operation 256 [1/1] (0.00ns) (grouped into LUT with out node and_ln368)   --->   "%zext_ln368_2 = zext i8 %sub_ln368_1"   --->   Operation 256 'zext' 'zext_ln368_2' <Predicate = (!icmp_ln243)> <Delay = 0.00>
ST_23 : Operation 257 [1/1] (0.00ns) (grouped into LUT with out node p_Result_62)   --->   "%tmp_27 = partselect i222 @llvm.part.select.i222, i222 %shl_ln368, i32, i32"   --->   Operation 257 'partselect' 'tmp_27' <Predicate = (!icmp_ln243 & icmp_ln368)> <Delay = 0.00>
ST_23 : Operation 258 [1/1] (0.00ns) (grouped into LUT with out node p_Result_62)   --->   "%select_ln368_3 = select i1 %icmp_ln368, i222 %tmp_27, i222 %shl_ln368"   --->   Operation 258 'select' 'select_ln368_3' <Predicate = (!icmp_ln243)> <Delay = 0.00> <CoreInst = "Sel">   --->   Core 11 'Sel' <Latency = 0> <II = 1> <Delay = 0.99> <FuncUnit> <Opcode : 'select'> <InPorts = 3> <OutPorts = 1>
ST_23 : Operation 259 [1/1] (0.00ns) (grouped into LUT with out node and_ln368)   --->   "%shl_ln368_1 = shl i222, i222 %zext_ln368_1"   --->   Operation 259 'shl' 'shl_ln368_1' <Predicate = (!icmp_ln243)> <Delay = 0.00> <CoreInst = "Shift">   --->   Core 13 'Shift' <Latency = 0> <II = 1> <Delay = 3.04> <FuncUnit> <Opcode : 'shl' 'lshr' 'ashr'> <InPorts = 2> <OutPorts = 1>
ST_23 : Operation 260 [1/1] (0.00ns) (grouped into LUT with out node and_ln368)   --->   "%lshr_ln368 = lshr i222, i222 %zext_ln368_2"   --->   Operation 260 'lshr' 'lshr_ln368' <Predicate = (!icmp_ln243)> <Delay = 0.00> <CoreInst = "Shift">   --->   Core 13 'Shift' <Latency = 0> <II = 1> <Delay = 3.04> <FuncUnit> <Opcode : 'shl' 'lshr' 'ashr'> <InPorts = 2> <OutPorts = 1>
ST_23 : Operation 261 [1/1] (3.14ns) (out node of the LUT)   --->   "%and_ln368 = and i222 %shl_ln368_1, i222 %lshr_ln368"   --->   Operation 261 'and' 'and_ln368' <Predicate = (!icmp_ln243)> <Delay = 3.14> <CoreInst = "LogicGate">   --->   Core 12 'LogicGate' <Latency = 0> <II = 1> <Delay = 1.03> <FuncUnit> <Opcode : 'and' 'or' 'xor'> <InPorts = 2> <OutPorts = 1>
ST_23 : Operation 262 [1/1] (0.00ns) (grouped into LUT with out node p_Result_62)   --->   "%xor_ln368 = xor i222 %and_ln368, i222"   --->   Operation 262 'xor' 'xor_ln368' <Predicate = (!icmp_ln243)> <Delay = 0.00> <CoreInst = "LogicGate">   --->   Core 12 'LogicGate' <Latency = 0> <II = 1> <Delay = 1.03> <FuncUnit> <Opcode : 'and' 'or' 'xor'> <InPorts = 2> <OutPorts = 1>
ST_23 : Operation 263 [1/1] (0.00ns) (grouped into LUT with out node p_Result_62)   --->   "%and_ln368_1 = and i222 %p_Val2_35, i222 %xor_ln368"   --->   Operation 263 'and' 'and_ln368_1' <Predicate = (!icmp_ln243)> <Delay = 0.00> <CoreInst = "LogicGate">   --->   Core 12 'LogicGate' <Latency = 0> <II = 1> <Delay = 1.03> <FuncUnit> <Opcode : 'and' 'or' 'xor'> <InPorts = 2> <OutPorts = 1>
ST_23 : Operation 264 [1/1] (0.00ns) (grouped into LUT with out node p_Result_62)   --->   "%and_ln368_2 = and i222 %select_ln368_3, i222 %and_ln368"   --->   Operation 264 'and' 'and_ln368_2' <Predicate = (!icmp_ln243)> <Delay = 0.00> <CoreInst = "LogicGate">   --->   Core 12 'LogicGate' <Latency = 0> <II = 1> <Delay = 1.03> <FuncUnit> <Opcode : 'and' 'or' 'xor'> <InPorts = 2> <OutPorts = 1>
ST_23 : Operation 265 [1/1] (1.50ns) (out node of the LUT)   --->   "%p_Result_62 = or i222 %and_ln368_1, i222 %and_ln368_2"   --->   Operation 265 'or' 'p_Result_62' <Predicate = (!icmp_ln243)> <Delay = 1.50> <CoreInst = "LogicGate">   --->   Core 12 'LogicGate' <Latency = 0> <II = 1> <Delay = 1.03> <FuncUnit> <Opcode : 'and' 'or' 'xor'> <InPorts = 2> <OutPorts = 1>
ST_23 : Operation 266 [1/1] (0.00ns)   --->   "%br_ln0 = br void %.preheader"   --->   Operation 266 'br' 'br_ln0' <Predicate = (!icmp_ln243)> <Delay = 0.00>

State 24 <SV = 7> <Delay = 0.00>
ST_24 : Operation 267 [1/1] (0.00ns)   --->   "%empty_73 = trunc i222 %p_Val2_35"   --->   Operation 267 'trunc' 'empty_73' <Predicate = true> <Delay = 0.00>
ST_24 : Operation 268 [1/1] (0.00ns)   --->   "%ret_ln251 = ret i180 %empty_73" [/wrk/2020.1/continuous/2020_05_27_2902540/src/shared/hls/clib/hlsmath/include/FloatingPoint/hls_big_mult.h:251]   --->   Operation 268 'ret' 'ret_ln251' <Predicate = true> <Delay = 0.00>


============================================================
+ Verbose Summary: Timing violations
============================================================
Target clock period: 10ns, clock uncertainty: 2.7ns.

 <State 1>: 1.77ns
The critical path consists of the following:
	multiplexor before 'phi' operation ('i') with incoming values : ('indvars_iv_next81') [9]  (1.77 ns)

 <State 2>: 3.25ns
The critical path consists of the following:
	'load' operation ('pp_V_load') on array 'pp.V', /wrk/2020.1/continuous/2020_05_27_2902540/src/shared/hls/clib/hlsmath/include/FloatingPoint/hls_big_mult.h:221 [79]  (3.25 ns)

 <State 3>: 6.77ns
The critical path consists of the following:
	'sub' operation ('sub_ln311_1') [28]  (1.87 ns)
	'select' operation ('select_ln311_2') [32]  (0 ns)
	'lshr' operation ('lshr_ln311') [36]  (4.9 ns)

 <State 4>: 3.04ns
The critical path consists of the following:
	'lshr' operation ('lshr_ln311_1') [37]  (0 ns)
	'and' operation ('__Result__') [38]  (3.04 ns)

 <State 5>: 6.6ns
The critical path consists of the following:
	'phi' operation ('j', /wrk/2020.1/continuous/2020_05_27_2902540/src/shared/hls/clib/hlsmath/include/FloatingPoint/hls_big_mult.h:224) with incoming values : ('add_ln224', /wrk/2020.1/continuous/2020_05_27_2902540/src/shared/hls/clib/hlsmath/include/FloatingPoint/hls_big_mult.h:224) [42]  (0 ns)
	'add' operation ('add_ln226', /wrk/2020.1/continuous/2020_05_27_2902540/src/shared/hls/clib/hlsmath/include/FloatingPoint/hls_big_mult.h:226) [56]  (1.87 ns)
	'select' operation ('Uj', /wrk/2020.1/continuous/2020_05_27_2902540/src/shared/hls/clib/hlsmath/include/FloatingPoint/hls_big_mult.h:226) [57]  (0.993 ns)
	'sub' operation ('sub_ln311_4') [60]  (1.87 ns)
	'select' operation ('select_ln311_3') [63]  (0 ns)
	'sub' operation ('sub_ln311_7') [66]  (1.87 ns)

 <State 6>: 6.69ns
The critical path consists of the following:
	'sub' operation ('sub_ln311_5') [61]  (1.87 ns)
	'select' operation ('select_ln311_5') [65]  (0 ns)
	'lshr' operation ('lshr_ln311_2') [69]  (0 ns)
	'and' operation ('__Result__') [71]  (4.82 ns)

 <State 7>: 6.91ns
The critical path consists of the following:
	'mul' operation ('mul_ln165') [73]  (6.91 ns)

 <State 8>: 6.91ns
The critical path consists of the following:
	'mul' operation ('mul_ln165') [73]  (6.91 ns)

 <State 9>: 3.25ns
The critical path consists of the following:
	'store' operation ('store_ln278') of variable 'mul_ln165' on array 'pp.V', /wrk/2020.1/continuous/2020_05_27_2902540/src/shared/hls/clib/hlsmath/include/FloatingPoint/hls_big_mult.h:221 [74]  (3.25 ns)

 <State 10>: 5.58ns
The critical path consists of the following:
	'load' operation ('pp_V_load') on array 'pp.V', /wrk/2020.1/continuous/2020_05_27_2902540/src/shared/hls/clib/hlsmath/include/FloatingPoint/hls_big_mult.h:221 [79]  (3.25 ns)
	'store' operation ('store_ln278') of variable 'zext_ln278' on array 'pps.V', /wrk/2020.1/continuous/2020_05_27_2902540/src/shared/hls/clib/hlsmath/include/FloatingPoint/hls_big_mult.h:231 [82]  (2.32 ns)

 <State 11>: 7.44ns
The critical path consists of the following:
	'phi' operation ('i', /wrk/2020.1/continuous/2020_05_27_2902540/src/shared/hls/clib/hlsmath/include/FloatingPoint/hls_big_mult.h:234) with incoming values : ('add_ln234', /wrk/2020.1/continuous/2020_05_27_2902540/src/shared/hls/clib/hlsmath/include/FloatingPoint/hls_big_mult.h:234) [85]  (0 ns)
	'add' operation ('add_ln235', /wrk/2020.1/continuous/2020_05_27_2902540/src/shared/hls/clib/hlsmath/include/FloatingPoint/hls_big_mult.h:235) [94]  (1.74 ns)
	'add' operation ('add_ln238', /wrk/2020.1/continuous/2020_05_27_2902540/src/shared/hls/clib/hlsmath/include/FloatingPoint/hls_big_mult.h:238) [97]  (1.74 ns)
	'getelementptr' operation ('pp_V_addr_3', /wrk/2020.1/continuous/2020_05_27_2902540/src/shared/hls/clib/hlsmath/include/FloatingPoint/hls_big_mult.h:238) [99]  (0 ns)
	'load' operation ('pp_V_load_2') on array 'pp.V', /wrk/2020.1/continuous/2020_05_27_2902540/src/shared/hls/clib/hlsmath/include/FloatingPoint/hls_big_mult.h:221 [122]  (3.25 ns)
	blocking operation 0.718 ns on control path)

 <State 12>: 5.11ns
The critical path consists of the following:
	'add' operation ('add_ln238_1', /wrk/2020.1/continuous/2020_05_27_2902540/src/shared/hls/clib/hlsmath/include/FloatingPoint/hls_big_mult.h:238) [133]  (1.78 ns)
	'getelementptr' operation ('pp_V_addr_4', /wrk/2020.1/continuous/2020_05_27_2902540/src/shared/hls/clib/hlsmath/include/FloatingPoint/hls_big_mult.h:238) [135]  (0 ns)
	'load' operation ('pp_V_load_3') on array 'pp.V', /wrk/2020.1/continuous/2020_05_27_2902540/src/shared/hls/clib/hlsmath/include/FloatingPoint/hls_big_mult.h:221 [140]  (3.25 ns)
	blocking operation 0.0774 ns on control path)

 <State 13>: 6.81ns
The critical path consists of the following:
	'add' operation ('add_ln237_2', /wrk/2020.1/continuous/2020_05_27_2902540/src/shared/hls/clib/hlsmath/include/FloatingPoint/hls_big_mult.h:237) [167]  (1.74 ns)
	'add' operation ('add_ln238_3', /wrk/2020.1/continuous/2020_05_27_2902540/src/shared/hls/clib/hlsmath/include/FloatingPoint/hls_big_mult.h:238) [169]  (1.83 ns)
	'getelementptr' operation ('pp_V_addr_6', /wrk/2020.1/continuous/2020_05_27_2902540/src/shared/hls/clib/hlsmath/include/FloatingPoint/hls_big_mult.h:238) [171]  (0 ns)
	'load' operation ('pp_V_load_5') on array 'pp.V', /wrk/2020.1/continuous/2020_05_27_2902540/src/shared/hls/clib/hlsmath/include/FloatingPoint/hls_big_mult.h:221 [176]  (3.25 ns)

 <State 14>: 6.81ns
The critical path consists of the following:
	'add' operation ('add_ln237_4', /wrk/2020.1/continuous/2020_05_27_2902540/src/shared/hls/clib/hlsmath/include/FloatingPoint/hls_big_mult.h:237) [201]  (1.74 ns)
	'add' operation ('add_ln238_5', /wrk/2020.1/continuous/2020_05_27_2902540/src/shared/hls/clib/hlsmath/include/FloatingPoint/hls_big_mult.h:238) [203]  (1.83 ns)
	'getelementptr' operation ('pp_V_addr_8', /wrk/2020.1/continuous/2020_05_27_2902540/src/shared/hls/clib/hlsmath/include/FloatingPoint/hls_big_mult.h:238) [205]  (0 ns)
	'load' operation ('pp_V_load_7') on array 'pp.V', /wrk/2020.1/continuous/2020_05_27_2902540/src/shared/hls/clib/hlsmath/include/FloatingPoint/hls_big_mult.h:221 [210]  (3.25 ns)

 <State 15>: 5.04ns
The critical path consists of the following:
	'phi' operation ('empty_67') with incoming values : ('zext_ln237', /wrk/2020.1/continuous/2020_05_27_2902540/src/shared/hls/clib/hlsmath/include/FloatingPoint/hls_big_mult.h:237) ('add_ln649_1') [129]  (0 ns)
	'add' operation ('add_ln649_2') [142]  (2.71 ns)
	'store' operation ('store_ln649') of variable 'zext_ln649_5' on array 'pps.V', /wrk/2020.1/continuous/2020_05_27_2902540/src/shared/hls/clib/hlsmath/include/FloatingPoint/hls_big_mult.h:231 [144]  (2.32 ns)

 <State 16>: 5.04ns
The critical path consists of the following:
	'phi' operation ('empty_68') with incoming values : ('zext_ln237', /wrk/2020.1/continuous/2020_05_27_2902540/src/shared/hls/clib/hlsmath/include/FloatingPoint/hls_big_mult.h:237) ('add_ln649_1') ('add_ln649_2') [147]  (0 ns)
	'add' operation ('add_ln649_3') [160]  (2.71 ns)
	'store' operation ('store_ln649') of variable 'add_ln649_3' on array 'pps.V', /wrk/2020.1/continuous/2020_05_27_2902540/src/shared/hls/clib/hlsmath/include/FloatingPoint/hls_big_mult.h:231 [161]  (2.32 ns)

 <State 17>: 5.08ns
The critical path consists of the following:
	'phi' operation ('empty_69') with incoming values : ('zext_ln237_1', /wrk/2020.1/continuous/2020_05_27_2902540/src/shared/hls/clib/hlsmath/include/FloatingPoint/hls_big_mult.h:237) ('add_ln649_3') [164]  (0 ns)
	'add' operation ('add_ln649_4') [178]  (2.76 ns)
	'store' operation ('store_ln649') of variable 'add_ln649_4' on array 'pps.V', /wrk/2020.1/continuous/2020_05_27_2902540/src/shared/hls/clib/hlsmath/include/FloatingPoint/hls_big_mult.h:231 [179]  (2.32 ns)

 <State 18>: 5.08ns
The critical path consists of the following:
	'phi' operation ('empty_70') with incoming values : ('zext_ln237_1', /wrk/2020.1/continuous/2020_05_27_2902540/src/shared/hls/clib/hlsmath/include/FloatingPoint/hls_big_mult.h:237) ('add_ln649_3') ('add_ln649_4') [182]  (0 ns)
	'add' operation ('add_ln649_5') [195]  (2.76 ns)
	'store' operation ('store_ln649') of variable 'add_ln649_5' on array 'pps.V', /wrk/2020.1/continuous/2020_05_27_2902540/src/shared/hls/clib/hlsmath/include/FloatingPoint/hls_big_mult.h:231 [196]  (2.32 ns)

 <State 19>: 5.08ns
The critical path consists of the following:
	'phi' operation ('empty_71') with incoming values : ('zext_ln237_1', /wrk/2020.1/continuous/2020_05_27_2902540/src/shared/hls/clib/hlsmath/include/FloatingPoint/hls_big_mult.h:237) ('add_ln649_3') ('add_ln649_4') ('add_ln649_5') [199]  (0 ns)
	'add' operation ('add_ln649_6') [212]  (2.76 ns)
	'store' operation ('store_ln649') of variable 'add_ln649_6' on array 'pps.V', /wrk/2020.1/continuous/2020_05_27_2902540/src/shared/hls/clib/hlsmath/include/FloatingPoint/hls_big_mult.h:231 [213]  (2.32 ns)

 <State 20>: 1.77ns
The critical path consists of the following:
	multiplexor before 'phi' operation ('__Result__') with incoming values : ('__Result__') [221]  (1.77 ns)

 <State 21>: 4.53ns
The critical path consists of the following:
	'phi' operation ('i', /wrk/2020.1/continuous/2020_05_27_2902540/src/shared/hls/clib/hlsmath/include/FloatingPoint/hls_big_mult.h:244) with incoming values : ('add_ln243', /wrk/2020.1/continuous/2020_05_27_2902540/src/shared/hls/clib/hlsmath/include/FloatingPoint/hls_big_mult.h:243) [222]  (0 ns)
	'add' operation ('add_ln243', /wrk/2020.1/continuous/2020_05_27_2902540/src/shared/hls/clib/hlsmath/include/FloatingPoint/hls_big_mult.h:243) [226]  (1.74 ns)
	'icmp' operation ('icmp_ln247', /wrk/2020.1/continuous/2020_05_27_2902540/src/shared/hls/clib/hlsmath/include/FloatingPoint/hls_big_mult.h:247) [231]  (1.55 ns)
	'select' operation ('Ui', /wrk/2020.1/continuous/2020_05_27_2902540/src/shared/hls/clib/hlsmath/include/FloatingPoint/hls_big_mult.h:247) [232]  (1.25 ns)

 <State 22>: 6.34ns
The critical path consists of the following:
	'load' operation ('__Val2__') on array 'pps.V', /wrk/2020.1/continuous/2020_05_27_2902540/src/shared/hls/clib/hlsmath/include/FloatingPoint/hls_big_mult.h:231 [234]  (2.32 ns)
	'shl' operation ('shl_ln368') [247]  (4.01 ns)

 <State 23>: 6.57ns
The critical path consists of the following:
	'select' operation ('select_ln368') [240]  (0 ns)
	'sub' operation ('sub_ln368_1') [243]  (1.92 ns)
	'lshr' operation ('lshr_ln368') [251]  (0 ns)
	'and' operation ('and_ln368') [252]  (3.15 ns)
	'xor' operation ('xor_ln368') [253]  (0 ns)
	'and' operation ('and_ln368_1') [254]  (0 ns)
	'or' operation ('__Result__') [256]  (1.51 ns)

 <State 24>: 0ns
The critical path consists of the following:


============================================================
+ Verbose Summary: Binding
============================================================
N/A
* FSMD analyzer results:
  - Output states:
 - Input state : 
  - Chain level:
	State 1
	State 2
	State 3
	State 4
	State 5
	State 6
	State 7
	State 8
	State 9
	State 10
	State 11
	State 12
	State 13
	State 14
	State 15
	State 16
	State 17
	State 18
	State 19
	State 20
	State 21
	State 22
	State 23
	State 24


============================================================
+ Verbose Summary: Datapath Resource usage 
============================================================
N/A
