

================================================================
== Vitis HLS Report for 'generic_tanh_double_s'
================================================================
* Date:           Wed Jan  1 00:01:10 2020

* Version:        2020.1 (Build 2902540 on Wed May 27 20:16:15 MDT 2020)
* Project:        MorrisLecar
* Solution:       MorrisLecar (Vivado IP Flow Target)
* Product family: zynq
* Target device:  xc7z020-clg400-1


================================================================
== Performance Estimates
================================================================
+ Timing: 
    * Summary: 
    +--------+----------+-----------+------------+
    |  Clock |  Target  | Estimated | Uncertainty|
    +--------+----------+-----------+------------+
    |ap_clk  | 10.00 ns | 11.594 ns |   2.70 ns  |
    +--------+----------+-----------+------------+

+ Latency: 
    * Summary: 
    +---------+---------+-----------+----------+-----+-----+---------+
    |  Latency (cycles) |  Latency (absolute)  |  Interval | Pipeline|
    |   min   |   max   |    min    |    max   | min | max |   Type  |
    +---------+---------+-----------+----------+-----+-----+---------+
    |        3|      121| 34.781 ns | 1.403 us |    3|  121|   none  |
    +---------+---------+-----------+----------+-----+-----+---------+

    + Detail: 
        * Instance: 
        +--------------------------------+----------------------+---------+---------+----------+----------+-----+-----+----------+
        |                                |                      |  Latency (cycles) |  Latency (absolute) |  Interval | Pipeline |
        |            Instance            |        Module        |   min   |   max   |    min   |    max   | min | max |   Type   |
        +--------------------------------+----------------------+---------+---------+----------+----------+-----+-----+----------+
        |grp_exp_generic_double_s_fu_87  |exp_generic_double_s  |       28|       28| 0.325 us | 0.325 us |    1|    1| function |
        +--------------------------------+----------------------+---------+---------+----------+----------+-----+-----+----------+

        * Loop: 
        N/A



================================================================
== Utilization Estimates
================================================================
* Summary: 
+-----------------+---------+-----+--------+-------+-----+
|       Name      | BRAM_18K| DSP |   FF   |  LUT  | URAM|
+-----------------+---------+-----+--------+-------+-----+
|DSP              |        -|    -|       -|      -|    -|
|Expression       |        -|    -|       0|    476|    -|
|FIFO             |        -|    -|       -|      -|    -|
|Instance         |        5|   43|    4640|   5274|    -|
|Memory           |        -|    -|       -|      -|    -|
|Multiplexer      |        -|    -|       -|   1564|    -|
|Register         |        -|    -|    1036|      -|    -|
+-----------------+---------+-----+--------+-------+-----+
|Total            |        5|   43|    5676|   7314|    0|
+-----------------+---------+-----+--------+-------+-----+
|Available        |      280|  220|  106400|  53200|    0|
+-----------------+---------+-----+--------+-------+-----+
|Utilization (%)  |        1|   19|       5|     13|    0|
+-----------------+---------+-----+--------+-------+-----+

+ Detail: 
    * Instance: 
    +----------------------------------------+------------------------------------+---------+----+------+------+-----+
    |                Instance                |               Module               | BRAM_18K| DSP|  FF  |  LUT | URAM|
    +----------------------------------------+------------------------------------+---------+----+------+------+-----+
    |dadddsub_64ns_64ns_64_7_full_dsp_1_U15  |dadddsub_64ns_64ns_64_7_full_dsp_1  |        0|   3|   630|  1141|    0|
    |dcmp_64ns_64ns_1_2_no_dsp_1_U18         |dcmp_64ns_64ns_1_2_no_dsp_1         |        0|   0|     0|     0|    0|
    |ddiv_64ns_64ns_64_59_no_dsp_1_U17       |ddiv_64ns_64ns_64_59_no_dsp_1       |        0|   0|     0|     0|    0|
    |dmul_64ns_64ns_64_7_max_dsp_1_U16       |dmul_64ns_64ns_64_7_max_dsp_1       |        0|  11|   342|   586|    0|
    |grp_exp_generic_double_s_fu_87          |exp_generic_double_s                |        5|  29|  3668|  3547|    0|
    +----------------------------------------+------------------------------------+---------+----+------+------+-----+
    |Total                                   |                                    |        5|  43|  4640|  5274|    0|
    +----------------------------------------+------------------------------------+---------+----+------+------+-----+

    * DSP: 
    N/A

    * Memory: 
    N/A

    * FIFO: 
    N/A

    * Expression: 
    +------------------------+----------+----+---+----+------------+------------+
    |      Variable Name     | Operation| DSP| FF| LUT| Bitwidth P0| Bitwidth P1|
    +------------------------+----------+----+---+----+------------+------------+
    |and_ln75_fu_208_p2      |    and   |   0|  0|   2|           1|           1|
    |grp_fu_121_p2           |   icmp   |   0|  0|  13|          11|           1|
    |icmp_ln828_4_fu_196_p2  |   icmp   |   0|  0|  13|          11|          10|
    |icmp_ln828_5_fu_202_p2  |   icmp   |   0|  0|  29|          52|           1|
    |icmp_ln828_fu_184_p2    |   icmp   |   0|  0|  13|          11|           2|
    |icmp_ln832_fu_214_p2    |   icmp   |   0|  0|  29|          52|           1|
    |icmp_ln836_fu_279_p2    |   icmp   |   0|  0|  13|          11|          10|
    |icmp_ln844_2_fu_220_p2  |   icmp   |   0|  0|  13|          11|          10|
    |icmp_ln844_fu_190_p2    |   icmp   |   0|  0|  13|          11|          10|
    |icmp_ln848_fu_267_p2    |   icmp   |   0|  0|  13|          11|          10|
    |select_ln108_fu_305_p3  |  select  |   0|  0|  64|           1|          64|
    |select_ln67_fu_327_p3   |  select  |   0|  0|  63|           1|          63|
    |x_6_fu_237_p3           |  select  |   0|  0|  64|           1|          64|
    |xor_ln10_fu_273_p2      |    xor   |   0|  0|   2|           1|           1|
    |xor_ln112_fu_295_p2     |    xor   |   0|  0|  65|          64|          65|
    |xor_ln95_fu_316_p2      |    xor   |   0|  0|  65|          64|          65|
    |xor_ln9_fu_285_p2       |    xor   |   0|  0|   2|           1|           1|
    +------------------------+----------+----+---+----+------------+------------+
    |Total                   |          |   0|  0| 476|         315|         379|
    +------------------------+----------+----+---+----+------------+------------+

    * Multiplexer: 
    +------------------------------------+------+-----------+-----+-----------+
    |                Name                |  LUT | Input Size| Bits| Total Bits|
    +------------------------------------+------+-----------+-----+-----------+
    |ap_NS_fsm                           |  1409|        316|    1|        316|
    |ap_phi_mux_resultf_4_phi_fu_74_p10  |     9|          2|   64|        128|
    |ap_return                           |     9|          2|   64|        128|
    |expx_reg_58                         |     9|          2|   64|        128|
    |grp_fu_111_p0                       |    15|          3|   64|        192|
    |grp_fu_98_opcode                    |    15|          3|    2|          6|
    |grp_fu_98_p0                        |    38|          7|   64|        448|
    |grp_fu_98_p1                        |    33|          6|   64|        384|
    |resultf_4_reg_70                    |    27|          5|   64|        320|
    +------------------------------------+------+-----------+-----+-----------+
    |Total                               |  1564|        346|  451|       2050|
    +------------------------------------+------+-----------+-----+-----------+

    * Register: 
    +---------------------------------------------+-----+----+-----+-----------+
    |                     Name                    |  FF | LUT| Bits| Const Bits|
    +---------------------------------------------+-----+----+-----+-----------+
    |abst_in_reg_349                              |   63|   0|   64|          1|
    |and_ln75_reg_365                             |    1|   0|    1|          0|
    |ap_CS_fsm                                    |  315|   0|  315|          0|
    |ap_return_preg                               |   64|   0|   64|          0|
    |expx_reg_58                                  |   64|   0|   64|          0|
    |grp_exp_generic_double_s_fu_87_ap_start_reg  |    1|   0|    1|          0|
    |icmp_ln828_reg_357                           |    1|   0|    1|          0|
    |icmp_ln832_reg_369                           |    1|   0|    1|          0|
    |icmp_ln844_2_reg_378                         |    1|   0|    1|          0|
    |icmp_ln844_reg_361                           |    1|   0|    1|          0|
    |p_Repl2_s_reg_339                            |   11|   0|   11|          0|
    |p_Result_47_reg_344                          |   63|   0|   63|          0|
    |p_Result_s_reg_334                           |    1|   0|    1|          0|
    |reg_126                                      |   64|   0|   64|          0|
    |reg_132                                      |   64|   0|   64|          0|
    |reg_138                                      |   64|   0|   64|          0|
    |resultf_4_reg_70                             |   64|   0|   64|          0|
    |resultf_reg_414                              |   64|   0|   64|          0|
    |tmp_6_reg_374                                |    1|   0|    1|          0|
    |tmp_reg_404                                  |   64|   0|   64|          0|
    |x_6_reg_388                                  |   64|   0|   64|          0|
    +---------------------------------------------+-----+----+-----+-----------+
    |Total                                        | 1036|   0| 1037|          1|
    +---------------------------------------------+-----+----+-----+-----------+



================================================================
== Interface
================================================================
* Summary: 
+-----------+-----+-----+------------+----------------------+--------------+
| RTL Ports | Dir | Bits|  Protocol  |     Source Object    |    C Type    |
+-----------+-----+-----+------------+----------------------+--------------+
|ap_clk     |  in |    1| ap_ctrl_hs | generic_tanh<double> | return value |
|ap_rst     |  in |    1| ap_ctrl_hs | generic_tanh<double> | return value |
|ap_start   |  in |    1| ap_ctrl_hs | generic_tanh<double> | return value |
|ap_done    | out |    1| ap_ctrl_hs | generic_tanh<double> | return value |
|ap_idle    | out |    1| ap_ctrl_hs | generic_tanh<double> | return value |
|ap_ready   | out |    1| ap_ctrl_hs | generic_tanh<double> | return value |
|ap_return  | out |   64| ap_ctrl_hs | generic_tanh<double> | return value |
|t_in       |  in |   64|   ap_none  |         t_in         |    scalar    |
+-----------+-----+-----+------------+----------------------+--------------+

