

================================================================
== Vitis HLS Report for 'generic_tanh_float_s'
================================================================
* Date:           Wed Jan  1 00:01:11 2020

* Version:        2020.1 (Build 2902540 on Wed May 27 20:16:15 MDT 2020)
* Project:        MorrisLecar
* Solution:       MorrisLecar (Vivado IP Flow Target)
* Product family: zynq
* Target device:  xc7z020-clg400-1


================================================================
== Performance Estimates
================================================================
+ Timing: 
    * Summary: 
    +--------+----------+-----------+------------+
    |  Clock |  Target  | Estimated | Uncertainty|
    +--------+----------+-----------+------------+
    |ap_clk  | 10.00 ns | 10.500 ns |   2.70 ns  |
    +--------+----------+-----------+------------+

+ Latency: 
    * Summary: 
    +---------+---------+-----------+----------+-----+-----+---------+
    |  Latency (cycles) |  Latency (absolute)  |  Interval | Pipeline|
    |   min   |   max   |    min    |    max   | min | max |   Type  |
    +---------+---------+-----------+----------+-----+-----+---------+
    |        3|       74| 31.501 ns | 0.777 us |    3|   74|   none  |
    +---------+---------+-----------+----------+-----+-----+---------+

    + Detail: 
        * Instance: 
        +--------------------------------+----------------------+---------+---------+----------+----------+-----+-----+----------+
        |                                |                      |  Latency (cycles) |  Latency (absolute) |  Interval | Pipeline |
        |            Instance            |        Module        |   min   |   max   |    min   |    max   | min | max |   Type   |
        +--------------------------------+----------------------+---------+---------+----------+----------+-----+-----+----------+
        |grp_exp_generic_double_s_fu_89  |exp_generic_double_s  |       28|       28| 0.294 us | 0.294 us |    1|    1| function |
        +--------------------------------+----------------------+---------+---------+----------+----------+-----+-----+----------+

        * Loop: 
        N/A



================================================================
== Utilization Estimates
================================================================
* Summary: 
+-----------------+---------+-----+--------+-------+-----+
|       Name      | BRAM_18K| DSP |   FF   |  LUT  | URAM|
+-----------------+---------+-----+--------+-------+-----+
|DSP              |        -|    -|       -|      -|    -|
|Expression       |        -|    -|       0|    265|    -|
|FIFO             |        -|    -|       -|      -|    -|
|Instance         |        5|   37|    4646|   5399|    -|
|Memory           |        -|    -|       -|      -|    -|
|Multiplexer      |        -|    -|       -|    915|    -|
|Register         |        -|    -|     636|      -|    -|
+-----------------+---------+-----+--------+-------+-----+
|Total            |        5|   37|    5282|   6579|    0|
+-----------------+---------+-----+--------+-------+-----+
|Available        |      280|  220|  106400|  53200|    0|
+-----------------+---------+-----+--------+-------+-----+
|Utilization (%)  |        1|   16|       4|     12|    0|
+-----------------+---------+-----+--------+-------+-----+

+ Detail: 
    * Instance: 
    +----------------------------------------+------------------------------------+---------+----+------+------+-----+
    |                Instance                |               Module               | BRAM_18K| DSP|  FF  |  LUT | URAM|
    +----------------------------------------+------------------------------------+---------+----+------+------+-----+
    |dadd_64ns_64ns_64_7_full_dsp_1_U30      |dadd_64ns_64ns_64_7_full_dsp_1      |        0|   3|   630|  1141|    0|
    |grp_exp_generic_double_s_fu_89          |exp_generic_double_s                |        5|  29|  3668|  3547|    0|
    |faddfsub_32ns_32ns_32_5_full_dsp_1_U24  |faddfsub_32ns_32ns_32_5_full_dsp_1  |        0|   2|   205|   390|    0|
    |fcmp_32ns_32ns_1_2_no_dsp_1_U29         |fcmp_32ns_32ns_1_2_no_dsp_1         |        0|   0|     0|     0|    0|
    |fdiv_32ns_32ns_32_16_no_dsp_1_U26       |fdiv_32ns_32ns_32_16_no_dsp_1       |        0|   0|     0|     0|    0|
    |fmul_32ns_32ns_32_4_max_dsp_1_U25       |fmul_32ns_32ns_32_4_max_dsp_1       |        0|   3|   143|   321|    0|
    |fpext_32ns_64_2_no_dsp_1_U28            |fpext_32ns_64_2_no_dsp_1            |        0|   0|     0|     0|    0|
    |fptrunc_64ns_32_2_no_dsp_1_U27          |fptrunc_64ns_32_2_no_dsp_1          |        0|   0|     0|     0|    0|
    +----------------------------------------+------------------------------------+---------+----+------+------+-----+
    |Total                                   |                                    |        5|  37|  4646|  5399|    0|
    +----------------------------------------+------------------------------------+---------+----+------+------+-----+

    * DSP: 
    N/A

    * Memory: 
    N/A

    * FIFO: 
    N/A

    * Expression: 
    +------------------------+----------+----+---+----+------------+------------+
    |      Variable Name     | Operation| DSP| FF| LUT| Bitwidth P0| Bitwidth P1|
    +------------------------+----------+----+---+----+------------+------------+
    |and_ln75_fu_210_p2      |    and   |   0|  0|   2|           1|           1|
    |icmp_ln828_1_fu_198_p2  |   icmp   |   0|  0|  11|           8|           7|
    |icmp_ln828_2_fu_204_p2  |   icmp   |   0|  0|  18|          23|           1|
    |icmp_ln828_3_fu_261_p2  |   icmp   |   0|  0|  11|           8|           1|
    |icmp_ln828_fu_186_p2    |   icmp   |   0|  0|  11|           8|           2|
    |icmp_ln832_fu_216_p2    |   icmp   |   0|  0|  18|          23|           1|
    |icmp_ln836_fu_267_p2    |   icmp   |   0|  0|  11|           8|           7|
    |icmp_ln844_1_fu_222_p2  |   icmp   |   0|  0|  11|           8|           7|
    |icmp_ln844_fu_192_p2    |   icmp   |   0|  0|  11|           8|           7|
    |select_ln108_fu_287_p3  |  select  |   0|  0|  32|           1|          32|
    |select_ln67_fu_309_p3   |  select  |   0|  0|  31|           1|          31|
    |x_3_fu_239_p3           |  select  |   0|  0|  32|           1|          32|
    |xor_ln112_fu_277_p2     |    xor   |   0|  0|  33|          32|          33|
    |xor_ln95_fu_298_p2      |    xor   |   0|  0|  33|          32|          33|
    +------------------------+----------+----+---+----+------------+------------+
    |Total                   |          |   0|  0| 265|         162|         195|
    +------------------------+----------+----+---+----+------------+------------+

    * Multiplexer: 
    +------------------------------------+-----+-----------+-----+-----------+
    |                Name                | LUT | Input Size| Bits| Total Bits|
    +------------------------------------+-----+-----------+-----+-----------+
    |ap_NS_fsm                           |  765|        175|    1|        175|
    |ap_phi_mux_resultf_3_phi_fu_76_p10  |    9|          2|   32|         64|
    |ap_return                           |    9|          2|   32|         64|
    |expx_reg_58                         |   15|          3|   32|         96|
    |grp_fu_100_opcode                   |   15|          3|    2|          6|
    |grp_fu_100_p0                       |   33|          6|   32|        192|
    |grp_fu_100_p1                       |   27|          5|   32|        160|
    |grp_fu_112_p0                       |   15|          3|   32|         96|
    |resultf_3_reg_72                    |   27|          5|   32|        160|
    +------------------------------------+-----+-----------+-----+-----------+
    |Total                               |  915|        204|  227|       1013|
    +------------------------------------+-----+-----------+-----+-----------+

    * Register: 
    +---------------------------------------------+-----+----+-----+-----------+
    |                     Name                    |  FF | LUT| Bits| Const Bits|
    +---------------------------------------------+-----+----+-----+-----------+
    |abst_in_reg_331                              |   31|   0|   32|          1|
    |and_ln75_reg_347                             |    1|   0|    1|          0|
    |ap_CS_fsm                                    |  174|   0|  174|          0|
    |ap_return_preg                               |   32|   0|   32|          0|
    |expx_reg_58                                  |   32|   0|   32|          0|
    |grp_exp_generic_double_s_fu_89_ap_start_reg  |    1|   0|    1|          0|
    |icmp_ln828_reg_339                           |    1|   0|    1|          0|
    |icmp_ln832_reg_351                           |    1|   0|    1|          0|
    |icmp_ln844_1_reg_360                         |    1|   0|    1|          0|
    |icmp_ln844_reg_343                           |    1|   0|    1|          0|
    |p_Repl2_s_reg_321                            |    8|   0|    8|          0|
    |p_Result_41_reg_326                          |   31|   0|   31|          0|
    |p_Result_s_reg_316                           |    1|   0|    1|          0|
    |reg_133                                      |   32|   0|   32|          0|
    |reg_140                                      |   32|   0|   32|          0|
    |resultf_3_reg_72                             |   32|   0|   32|          0|
    |resultf_reg_407                              |   32|   0|   32|          0|
    |sub_i_reg_392                                |   64|   0|   64|          0|
    |tmp_3_reg_356                                |    1|   0|    1|          0|
    |tmp_reg_387                                  |   64|   0|   64|          0|
    |xd_reg_382                                   |   64|   0|   64|          0|
    +---------------------------------------------+-----+----+-----+-----------+
    |Total                                        |  636|   0|  637|          1|
    +---------------------------------------------+-----+----+-----+-----------+



================================================================
== Interface
================================================================
* Summary: 
+-----------+-----+-----+------------+---------------------+--------------+
| RTL Ports | Dir | Bits|  Protocol  |    Source Object    |    C Type    |
+-----------+-----+-----+------------+---------------------+--------------+
|ap_clk     |  in |    1| ap_ctrl_hs | generic_tanh<float> | return value |
|ap_rst     |  in |    1| ap_ctrl_hs | generic_tanh<float> | return value |
|ap_start   |  in |    1| ap_ctrl_hs | generic_tanh<float> | return value |
|ap_done    | out |    1| ap_ctrl_hs | generic_tanh<float> | return value |
|ap_idle    | out |    1| ap_ctrl_hs | generic_tanh<float> | return value |
|ap_ready   | out |    1| ap_ctrl_hs | generic_tanh<float> | return value |
|ap_return  | out |   32| ap_ctrl_hs | generic_tanh<float> | return value |
|t_in       |  in |   32|   ap_none  |         t_in        |    scalar    |
+-----------+-----+-----+------------+---------------------+--------------+

